--------------------------------------------------------------------------------
Release 14.7 Trace  (nt64)
Copyright (c) 1995-2013 Xilinx, Inc.  All rights reserved.

C:\Xilinx\14.7\ISE_DS\ISE\bin\nt64\unwrapped\trce.exe -intstyle ise -v 3 -s 3
-n 3 -fastpaths -xml main.twx main.ncd -o main.twr main.pcf -ucf main.ucf

Design file:              main.ncd
Physical constraint file: main.pcf
Device,package,speed:     xc6slx9,tqg144,C,-3 (PRODUCTION 1.23 2013-10-13)
Report level:             verbose report

Environment Variable      Effect 
--------------------      ------ 
NONE                      No environment variables were set
--------------------------------------------------------------------------------

INFO:Timing:2698 - No timing constraints found, doing default enumeration.
INFO:Timing:3412 - To improve timing, see the Timing Closure User Guide (UG612).
INFO:Timing:2752 - To get complete path coverage, use the unconstrained paths 
   option. All paths that are not constrained will be reported in the 
   unconstrained paths section(s) of the report.
INFO:Timing:3339 - The clock-to-out numbers in this timing report are based on 
   a 50 Ohm transmission line loading model.  For the details of this model, 
   and for more information on accounting for different loading conditions, 
   please see the device datasheet.



Data Sheet report:
-----------------
All values displayed in nanoseconds (ns)

Clock Mode_Bin<0> to Pad
------------+-----------------+------------+-----------------+------------+-------------------------------+--------+
            |Max (slowest) clk|  Process   |Min (fastest) clk|  Process   |                               | Clock  |
Destination |  (edge) to PAD  |   Corner   |  (edge) to PAD  |   Corner   |Internal Clock(s)              | Phase  |
------------+-----------------+------------+-----------------+------------+-------------------------------+--------+
Buzzer      |        13.675(R)|      SLOW  |         7.229(R)|      FAST  |XLXI_11/XLXI_35/XLXI_65/XLXN_14|   0.000|
            |        13.532(R)|      SLOW  |         7.320(R)|      FAST  |XLXI_11/XLXI_35/XLXI_65/XLXN_15|   0.000|
Segment<0>  |        17.479(R)|      SLOW  |         9.358(R)|      FAST  |XLXI_11/XLXI_35/XLXI_65/XLXN_13|   0.000|
            |        18.119(R)|      SLOW  |        10.637(R)|      FAST  |XLXI_11/XLXI_35/XLXI_65/XLXN_14|   0.000|
            |        18.011(R)|      SLOW  |        10.534(R)|      FAST  |XLXI_11/XLXI_35/XLXI_65/XLXN_15|   0.000|
            |        22.205(R)|      SLOW  |        10.617(R)|      FAST  |XLXI_13/XLXN_13                |   0.000|
            |        21.684(R)|      SLOW  |        10.096(R)|      FAST  |XLXI_13/XLXN_14                |   0.000|
            |        21.971(R)|      SLOW  |        10.409(R)|      FAST  |XLXI_13/XLXN_24                |   0.000|
            |        20.259(R)|      SLOW  |        11.646(R)|      FAST  |XLXI_5/XLXI_1/XLXN_1060        |   0.000|
Segment<1>  |        16.751(R)|      SLOW  |         8.956(R)|      FAST  |XLXI_11/XLXI_35/XLXI_65/XLXN_13|   0.000|
            |        18.270(R)|      SLOW  |        10.280(R)|      FAST  |XLXI_11/XLXI_35/XLXI_65/XLXN_14|   0.000|
            |        18.080(R)|      SLOW  |        10.130(R)|      FAST  |XLXI_11/XLXI_35/XLXI_65/XLXN_15|   0.000|
            |        23.234(R)|      SLOW  |        10.936(R)|      FAST  |XLXI_13/XLXN_13                |   0.000|
            |        22.713(R)|      SLOW  |        10.429(R)|      FAST  |XLXI_13/XLXN_14                |   0.000|
            |        22.745(R)|      SLOW  |        10.742(R)|      FAST  |XLXI_13/XLXN_24                |   0.000|
            |        18.130(R)|      SLOW  |         9.764(R)|      FAST  |XLXI_5/XLXI_1/XLXN_1060        |   0.000|
Segment<2>  |        16.551(R)|      SLOW  |         9.263(R)|      FAST  |XLXI_11/XLXI_35/XLXI_65/XLXN_13|   0.000|
            |        18.070(R)|      SLOW  |        10.185(R)|      FAST  |XLXI_11/XLXI_35/XLXI_65/XLXN_14|   0.000|
            |        17.880(R)|      SLOW  |        10.214(R)|      FAST  |XLXI_11/XLXI_35/XLXI_65/XLXN_15|   0.000|
            |        22.399(R)|      SLOW  |        10.503(R)|      FAST  |XLXI_13/XLXN_13                |   0.000|
            |        21.878(R)|      SLOW  |         9.871(R)|      FAST  |XLXI_13/XLXN_14                |   0.000|
            |        22.165(R)|      SLOW  |        10.184(R)|      FAST  |XLXI_13/XLXN_24                |   0.000|
            |        17.949(R)|      SLOW  |        10.077(R)|      FAST  |XLXI_5/XLXI_1/XLXN_1060        |   0.000|
Segment<3>  |        16.429(R)|      SLOW  |         8.380(R)|      FAST  |XLXI_11/XLXI_35/XLXI_65/XLXN_13|   0.000|
            |        17.140(R)|      SLOW  |         9.707(R)|      FAST  |XLXI_11/XLXI_35/XLXI_65/XLXN_14|   0.000|
            |        17.005(R)|      SLOW  |         9.554(R)|      FAST  |XLXI_11/XLXI_35/XLXI_65/XLXN_15|   0.000|
            |        22.720(R)|      SLOW  |        10.718(R)|      FAST  |XLXI_13/XLXN_13                |   0.000|
            |        22.199(R)|      SLOW  |        10.086(R)|      FAST  |XLXI_13/XLXN_14                |   0.000|
            |        22.486(R)|      SLOW  |        10.399(R)|      FAST  |XLXI_13/XLXN_24                |   0.000|
            |        17.505(R)|      SLOW  |         9.273(R)|      FAST  |XLXI_5/XLXI_1/XLXN_1060        |   0.000|
Segment<4>  |        15.599(R)|      SLOW  |         8.324(R)|      FAST  |XLXI_11/XLXI_35/XLXI_65/XLXN_13|   0.000|
            |        16.872(R)|      SLOW  |         9.537(R)|      FAST  |XLXI_11/XLXI_35/XLXI_65/XLXN_14|   0.000|
            |        16.682(R)|      SLOW  |         9.498(R)|      FAST  |XLXI_11/XLXI_35/XLXI_65/XLXN_15|   0.000|
            |        22.699(R)|      SLOW  |        10.777(R)|      FAST  |XLXI_13/XLXN_13                |   0.000|
            |        22.178(R)|      SLOW  |        10.145(R)|      FAST  |XLXI_13/XLXN_14                |   0.000|
            |        22.210(R)|      SLOW  |        10.458(R)|      FAST  |XLXI_13/XLXN_24                |   0.000|
            |        17.751(R)|      SLOW  |         9.950(R)|      FAST  |XLXI_5/XLXI_1/XLXN_1060        |   0.000|
Segment<5>  |        16.052(R)|      SLOW  |         8.215(R)|      FAST  |XLXI_11/XLXI_35/XLXI_65/XLXN_13|   0.000|
            |        16.599(R)|      SLOW  |         9.521(R)|      FAST  |XLXI_11/XLXI_35/XLXI_65/XLXN_14|   0.000|
            |        16.584(R)|      SLOW  |         9.389(R)|      FAST  |XLXI_11/XLXI_35/XLXI_65/XLXN_15|   0.000|
            |        21.380(R)|      SLOW  |        10.024(R)|      FAST  |XLXI_13/XLXN_13                |   0.000|
            |        20.859(R)|      SLOW  |         9.598(R)|      FAST  |XLXI_13/XLXN_14                |   0.000|
            |        21.146(R)|      SLOW  |         9.913(R)|      FAST  |XLXI_13/XLXN_24                |   0.000|
            |        17.286(R)|      SLOW  |         9.535(R)|      FAST  |XLXI_5/XLXI_1/XLXN_1060        |   0.000|
Segment<6>  |        15.706(R)|      SLOW  |         8.120(R)|      FAST  |XLXI_11/XLXI_35/XLXI_65/XLXN_13|   0.000|
            |        16.352(R)|      SLOW  |         9.414(R)|      FAST  |XLXI_11/XLXI_35/XLXI_65/XLXN_14|   0.000|
            |        16.303(R)|      SLOW  |         9.294(R)|      FAST  |XLXI_11/XLXI_35/XLXI_65/XLXN_15|   0.000|
            |        21.344(R)|      SLOW  |         9.956(R)|      FAST  |XLXI_13/XLXN_13                |   0.000|
            |        20.823(R)|      SLOW  |         9.527(R)|      FAST  |XLXI_13/XLXN_14                |   0.000|
            |        21.110(R)|      SLOW  |         9.840(R)|      FAST  |XLXI_13/XLXN_24                |   0.000|
            |        17.251(R)|      SLOW  |         9.491(R)|      FAST  |XLXI_5/XLXI_1/XLXN_1060        |   0.000|
------------+-----------------+------------+-----------------+------------+-------------------------------+--------+

Clock Mode_Bin<1> to Pad
------------+-----------------+------------+-----------------+------------+-------------------------------+--------+
            |Max (slowest) clk|  Process   |Min (fastest) clk|  Process   |                               | Clock  |
Destination |  (edge) to PAD  |   Corner   |  (edge) to PAD  |   Corner   |Internal Clock(s)              | Phase  |
------------+-----------------+------------+-----------------+------------+-------------------------------+--------+
Buzzer      |        13.531(R)|      SLOW  |         7.122(R)|      FAST  |XLXI_11/XLXI_35/XLXI_65/XLXN_14|   0.000|
            |        13.388(R)|      SLOW  |         7.213(R)|      FAST  |XLXI_11/XLXI_35/XLXI_65/XLXN_15|   0.000|
Segment<0>  |        17.335(R)|      SLOW  |         9.251(R)|      FAST  |XLXI_11/XLXI_35/XLXI_65/XLXN_13|   0.000|
            |        17.975(R)|      SLOW  |        10.530(R)|      FAST  |XLXI_11/XLXI_35/XLXI_65/XLXN_14|   0.000|
            |        17.867(R)|      SLOW  |        10.427(R)|      FAST  |XLXI_11/XLXI_35/XLXI_65/XLXN_15|   0.000|
            |        22.073(R)|      SLOW  |        10.464(R)|      FAST  |XLXI_13/XLXN_13                |   0.000|
            |        21.552(R)|      SLOW  |         9.943(R)|      FAST  |XLXI_13/XLXN_14                |   0.000|
            |        21.839(R)|      SLOW  |        10.256(R)|      FAST  |XLXI_13/XLXN_24                |   0.000|
            |        19.755(R)|      SLOW  |        11.257(R)|      FAST  |XLXI_5/XLXI_1/XLXN_1060        |   0.000|
Segment<1>  |        16.607(R)|      SLOW  |         8.849(R)|      FAST  |XLXI_11/XLXI_35/XLXI_65/XLXN_13|   0.000|
            |        18.126(R)|      SLOW  |        10.173(R)|      FAST  |XLXI_11/XLXI_35/XLXI_65/XLXN_14|   0.000|
            |        17.936(R)|      SLOW  |        10.023(R)|      FAST  |XLXI_11/XLXI_35/XLXI_65/XLXN_15|   0.000|
            |        23.102(R)|      SLOW  |        10.783(R)|      FAST  |XLXI_13/XLXN_13                |   0.000|
            |        22.581(R)|      SLOW  |        10.276(R)|      FAST  |XLXI_13/XLXN_14                |   0.000|
            |        22.613(R)|      SLOW  |        10.589(R)|      FAST  |XLXI_13/XLXN_24                |   0.000|
            |        17.626(R)|      SLOW  |         9.375(R)|      FAST  |XLXI_5/XLXI_1/XLXN_1060        |   0.000|
Segment<2>  |        16.407(R)|      SLOW  |         9.156(R)|      FAST  |XLXI_11/XLXI_35/XLXI_65/XLXN_13|   0.000|
            |        17.926(R)|      SLOW  |        10.078(R)|      FAST  |XLXI_11/XLXI_35/XLXI_65/XLXN_14|   0.000|
            |        17.736(R)|      SLOW  |        10.107(R)|      FAST  |XLXI_11/XLXI_35/XLXI_65/XLXN_15|   0.000|
            |        22.267(R)|      SLOW  |        10.350(R)|      FAST  |XLXI_13/XLXN_13                |   0.000|
            |        21.746(R)|      SLOW  |         9.718(R)|      FAST  |XLXI_13/XLXN_14                |   0.000|
            |        22.033(R)|      SLOW  |        10.031(R)|      FAST  |XLXI_13/XLXN_24                |   0.000|
            |        17.445(R)|      SLOW  |         9.688(R)|      FAST  |XLXI_5/XLXI_1/XLXN_1060        |   0.000|
Segment<3>  |        16.285(R)|      SLOW  |         8.273(R)|      FAST  |XLXI_11/XLXI_35/XLXI_65/XLXN_13|   0.000|
            |        16.996(R)|      SLOW  |         9.600(R)|      FAST  |XLXI_11/XLXI_35/XLXI_65/XLXN_14|   0.000|
            |        16.861(R)|      SLOW  |         9.447(R)|      FAST  |XLXI_11/XLXI_35/XLXI_65/XLXN_15|   0.000|
            |        22.588(R)|      SLOW  |        10.565(R)|      FAST  |XLXI_13/XLXN_13                |   0.000|
            |        22.067(R)|      SLOW  |         9.933(R)|      FAST  |XLXI_13/XLXN_14                |   0.000|
            |        22.354(R)|      SLOW  |        10.246(R)|      FAST  |XLXI_13/XLXN_24                |   0.000|
            |        17.001(R)|      SLOW  |         8.884(R)|      FAST  |XLXI_5/XLXI_1/XLXN_1060        |   0.000|
Segment<4>  |        15.455(R)|      SLOW  |         8.217(R)|      FAST  |XLXI_11/XLXI_35/XLXI_65/XLXN_13|   0.000|
            |        16.728(R)|      SLOW  |         9.430(R)|      FAST  |XLXI_11/XLXI_35/XLXI_65/XLXN_14|   0.000|
            |        16.538(R)|      SLOW  |         9.391(R)|      FAST  |XLXI_11/XLXI_35/XLXI_65/XLXN_15|   0.000|
            |        22.567(R)|      SLOW  |        10.624(R)|      FAST  |XLXI_13/XLXN_13                |   0.000|
            |        22.046(R)|      SLOW  |         9.992(R)|      FAST  |XLXI_13/XLXN_14                |   0.000|
            |        22.078(R)|      SLOW  |        10.305(R)|      FAST  |XLXI_13/XLXN_24                |   0.000|
            |        17.247(R)|      SLOW  |         9.561(R)|      FAST  |XLXI_5/XLXI_1/XLXN_1060        |   0.000|
Segment<5>  |        15.908(R)|      SLOW  |         8.108(R)|      FAST  |XLXI_11/XLXI_35/XLXI_65/XLXN_13|   0.000|
            |        16.455(R)|      SLOW  |         9.414(R)|      FAST  |XLXI_11/XLXI_35/XLXI_65/XLXN_14|   0.000|
            |        16.440(R)|      SLOW  |         9.282(R)|      FAST  |XLXI_11/XLXI_35/XLXI_65/XLXN_15|   0.000|
            |        21.248(R)|      SLOW  |         9.871(R)|      FAST  |XLXI_13/XLXN_13                |   0.000|
            |        20.727(R)|      SLOW  |         9.445(R)|      FAST  |XLXI_13/XLXN_14                |   0.000|
            |        21.014(R)|      SLOW  |         9.760(R)|      FAST  |XLXI_13/XLXN_24                |   0.000|
            |        16.782(R)|      SLOW  |         9.146(R)|      FAST  |XLXI_5/XLXI_1/XLXN_1060        |   0.000|
Segment<6>  |        15.562(R)|      SLOW  |         8.013(R)|      FAST  |XLXI_11/XLXI_35/XLXI_65/XLXN_13|   0.000|
            |        16.208(R)|      SLOW  |         9.307(R)|      FAST  |XLXI_11/XLXI_35/XLXI_65/XLXN_14|   0.000|
            |        16.159(R)|      SLOW  |         9.187(R)|      FAST  |XLXI_11/XLXI_35/XLXI_65/XLXN_15|   0.000|
            |        21.212(R)|      SLOW  |         9.803(R)|      FAST  |XLXI_13/XLXN_13                |   0.000|
            |        20.691(R)|      SLOW  |         9.374(R)|      FAST  |XLXI_13/XLXN_14                |   0.000|
            |        20.978(R)|      SLOW  |         9.687(R)|      FAST  |XLXI_13/XLXN_24                |   0.000|
            |        16.747(R)|      SLOW  |         9.102(R)|      FAST  |XLXI_5/XLXI_1/XLXN_1060        |   0.000|
------------+-----------------+------------+-----------------+------------+-------------------------------+--------+

Clock Mode_Bin<2> to Pad
------------+-----------------+------------+-----------------+------------+-------------------------------+--------+
            |Max (slowest) clk|  Process   |Min (fastest) clk|  Process   |                               | Clock  |
Destination |  (edge) to PAD  |   Corner   |  (edge) to PAD  |   Corner   |Internal Clock(s)              | Phase  |
------------+-----------------+------------+-----------------+------------+-------------------------------+--------+
Buzzer      |        13.984(R)|      SLOW  |         7.450(R)|      FAST  |XLXI_11/XLXI_35/XLXI_65/XLXN_14|   0.000|
            |        13.841(R)|      SLOW  |         7.541(R)|      FAST  |XLXI_11/XLXI_35/XLXI_65/XLXN_15|   0.000|
Segment<0>  |        17.788(R)|      SLOW  |         9.579(R)|      FAST  |XLXI_11/XLXI_35/XLXI_65/XLXN_13|   0.000|
            |        18.428(R)|      SLOW  |        10.858(R)|      FAST  |XLXI_11/XLXI_35/XLXI_65/XLXN_14|   0.000|
            |        18.320(R)|      SLOW  |        10.755(R)|      FAST  |XLXI_11/XLXI_35/XLXI_65/XLXN_15|   0.000|
            |        22.430(R)|      SLOW  |        10.858(R)|      FAST  |XLXI_13/XLXN_13                |   0.000|
            |        21.909(R)|      SLOW  |        10.337(R)|      FAST  |XLXI_13/XLXN_14                |   0.000|
            |        22.196(R)|      SLOW  |        10.650(R)|      FAST  |XLXI_13/XLXN_24                |   0.000|
            |        20.171(R)|      SLOW  |        11.660(R)|      FAST  |XLXI_5/XLXI_1/XLXN_1060        |   0.000|
Segment<1>  |        17.060(R)|      SLOW  |         9.177(R)|      FAST  |XLXI_11/XLXI_35/XLXI_65/XLXN_13|   0.000|
            |        18.579(R)|      SLOW  |        10.501(R)|      FAST  |XLXI_11/XLXI_35/XLXI_65/XLXN_14|   0.000|
            |        18.389(R)|      SLOW  |        10.351(R)|      FAST  |XLXI_11/XLXI_35/XLXI_65/XLXN_15|   0.000|
            |        23.459(R)|      SLOW  |        11.177(R)|      FAST  |XLXI_13/XLXN_13                |   0.000|
            |        22.938(R)|      SLOW  |        10.670(R)|      FAST  |XLXI_13/XLXN_14                |   0.000|
            |        22.970(R)|      SLOW  |        10.983(R)|      FAST  |XLXI_13/XLXN_24                |   0.000|
            |        18.042(R)|      SLOW  |         9.778(R)|      FAST  |XLXI_5/XLXI_1/XLXN_1060        |   0.000|
Segment<2>  |        16.860(R)|      SLOW  |         9.484(R)|      FAST  |XLXI_11/XLXI_35/XLXI_65/XLXN_13|   0.000|
            |        18.379(R)|      SLOW  |        10.406(R)|      FAST  |XLXI_11/XLXI_35/XLXI_65/XLXN_14|   0.000|
            |        18.189(R)|      SLOW  |        10.435(R)|      FAST  |XLXI_11/XLXI_35/XLXI_65/XLXN_15|   0.000|
            |        22.624(R)|      SLOW  |        10.744(R)|      FAST  |XLXI_13/XLXN_13                |   0.000|
            |        22.103(R)|      SLOW  |        10.112(R)|      FAST  |XLXI_13/XLXN_14                |   0.000|
            |        22.390(R)|      SLOW  |        10.425(R)|      FAST  |XLXI_13/XLXN_24                |   0.000|
            |        17.861(R)|      SLOW  |        10.091(R)|      FAST  |XLXI_5/XLXI_1/XLXN_1060        |   0.000|
Segment<3>  |        16.738(R)|      SLOW  |         8.601(R)|      FAST  |XLXI_11/XLXI_35/XLXI_65/XLXN_13|   0.000|
            |        17.449(R)|      SLOW  |         9.928(R)|      FAST  |XLXI_11/XLXI_35/XLXI_65/XLXN_14|   0.000|
            |        17.314(R)|      SLOW  |         9.775(R)|      FAST  |XLXI_11/XLXI_35/XLXI_65/XLXN_15|   0.000|
            |        22.945(R)|      SLOW  |        10.959(R)|      FAST  |XLXI_13/XLXN_13                |   0.000|
            |        22.424(R)|      SLOW  |        10.327(R)|      FAST  |XLXI_13/XLXN_14                |   0.000|
            |        22.711(R)|      SLOW  |        10.640(R)|      FAST  |XLXI_13/XLXN_24                |   0.000|
            |        17.417(R)|      SLOW  |         9.287(R)|      FAST  |XLXI_5/XLXI_1/XLXN_1060        |   0.000|
Segment<4>  |        15.908(R)|      SLOW  |         8.545(R)|      FAST  |XLXI_11/XLXI_35/XLXI_65/XLXN_13|   0.000|
            |        17.181(R)|      SLOW  |         9.758(R)|      FAST  |XLXI_11/XLXI_35/XLXI_65/XLXN_14|   0.000|
            |        16.991(R)|      SLOW  |         9.719(R)|      FAST  |XLXI_11/XLXI_35/XLXI_65/XLXN_15|   0.000|
            |        22.924(R)|      SLOW  |        11.018(R)|      FAST  |XLXI_13/XLXN_13                |   0.000|
            |        22.403(R)|      SLOW  |        10.386(R)|      FAST  |XLXI_13/XLXN_14                |   0.000|
            |        22.435(R)|      SLOW  |        10.699(R)|      FAST  |XLXI_13/XLXN_24                |   0.000|
            |        17.663(R)|      SLOW  |         9.964(R)|      FAST  |XLXI_5/XLXI_1/XLXN_1060        |   0.000|
Segment<5>  |        16.361(R)|      SLOW  |         8.436(R)|      FAST  |XLXI_11/XLXI_35/XLXI_65/XLXN_13|   0.000|
            |        16.908(R)|      SLOW  |         9.742(R)|      FAST  |XLXI_11/XLXI_35/XLXI_65/XLXN_14|   0.000|
            |        16.893(R)|      SLOW  |         9.610(R)|      FAST  |XLXI_11/XLXI_35/XLXI_65/XLXN_15|   0.000|
            |        21.605(R)|      SLOW  |        10.265(R)|      FAST  |XLXI_13/XLXN_13                |   0.000|
            |        21.084(R)|      SLOW  |         9.839(R)|      FAST  |XLXI_13/XLXN_14                |   0.000|
            |        21.371(R)|      SLOW  |        10.154(R)|      FAST  |XLXI_13/XLXN_24                |   0.000|
            |        17.198(R)|      SLOW  |         9.549(R)|      FAST  |XLXI_5/XLXI_1/XLXN_1060        |   0.000|
Segment<6>  |        16.015(R)|      SLOW  |         8.341(R)|      FAST  |XLXI_11/XLXI_35/XLXI_65/XLXN_13|   0.000|
            |        16.661(R)|      SLOW  |         9.635(R)|      FAST  |XLXI_11/XLXI_35/XLXI_65/XLXN_14|   0.000|
            |        16.612(R)|      SLOW  |         9.515(R)|      FAST  |XLXI_11/XLXI_35/XLXI_65/XLXN_15|   0.000|
            |        21.569(R)|      SLOW  |        10.197(R)|      FAST  |XLXI_13/XLXN_13                |   0.000|
            |        21.048(R)|      SLOW  |         9.768(R)|      FAST  |XLXI_13/XLXN_14                |   0.000|
            |        21.335(R)|      SLOW  |        10.081(R)|      FAST  |XLXI_13/XLXN_24                |   0.000|
            |        17.163(R)|      SLOW  |         9.505(R)|      FAST  |XLXI_5/XLXI_1/XLXN_1060        |   0.000|
------------+-----------------+------------+-----------------+------------+-------------------------------+--------+

Clock Mode_Bin<3> to Pad
------------+-----------------+------------+-----------------+------------+-------------------------------+--------+
            |Max (slowest) clk|  Process   |Min (fastest) clk|  Process   |                               | Clock  |
Destination |  (edge) to PAD  |   Corner   |  (edge) to PAD  |   Corner   |Internal Clock(s)              | Phase  |
------------+-----------------+------------+-----------------+------------+-------------------------------+--------+
Buzzer      |        13.929(R)|      SLOW  |         7.433(R)|      FAST  |XLXI_11/XLXI_35/XLXI_65/XLXN_14|   0.000|
            |        13.786(R)|      SLOW  |         7.524(R)|      FAST  |XLXI_11/XLXI_35/XLXI_65/XLXN_15|   0.000|
Segment<0>  |        17.733(R)|      SLOW  |         9.562(R)|      FAST  |XLXI_11/XLXI_35/XLXI_65/XLXN_13|   0.000|
            |        18.373(R)|      SLOW  |        10.841(R)|      FAST  |XLXI_11/XLXI_35/XLXI_65/XLXN_14|   0.000|
            |        18.265(R)|      SLOW  |        10.738(R)|      FAST  |XLXI_11/XLXI_35/XLXI_65/XLXN_15|   0.000|
            |        22.948(R)|      SLOW  |        11.153(R)|      FAST  |XLXI_13/XLXN_13                |   0.000|
            |        22.427(R)|      SLOW  |        10.632(R)|      FAST  |XLXI_13/XLXN_14                |   0.000|
            |        22.714(R)|      SLOW  |        10.945(R)|      FAST  |XLXI_13/XLXN_24                |   0.000|
            |        20.664(R)|      SLOW  |        11.945(R)|      FAST  |XLXI_5/XLXI_1/XLXN_1060        |   0.000|
Segment<1>  |        17.005(R)|      SLOW  |         9.160(R)|      FAST  |XLXI_11/XLXI_35/XLXI_65/XLXN_13|   0.000|
            |        18.524(R)|      SLOW  |        10.484(R)|      FAST  |XLXI_11/XLXI_35/XLXI_65/XLXN_14|   0.000|
            |        18.334(R)|      SLOW  |        10.334(R)|      FAST  |XLXI_11/XLXI_35/XLXI_65/XLXN_15|   0.000|
            |        23.977(R)|      SLOW  |        11.472(R)|      FAST  |XLXI_13/XLXN_13                |   0.000|
            |        23.456(R)|      SLOW  |        10.965(R)|      FAST  |XLXI_13/XLXN_14                |   0.000|
            |        23.488(R)|      SLOW  |        11.278(R)|      FAST  |XLXI_13/XLXN_24                |   0.000|
            |        18.535(R)|      SLOW  |        10.063(R)|      FAST  |XLXI_5/XLXI_1/XLXN_1060        |   0.000|
Segment<2>  |        16.805(R)|      SLOW  |         9.467(R)|      FAST  |XLXI_11/XLXI_35/XLXI_65/XLXN_13|   0.000|
            |        18.324(R)|      SLOW  |        10.389(R)|      FAST  |XLXI_11/XLXI_35/XLXI_65/XLXN_14|   0.000|
            |        18.134(R)|      SLOW  |        10.418(R)|      FAST  |XLXI_11/XLXI_35/XLXI_65/XLXN_15|   0.000|
            |        23.142(R)|      SLOW  |        11.039(R)|      FAST  |XLXI_13/XLXN_13                |   0.000|
            |        22.621(R)|      SLOW  |        10.407(R)|      FAST  |XLXI_13/XLXN_14                |   0.000|
            |        22.908(R)|      SLOW  |        10.720(R)|      FAST  |XLXI_13/XLXN_24                |   0.000|
            |        18.354(R)|      SLOW  |        10.376(R)|      FAST  |XLXI_5/XLXI_1/XLXN_1060        |   0.000|
Segment<3>  |        16.683(R)|      SLOW  |         8.584(R)|      FAST  |XLXI_11/XLXI_35/XLXI_65/XLXN_13|   0.000|
            |        17.394(R)|      SLOW  |         9.911(R)|      FAST  |XLXI_11/XLXI_35/XLXI_65/XLXN_14|   0.000|
            |        17.259(R)|      SLOW  |         9.758(R)|      FAST  |XLXI_11/XLXI_35/XLXI_65/XLXN_15|   0.000|
            |        23.463(R)|      SLOW  |        11.254(R)|      FAST  |XLXI_13/XLXN_13                |   0.000|
            |        22.942(R)|      SLOW  |        10.622(R)|      FAST  |XLXI_13/XLXN_14                |   0.000|
            |        23.229(R)|      SLOW  |        10.935(R)|      FAST  |XLXI_13/XLXN_24                |   0.000|
            |        17.910(R)|      SLOW  |         9.572(R)|      FAST  |XLXI_5/XLXI_1/XLXN_1060        |   0.000|
Segment<4>  |        15.853(R)|      SLOW  |         8.528(R)|      FAST  |XLXI_11/XLXI_35/XLXI_65/XLXN_13|   0.000|
            |        17.126(R)|      SLOW  |         9.741(R)|      FAST  |XLXI_11/XLXI_35/XLXI_65/XLXN_14|   0.000|
            |        16.936(R)|      SLOW  |         9.702(R)|      FAST  |XLXI_11/XLXI_35/XLXI_65/XLXN_15|   0.000|
            |        23.442(R)|      SLOW  |        11.313(R)|      FAST  |XLXI_13/XLXN_13                |   0.000|
            |        22.921(R)|      SLOW  |        10.681(R)|      FAST  |XLXI_13/XLXN_14                |   0.000|
            |        22.953(R)|      SLOW  |        10.994(R)|      FAST  |XLXI_13/XLXN_24                |   0.000|
            |        18.156(R)|      SLOW  |        10.249(R)|      FAST  |XLXI_5/XLXI_1/XLXN_1060        |   0.000|
Segment<5>  |        16.306(R)|      SLOW  |         8.419(R)|      FAST  |XLXI_11/XLXI_35/XLXI_65/XLXN_13|   0.000|
            |        16.853(R)|      SLOW  |         9.725(R)|      FAST  |XLXI_11/XLXI_35/XLXI_65/XLXN_14|   0.000|
            |        16.838(R)|      SLOW  |         9.593(R)|      FAST  |XLXI_11/XLXI_35/XLXI_65/XLXN_15|   0.000|
            |        22.123(R)|      SLOW  |        10.560(R)|      FAST  |XLXI_13/XLXN_13                |   0.000|
            |        21.602(R)|      SLOW  |        10.134(R)|      FAST  |XLXI_13/XLXN_14                |   0.000|
            |        21.889(R)|      SLOW  |        10.449(R)|      FAST  |XLXI_13/XLXN_24                |   0.000|
            |        17.691(R)|      SLOW  |         9.834(R)|      FAST  |XLXI_5/XLXI_1/XLXN_1060        |   0.000|
Segment<6>  |        15.960(R)|      SLOW  |         8.324(R)|      FAST  |XLXI_11/XLXI_35/XLXI_65/XLXN_13|   0.000|
            |        16.606(R)|      SLOW  |         9.618(R)|      FAST  |XLXI_11/XLXI_35/XLXI_65/XLXN_14|   0.000|
            |        16.557(R)|      SLOW  |         9.498(R)|      FAST  |XLXI_11/XLXI_35/XLXI_65/XLXN_15|   0.000|
            |        22.087(R)|      SLOW  |        10.492(R)|      FAST  |XLXI_13/XLXN_13                |   0.000|
            |        21.566(R)|      SLOW  |        10.063(R)|      FAST  |XLXI_13/XLXN_14                |   0.000|
            |        21.853(R)|      SLOW  |        10.376(R)|      FAST  |XLXI_13/XLXN_24                |   0.000|
            |        17.656(R)|      SLOW  |         9.790(R)|      FAST  |XLXI_5/XLXI_1/XLXN_1060        |   0.000|
------------+-----------------+------------+-----------------+------------+-------------------------------+--------+

Clock OSC to Pad
------------+-----------------+------------+-----------------+------------+------------------+--------+
            |Max (slowest) clk|  Process   |Min (fastest) clk|  Process   |                  | Clock  |
Destination |  (edge) to PAD  |   Corner   |  (edge) to PAD  |   Corner   |Internal Clock(s) | Phase  |
------------+-----------------+------------+-----------------+------------+------------------+--------+
Segment<0>  |        18.523(R)|      SLOW  |        10.584(R)|      FAST  |XLXI_2/XLXN_118   |   0.000|
Segment<1>  |        17.707(R)|      SLOW  |         9.821(R)|      FAST  |XLXI_2/XLXN_118   |   0.000|
Segment<2>  |        17.661(R)|      SLOW  |         9.951(R)|      FAST  |XLXI_2/XLXN_118   |   0.000|
Segment<3>  |        17.930(R)|      SLOW  |        10.311(R)|      FAST  |XLXI_2/XLXN_118   |   0.000|
Segment<4>  |        17.281(R)|      SLOW  |         9.659(R)|      FAST  |XLXI_2/XLXN_118   |   0.000|
Segment<5>  |        17.040(R)|      SLOW  |         9.255(R)|      FAST  |XLXI_2/XLXN_118   |   0.000|
Segment<6>  |        16.066(R)|      SLOW  |         9.021(R)|      FAST  |XLXI_2/XLXN_118   |   0.000|
------------+-----------------+------------+-----------------+------------+------------------+--------+

Clock PB1 to Pad
------------+-----------------+------------+-----------------+------------+-----------------------+--------+
            |Max (slowest) clk|  Process   |Min (fastest) clk|  Process   |                       | Clock  |
Destination |  (edge) to PAD  |   Corner   |  (edge) to PAD  |   Corner   |Internal Clock(s)      | Phase  |
------------+-----------------+------------+-----------------+------------+-----------------------+--------+
Segment<0>  |        16.681(R)|      SLOW  |         9.935(R)|      FAST  |XLXI_5/XLXI_1/XLXN_1060|   0.000|
Segment<1>  |        14.552(R)|      SLOW  |         8.053(R)|      FAST  |XLXI_5/XLXI_1/XLXN_1060|   0.000|
Segment<2>  |        14.371(R)|      SLOW  |         8.366(R)|      FAST  |XLXI_5/XLXI_1/XLXN_1060|   0.000|
Segment<3>  |        13.927(R)|      SLOW  |         7.562(R)|      FAST  |XLXI_5/XLXI_1/XLXN_1060|   0.000|
Segment<4>  |        14.173(R)|      SLOW  |         8.239(R)|      FAST  |XLXI_5/XLXI_1/XLXN_1060|   0.000|
Segment<5>  |        13.708(R)|      SLOW  |         7.824(R)|      FAST  |XLXI_5/XLXI_1/XLXN_1060|   0.000|
Segment<6>  |        13.673(R)|      SLOW  |         7.780(R)|      FAST  |XLXI_5/XLXI_1/XLXN_1060|   0.000|
------------+-----------------+------------+-----------------+------------+-----------------------+--------+

Clock PB2 to Pad
------------+-----------------+------------+-----------------+------------+------------------+--------+
            |Max (slowest) clk|  Process   |Min (fastest) clk|  Process   |                  | Clock  |
Destination |  (edge) to PAD  |   Corner   |  (edge) to PAD  |   Corner   |Internal Clock(s) | Phase  |
------------+-----------------+------------+-----------------+------------+------------------+--------+
Segment<0>  |        19.350(R)|      SLOW  |         8.876(R)|      FAST  |XLXI_13/XLXN_24   |   0.000|
Segment<1>  |        20.124(R)|      SLOW  |         9.209(R)|      FAST  |XLXI_13/XLXN_24   |   0.000|
Segment<2>  |        19.544(R)|      SLOW  |         8.651(R)|      FAST  |XLXI_13/XLXN_24   |   0.000|
Segment<3>  |        19.865(R)|      SLOW  |         8.866(R)|      FAST  |XLXI_13/XLXN_24   |   0.000|
Segment<4>  |        19.589(R)|      SLOW  |         8.925(R)|      FAST  |XLXI_13/XLXN_24   |   0.000|
Segment<5>  |        18.525(R)|      SLOW  |         8.380(R)|      FAST  |XLXI_13/XLXN_24   |   0.000|
Segment<6>  |        18.489(R)|      SLOW  |         8.307(R)|      FAST  |XLXI_13/XLXN_24   |   0.000|
------------+-----------------+------------+-----------------+------------+------------------+--------+

Clock PB3 to Pad
------------+-----------------+------------+-----------------+------------+-------------------------------+--------+
            |Max (slowest) clk|  Process   |Min (fastest) clk|  Process   |                               | Clock  |
Destination |  (edge) to PAD  |   Corner   |  (edge) to PAD  |   Corner   |Internal Clock(s)              | Phase  |
------------+-----------------+------------+-----------------+------------+-------------------------------+--------+
Buzzer      |        14.071(R)|      SLOW  |         7.474(R)|      FAST  |XLXI_11/XLXI_35/XLXI_65/XLXN_14|   0.000|
            |        13.928(R)|      SLOW  |         7.565(R)|      FAST  |XLXI_11/XLXI_35/XLXI_65/XLXN_15|   0.000|
Segment<0>  |        17.875(R)|      SLOW  |         9.603(R)|      FAST  |XLXI_11/XLXI_35/XLXI_65/XLXN_13|   0.000|
            |        18.515(R)|      SLOW  |        10.882(R)|      FAST  |XLXI_11/XLXI_35/XLXI_65/XLXN_14|   0.000|
            |        18.407(R)|      SLOW  |        10.779(R)|      FAST  |XLXI_11/XLXI_35/XLXI_65/XLXN_15|   0.000|
            |        19.169(R)|      SLOW  |         8.832(R)|      FAST  |XLXI_13/XLXN_13                |   0.000|
Segment<1>  |        17.147(R)|      SLOW  |         9.201(R)|      FAST  |XLXI_11/XLXI_35/XLXI_65/XLXN_13|   0.000|
            |        18.666(R)|      SLOW  |        10.525(R)|      FAST  |XLXI_11/XLXI_35/XLXI_65/XLXN_14|   0.000|
            |        18.476(R)|      SLOW  |        10.375(R)|      FAST  |XLXI_11/XLXI_35/XLXI_65/XLXN_15|   0.000|
            |        20.198(R)|      SLOW  |         9.151(R)|      FAST  |XLXI_13/XLXN_13                |   0.000|
Segment<2>  |        16.947(R)|      SLOW  |         9.508(R)|      FAST  |XLXI_11/XLXI_35/XLXI_65/XLXN_13|   0.000|
            |        18.466(R)|      SLOW  |        10.430(R)|      FAST  |XLXI_11/XLXI_35/XLXI_65/XLXN_14|   0.000|
            |        18.276(R)|      SLOW  |        10.459(R)|      FAST  |XLXI_11/XLXI_35/XLXI_65/XLXN_15|   0.000|
            |        19.363(R)|      SLOW  |         8.718(R)|      FAST  |XLXI_13/XLXN_13                |   0.000|
Segment<3>  |        16.825(R)|      SLOW  |         8.625(R)|      FAST  |XLXI_11/XLXI_35/XLXI_65/XLXN_13|   0.000|
            |        17.536(R)|      SLOW  |         9.952(R)|      FAST  |XLXI_11/XLXI_35/XLXI_65/XLXN_14|   0.000|
            |        17.401(R)|      SLOW  |         9.799(R)|      FAST  |XLXI_11/XLXI_35/XLXI_65/XLXN_15|   0.000|
            |        19.684(R)|      SLOW  |         8.933(R)|      FAST  |XLXI_13/XLXN_13                |   0.000|
Segment<4>  |        15.995(R)|      SLOW  |         8.569(R)|      FAST  |XLXI_11/XLXI_35/XLXI_65/XLXN_13|   0.000|
            |        17.268(R)|      SLOW  |         9.782(R)|      FAST  |XLXI_11/XLXI_35/XLXI_65/XLXN_14|   0.000|
            |        17.078(R)|      SLOW  |         9.743(R)|      FAST  |XLXI_11/XLXI_35/XLXI_65/XLXN_15|   0.000|
            |        19.663(R)|      SLOW  |         8.992(R)|      FAST  |XLXI_13/XLXN_13                |   0.000|
Segment<5>  |        16.448(R)|      SLOW  |         8.460(R)|      FAST  |XLXI_11/XLXI_35/XLXI_65/XLXN_13|   0.000|
            |        16.995(R)|      SLOW  |         9.766(R)|      FAST  |XLXI_11/XLXI_35/XLXI_65/XLXN_14|   0.000|
            |        16.980(R)|      SLOW  |         9.634(R)|      FAST  |XLXI_11/XLXI_35/XLXI_65/XLXN_15|   0.000|
            |        18.344(R)|      SLOW  |         8.239(R)|      FAST  |XLXI_13/XLXN_13                |   0.000|
Segment<6>  |        16.102(R)|      SLOW  |         8.365(R)|      FAST  |XLXI_11/XLXI_35/XLXI_65/XLXN_13|   0.000|
            |        16.748(R)|      SLOW  |         9.659(R)|      FAST  |XLXI_11/XLXI_35/XLXI_65/XLXN_14|   0.000|
            |        16.699(R)|      SLOW  |         9.539(R)|      FAST  |XLXI_11/XLXI_35/XLXI_65/XLXN_15|   0.000|
            |        18.308(R)|      SLOW  |         8.171(R)|      FAST  |XLXI_13/XLXN_13                |   0.000|
------------+-----------------+------------+-----------------+------------+-------------------------------+--------+

Clock PB4 to Pad
------------+-----------------+------------+-----------------+------------+-----------------------+--------+
            |Max (slowest) clk|  Process   |Min (fastest) clk|  Process   |                       | Clock  |
Destination |  (edge) to PAD  |   Corner   |  (edge) to PAD  |   Corner   |Internal Clock(s)      | Phase  |
------------+-----------------+------------+-----------------+------------+-----------------------+--------+
Segment<0>  |        19.221(R)|      SLOW  |         8.752(R)|      FAST  |XLXI_13/XLXN_14        |   0.000|
            |        17.067(R)|      SLOW  |        10.199(R)|      FAST  |XLXI_5/XLXI_1/XLXN_1060|   0.000|
Segment<1>  |        20.250(R)|      SLOW  |         9.085(R)|      FAST  |XLXI_13/XLXN_14        |   0.000|
            |        14.938(R)|      SLOW  |         8.317(R)|      FAST  |XLXI_5/XLXI_1/XLXN_1060|   0.000|
Segment<2>  |        19.415(R)|      SLOW  |         8.527(R)|      FAST  |XLXI_13/XLXN_14        |   0.000|
            |        14.757(R)|      SLOW  |         8.630(R)|      FAST  |XLXI_5/XLXI_1/XLXN_1060|   0.000|
Segment<3>  |        19.736(R)|      SLOW  |         8.742(R)|      FAST  |XLXI_13/XLXN_14        |   0.000|
            |        14.313(R)|      SLOW  |         7.826(R)|      FAST  |XLXI_5/XLXI_1/XLXN_1060|   0.000|
Segment<4>  |        19.715(R)|      SLOW  |         8.801(R)|      FAST  |XLXI_13/XLXN_14        |   0.000|
            |        14.559(R)|      SLOW  |         8.503(R)|      FAST  |XLXI_5/XLXI_1/XLXN_1060|   0.000|
Segment<5>  |        18.396(R)|      SLOW  |         8.254(R)|      FAST  |XLXI_13/XLXN_14        |   0.000|
            |        14.094(R)|      SLOW  |         8.088(R)|      FAST  |XLXI_5/XLXI_1/XLXN_1060|   0.000|
Segment<6>  |        18.360(R)|      SLOW  |         8.183(R)|      FAST  |XLXI_13/XLXN_14        |   0.000|
            |        14.059(R)|      SLOW  |         8.044(R)|      FAST  |XLXI_5/XLXI_1/XLXN_1060|   0.000|
------------+-----------------+------------+-----------------+------------+-----------------------+--------+

Clock SW0 to Pad
------------+-----------------+------------+-----------------+------------+------------------+--------+
            |Max (slowest) clk|  Process   |Min (fastest) clk|  Process   |                  | Clock  |
Destination |  (edge) to PAD  |   Corner   |  (edge) to PAD  |   Corner   |Internal Clock(s) | Phase  |
------------+-----------------+------------+-----------------+------------+------------------+--------+
Segment<0>  |        19.769(R)|      SLOW  |         9.685(R)|      FAST  |XLXI_2/XLXN_118   |   0.000|
Segment<1>  |        18.953(R)|      SLOW  |         8.922(R)|      FAST  |XLXI_2/XLXN_118   |   0.000|
Segment<2>  |        18.907(R)|      SLOW  |         9.052(R)|      FAST  |XLXI_2/XLXN_118   |   0.000|
Segment<3>  |        19.176(R)|      SLOW  |         9.412(R)|      FAST  |XLXI_2/XLXN_118   |   0.000|
Segment<4>  |        18.527(R)|      SLOW  |         8.760(R)|      FAST  |XLXI_2/XLXN_118   |   0.000|
Segment<5>  |        18.286(R)|      SLOW  |         8.356(R)|      FAST  |XLXI_2/XLXN_118   |   0.000|
Segment<6>  |        17.312(R)|      SLOW  |         8.122(R)|      FAST  |XLXI_2/XLXN_118   |   0.000|
------------+-----------------+------------+-----------------+------------+------------------+--------+

Clock SW1 to Pad
------------+-----------------+------------+-----------------+------------+------------------+--------+
            |Max (slowest) clk|  Process   |Min (fastest) clk|  Process   |                  | Clock  |
Destination |  (edge) to PAD  |   Corner   |  (edge) to PAD  |   Corner   |Internal Clock(s) | Phase  |
------------+-----------------+------------+-----------------+------------+------------------+--------+
Segment<0>  |        18.305(R)|      SLOW  |         9.788(R)|      FAST  |XLXI_2/XLXN_118   |   0.000|
Segment<1>  |        17.489(R)|      SLOW  |         9.025(R)|      FAST  |XLXI_2/XLXN_118   |   0.000|
Segment<2>  |        17.443(R)|      SLOW  |         9.155(R)|      FAST  |XLXI_2/XLXN_118   |   0.000|
Segment<3>  |        17.712(R)|      SLOW  |         9.515(R)|      FAST  |XLXI_2/XLXN_118   |   0.000|
Segment<4>  |        17.063(R)|      SLOW  |         8.863(R)|      FAST  |XLXI_2/XLXN_118   |   0.000|
Segment<5>  |        16.822(R)|      SLOW  |         8.459(R)|      FAST  |XLXI_2/XLXN_118   |   0.000|
Segment<6>  |        15.848(R)|      SLOW  |         8.225(R)|      FAST  |XLXI_2/XLXN_118   |   0.000|
------------+-----------------+------------+-----------------+------------+------------------+--------+

Clock SW2 to Pad
------------+-----------------+------------+-----------------+------------+------------------+--------+
            |Max (slowest) clk|  Process   |Min (fastest) clk|  Process   |                  | Clock  |
Destination |  (edge) to PAD  |   Corner   |  (edge) to PAD  |   Corner   |Internal Clock(s) | Phase  |
------------+-----------------+------------+-----------------+------------+------------------+--------+
Segment<0>  |        17.800(R)|      SLOW  |         9.675(R)|      FAST  |XLXI_2/XLXN_118   |   0.000|
Segment<1>  |        16.984(R)|      SLOW  |         8.912(R)|      FAST  |XLXI_2/XLXN_118   |   0.000|
Segment<2>  |        16.938(R)|      SLOW  |         9.042(R)|      FAST  |XLXI_2/XLXN_118   |   0.000|
Segment<3>  |        17.207(R)|      SLOW  |         9.402(R)|      FAST  |XLXI_2/XLXN_118   |   0.000|
Segment<4>  |        16.558(R)|      SLOW  |         8.750(R)|      FAST  |XLXI_2/XLXN_118   |   0.000|
Segment<5>  |        16.317(R)|      SLOW  |         8.346(R)|      FAST  |XLXI_2/XLXN_118   |   0.000|
Segment<6>  |        15.343(R)|      SLOW  |         8.112(R)|      FAST  |XLXI_2/XLXN_118   |   0.000|
------------+-----------------+------------+-----------------+------------+------------------+--------+

Clock SW3 to Pad
------------+-----------------+------------+-----------------+------------+------------------+--------+
            |Max (slowest) clk|  Process   |Min (fastest) clk|  Process   |                  | Clock  |
Destination |  (edge) to PAD  |   Corner   |  (edge) to PAD  |   Corner   |Internal Clock(s) | Phase  |
------------+-----------------+------------+-----------------+------------+------------------+--------+
Segment<0>  |        17.792(R)|      SLOW  |         9.674(R)|      FAST  |XLXI_2/XLXN_118   |   0.000|
Segment<1>  |        16.976(R)|      SLOW  |         8.911(R)|      FAST  |XLXI_2/XLXN_118   |   0.000|
Segment<2>  |        16.930(R)|      SLOW  |         9.041(R)|      FAST  |XLXI_2/XLXN_118   |   0.000|
Segment<3>  |        17.199(R)|      SLOW  |         9.401(R)|      FAST  |XLXI_2/XLXN_118   |   0.000|
Segment<4>  |        16.550(R)|      SLOW  |         8.749(R)|      FAST  |XLXI_2/XLXN_118   |   0.000|
Segment<5>  |        16.309(R)|      SLOW  |         8.345(R)|      FAST  |XLXI_2/XLXN_118   |   0.000|
Segment<6>  |        15.335(R)|      SLOW  |         8.111(R)|      FAST  |XLXI_2/XLXN_118   |   0.000|
------------+-----------------+------------+-----------------+------------+------------------+--------+

Clock SW4 to Pad
------------+-----------------+------------+-----------------+------------+------------------+--------+
            |Max (slowest) clk|  Process   |Min (fastest) clk|  Process   |                  | Clock  |
Destination |  (edge) to PAD  |   Corner   |  (edge) to PAD  |   Corner   |Internal Clock(s) | Phase  |
------------+-----------------+------------+-----------------+------------+------------------+--------+
Segment<0>  |        17.485(R)|      SLOW  |         9.510(R)|      FAST  |XLXI_2/XLXN_118   |   0.000|
Segment<1>  |        16.669(R)|      SLOW  |         8.747(R)|      FAST  |XLXI_2/XLXN_118   |   0.000|
Segment<2>  |        16.623(R)|      SLOW  |         8.877(R)|      FAST  |XLXI_2/XLXN_118   |   0.000|
Segment<3>  |        16.892(R)|      SLOW  |         9.237(R)|      FAST  |XLXI_2/XLXN_118   |   0.000|
Segment<4>  |        16.243(R)|      SLOW  |         8.585(R)|      FAST  |XLXI_2/XLXN_118   |   0.000|
Segment<5>  |        16.002(R)|      SLOW  |         8.181(R)|      FAST  |XLXI_2/XLXN_118   |   0.000|
Segment<6>  |        15.028(R)|      SLOW  |         7.947(R)|      FAST  |XLXI_2/XLXN_118   |   0.000|
------------+-----------------+------------+-----------------+------------+------------------+--------+

Clock SW5 to Pad
------------+-----------------+------------+-----------------+------------+------------------+--------+
            |Max (slowest) clk|  Process   |Min (fastest) clk|  Process   |                  | Clock  |
Destination |  (edge) to PAD  |   Corner   |  (edge) to PAD  |   Corner   |Internal Clock(s) | Phase  |
------------+-----------------+------------+-----------------+------------+------------------+--------+
Segment<0>  |        17.598(R)|      SLOW  |         9.646(R)|      FAST  |XLXI_2/XLXN_118   |   0.000|
Segment<1>  |        16.782(R)|      SLOW  |         8.883(R)|      FAST  |XLXI_2/XLXN_118   |   0.000|
Segment<2>  |        16.736(R)|      SLOW  |         9.013(R)|      FAST  |XLXI_2/XLXN_118   |   0.000|
Segment<3>  |        17.005(R)|      SLOW  |         9.373(R)|      FAST  |XLXI_2/XLXN_118   |   0.000|
Segment<4>  |        16.356(R)|      SLOW  |         8.721(R)|      FAST  |XLXI_2/XLXN_118   |   0.000|
Segment<5>  |        16.115(R)|      SLOW  |         8.317(R)|      FAST  |XLXI_2/XLXN_118   |   0.000|
Segment<6>  |        15.141(R)|      SLOW  |         8.083(R)|      FAST  |XLXI_2/XLXN_118   |   0.000|
------------+-----------------+------------+-----------------+------------+------------------+--------+

Clock SW6 to Pad
------------+-----------------+------------+-----------------+------------+------------------+--------+
            |Max (slowest) clk|  Process   |Min (fastest) clk|  Process   |                  | Clock  |
Destination |  (edge) to PAD  |   Corner   |  (edge) to PAD  |   Corner   |Internal Clock(s) | Phase  |
------------+-----------------+------------+-----------------+------------+------------------+--------+
Segment<0>  |        17.514(R)|      SLOW  |         9.927(R)|      FAST  |XLXI_2/XLXN_118   |   0.000|
Segment<1>  |        16.698(R)|      SLOW  |         9.164(R)|      FAST  |XLXI_2/XLXN_118   |   0.000|
Segment<2>  |        16.652(R)|      SLOW  |         9.294(R)|      FAST  |XLXI_2/XLXN_118   |   0.000|
Segment<3>  |        16.921(R)|      SLOW  |         9.654(R)|      FAST  |XLXI_2/XLXN_118   |   0.000|
Segment<4>  |        16.272(R)|      SLOW  |         9.002(R)|      FAST  |XLXI_2/XLXN_118   |   0.000|
Segment<5>  |        16.031(R)|      SLOW  |         8.598(R)|      FAST  |XLXI_2/XLXN_118   |   0.000|
Segment<6>  |        15.057(R)|      SLOW  |         8.364(R)|      FAST  |XLXI_2/XLXN_118   |   0.000|
------------+-----------------+------------+-----------------+------------+------------------+--------+

Clock SW7 to Pad
------------+-----------------+------------+-----------------+------------+------------------+--------+
            |Max (slowest) clk|  Process   |Min (fastest) clk|  Process   |                  | Clock  |
Destination |  (edge) to PAD  |   Corner   |  (edge) to PAD  |   Corner   |Internal Clock(s) | Phase  |
------------+-----------------+------------+-----------------+------------+------------------+--------+
Segment<0>  |        17.217(R)|      SLOW  |         9.699(R)|      FAST  |XLXI_2/XLXN_118   |   0.000|
Segment<1>  |        16.401(R)|      SLOW  |         8.936(R)|      FAST  |XLXI_2/XLXN_118   |   0.000|
Segment<2>  |        16.355(R)|      SLOW  |         9.066(R)|      FAST  |XLXI_2/XLXN_118   |   0.000|
Segment<3>  |        16.624(R)|      SLOW  |         9.426(R)|      FAST  |XLXI_2/XLXN_118   |   0.000|
Segment<4>  |        15.975(R)|      SLOW  |         8.774(R)|      FAST  |XLXI_2/XLXN_118   |   0.000|
Segment<5>  |        15.734(R)|      SLOW  |         8.370(R)|      FAST  |XLXI_2/XLXN_118   |   0.000|
Segment<6>  |        14.760(R)|      SLOW  |         8.136(R)|      FAST  |XLXI_2/XLXN_118   |   0.000|
------------+-----------------+------------+-----------------+------------+------------------+--------+

Clock to Setup on destination clock Mode_Bin<0>
---------------+---------+---------+---------+---------+
               | Src:Rise| Src:Fall| Src:Rise| Src:Fall|
Source Clock   |Dest:Rise|Dest:Rise|Dest:Fall|Dest:Fall|
---------------+---------+---------+---------+---------+
Mode_Bin<0>    |    3.177|    1.881|         |         |
Mode_Bin<1>    |    3.177|    1.749|         |         |
Mode_Bin<2>    |    3.177|    2.106|         |         |
Mode_Bin<3>    |    3.177|    2.624|         |         |
PB1            |    2.587|   -0.518|         |         |
PB2            |    0.917|   -0.443|         |         |
PB3            |    3.177|   -0.792|         |         |
PB4            |    3.009|   -0.785|         |         |
---------------+---------+---------+---------+---------+

Clock to Setup on destination clock Mode_Bin<1>
---------------+---------+---------+---------+---------+
               | Src:Rise| Src:Fall| Src:Rise| Src:Fall|
Source Clock   |Dest:Rise|Dest:Rise|Dest:Fall|Dest:Fall|
---------------+---------+---------+---------+---------+
Mode_Bin<0>    |    3.177|    2.010|         |         |
Mode_Bin<1>    |    3.177|    1.878|         |         |
Mode_Bin<2>    |    3.177|    2.235|         |         |
Mode_Bin<3>    |    3.177|    2.753|         |         |
PB1            |    2.587|   -0.365|         |         |
PB2            |    0.917|   -0.290|         |         |
PB3            |    3.177|   -0.639|         |         |
PB4            |    3.009|   -0.632|         |         |
---------------+---------+---------+---------+---------+

Clock to Setup on destination clock Mode_Bin<2>
---------------+---------+---------+---------+---------+
               | Src:Rise| Src:Fall| Src:Rise| Src:Fall|
Source Clock   |Dest:Rise|Dest:Rise|Dest:Fall|Dest:Fall|
---------------+---------+---------+---------+---------+
Mode_Bin<0>    |    3.177|    1.655|         |         |
Mode_Bin<1>    |    3.177|    1.523|         |         |
Mode_Bin<2>    |    3.177|    1.880|         |         |
Mode_Bin<3>    |    3.177|    2.398|         |         |
PB1            |    2.587|   -0.759|         |         |
PB2            |    0.917|   -0.684|         |         |
PB3            |    3.177|   -1.033|         |         |
PB4            |    3.009|   -1.026|         |         |
---------------+---------+---------+---------+---------+

Clock to Setup on destination clock Mode_Bin<3>
---------------+---------+---------+---------+---------+
               | Src:Rise| Src:Fall| Src:Rise| Src:Fall|
Source Clock   |Dest:Rise|Dest:Rise|Dest:Fall|Dest:Fall|
---------------+---------+---------+---------+---------+
Mode_Bin<0>    |    3.177|    1.164|         |         |
Mode_Bin<1>    |    3.177|    1.032|         |         |
Mode_Bin<2>    |    3.177|    1.389|         |         |
Mode_Bin<3>    |    3.177|    1.907|         |         |
PB1            |    2.587|   -1.054|         |         |
PB2            |    0.917|   -0.979|         |         |
PB3            |    3.177|   -1.328|         |         |
PB4            |    3.009|   -1.321|         |         |
---------------+---------+---------+---------+---------+

Clock to Setup on destination clock OSC
---------------+---------+---------+---------+---------+
               | Src:Rise| Src:Fall| Src:Rise| Src:Fall|
Source Clock   |Dest:Rise|Dest:Rise|Dest:Fall|Dest:Fall|
---------------+---------+---------+---------+---------+
OSC            |    2.935|         |         |         |
SW0            |    2.935|         |         |         |
SW1            |    2.935|         |         |         |
SW2            |    2.935|         |         |         |
SW3            |    2.935|         |         |         |
SW4            |    2.935|         |         |         |
SW5            |    2.935|         |         |         |
SW6            |    2.935|         |         |         |
SW7            |    2.935|         |         |         |
---------------+---------+---------+---------+---------+

Clock to Setup on destination clock PB1
---------------+---------+---------+---------+---------+
               | Src:Rise| Src:Fall| Src:Rise| Src:Fall|
Source Clock   |Dest:Rise|Dest:Rise|Dest:Fall|Dest:Fall|
---------------+---------+---------+---------+---------+
Mode_Bin<0>    |    2.587|         |         |         |
Mode_Bin<1>    |    2.587|         |         |         |
Mode_Bin<2>    |    2.587|         |         |         |
Mode_Bin<3>    |    2.587|         |         |         |
PB1            |    2.587|         |         |         |
PB4            |    2.587|         |         |         |
---------------+---------+---------+---------+---------+

Clock to Setup on destination clock PB2
---------------+---------+---------+---------+---------+
               | Src:Rise| Src:Fall| Src:Rise| Src:Fall|
Source Clock   |Dest:Rise|Dest:Rise|Dest:Fall|Dest:Fall|
---------------+---------+---------+---------+---------+
Mode_Bin<0>    |    4.220|    4.220|         |         |
Mode_Bin<1>    |    4.088|    4.088|         |         |
Mode_Bin<2>    |    4.445|    4.445|         |         |
Mode_Bin<3>    |    4.963|    4.963|         |         |
PB1            |    1.212|    1.212|         |         |
PB2            |    0.917|         |         |         |
PB3            |    1.184|    1.184|         |         |
PB4            |    1.219|    1.219|         |         |
---------------+---------+---------+---------+---------+

Clock to Setup on destination clock PB3
---------------+---------+---------+---------+---------+
               | Src:Rise| Src:Fall| Src:Rise| Src:Fall|
Source Clock   |Dest:Rise|Dest:Rise|Dest:Fall|Dest:Fall|
---------------+---------+---------+---------+---------+
Mode_Bin<0>    |    4.137|    4.137|         |         |
Mode_Bin<1>    |    4.005|    4.005|         |         |
Mode_Bin<2>    |    4.362|    4.362|         |         |
Mode_Bin<3>    |    4.880|    4.880|         |         |
PB1            |    1.183|    1.183|         |         |
PB2            |    1.516|    1.516|         |         |
PB3            |    3.177|         |         |         |
PB4            |    1.594|    1.594|         |         |
---------------+---------+---------+---------+---------+

Clock to Setup on destination clock PB4
---------------+---------+---------+---------+---------+
               | Src:Rise| Src:Fall| Src:Rise| Src:Fall|
Source Clock   |Dest:Rise|Dest:Rise|Dest:Fall|Dest:Fall|
---------------+---------+---------+---------+---------+
Mode_Bin<0>    |    4.210|    4.210|         |         |
Mode_Bin<1>    |    4.078|    4.078|         |         |
Mode_Bin<2>    |    4.435|    4.435|         |         |
Mode_Bin<3>    |    4.953|    4.953|         |         |
PB1            |    2.587|    1.418|         |         |
PB2            |    1.589|    1.589|         |         |
PB3            |    0.940|    0.940|         |         |
PB4            |    3.009|   -0.042|         |         |
---------------+---------+---------+---------+---------+

Clock to Setup on destination clock SW0
---------------+---------+---------+---------+---------+
               | Src:Rise| Src:Fall| Src:Rise| Src:Fall|
Source Clock   |Dest:Rise|Dest:Rise|Dest:Fall|Dest:Fall|
---------------+---------+---------+---------+---------+
OSC            |    2.935|         |         |         |
SW0            |    2.935|         |         |         |
SW1            |    2.935|         |         |         |
SW2            |    2.935|         |         |         |
SW3            |    2.935|         |         |         |
SW4            |    2.935|         |         |         |
SW5            |    2.935|         |         |         |
SW6            |    2.935|         |         |         |
SW7            |    2.935|         |         |         |
---------------+---------+---------+---------+---------+

Clock to Setup on destination clock SW1
---------------+---------+---------+---------+---------+
               | Src:Rise| Src:Fall| Src:Rise| Src:Fall|
Source Clock   |Dest:Rise|Dest:Rise|Dest:Fall|Dest:Fall|
---------------+---------+---------+---------+---------+
OSC            |    2.935|         |         |         |
SW0            |    2.935|         |         |         |
SW1            |    2.935|         |         |         |
SW2            |    2.935|         |         |         |
SW3            |    2.935|         |         |         |
SW4            |    2.935|         |         |         |
SW5            |    2.935|         |         |         |
SW6            |    2.935|         |         |         |
SW7            |    2.935|         |         |         |
---------------+---------+---------+---------+---------+

Clock to Setup on destination clock SW2
---------------+---------+---------+---------+---------+
               | Src:Rise| Src:Fall| Src:Rise| Src:Fall|
Source Clock   |Dest:Rise|Dest:Rise|Dest:Fall|Dest:Fall|
---------------+---------+---------+---------+---------+
OSC            |    2.935|         |         |         |
SW0            |    2.935|         |         |         |
SW1            |    2.935|         |         |         |
SW2            |    2.935|         |         |         |
SW3            |    2.935|         |         |         |
SW4            |    2.935|         |         |         |
SW5            |    2.935|         |         |         |
SW6            |    2.935|         |         |         |
SW7            |    2.935|         |         |         |
---------------+---------+---------+---------+---------+

Clock to Setup on destination clock SW3
---------------+---------+---------+---------+---------+
               | Src:Rise| Src:Fall| Src:Rise| Src:Fall|
Source Clock   |Dest:Rise|Dest:Rise|Dest:Fall|Dest:Fall|
---------------+---------+---------+---------+---------+
OSC            |    2.935|         |         |         |
SW0            |    2.935|         |         |         |
SW1            |    2.935|         |         |         |
SW2            |    2.935|         |         |         |
SW3            |    2.935|         |         |         |
SW4            |    2.935|         |         |         |
SW5            |    2.935|         |         |         |
SW6            |    2.935|         |         |         |
SW7            |    2.935|         |         |         |
---------------+---------+---------+---------+---------+

Clock to Setup on destination clock SW4
---------------+---------+---------+---------+---------+
               | Src:Rise| Src:Fall| Src:Rise| Src:Fall|
Source Clock   |Dest:Rise|Dest:Rise|Dest:Fall|Dest:Fall|
---------------+---------+---------+---------+---------+
OSC            |    2.935|         |         |         |
SW0            |    2.935|         |         |         |
SW1            |    2.935|         |         |         |
SW2            |    2.935|         |         |         |
SW3            |    2.935|         |         |         |
SW4            |    2.935|         |         |         |
SW5            |    2.935|         |         |         |
SW6            |    2.935|         |         |         |
SW7            |    2.935|         |         |         |
---------------+---------+---------+---------+---------+

Clock to Setup on destination clock SW5
---------------+---------+---------+---------+---------+
               | Src:Rise| Src:Fall| Src:Rise| Src:Fall|
Source Clock   |Dest:Rise|Dest:Rise|Dest:Fall|Dest:Fall|
---------------+---------+---------+---------+---------+
OSC            |    2.935|         |         |         |
SW0            |    2.935|         |         |         |
SW1            |    2.935|         |         |         |
SW2            |    2.935|         |         |         |
SW3            |    2.935|         |         |         |
SW4            |    2.935|         |         |         |
SW5            |    2.935|         |         |         |
SW6            |    2.935|         |         |         |
SW7            |    2.935|         |         |         |
---------------+---------+---------+---------+---------+

Clock to Setup on destination clock SW6
---------------+---------+---------+---------+---------+
               | Src:Rise| Src:Fall| Src:Rise| Src:Fall|
Source Clock   |Dest:Rise|Dest:Rise|Dest:Fall|Dest:Fall|
---------------+---------+---------+---------+---------+
OSC            |    2.935|         |         |         |
SW0            |    2.935|         |         |         |
SW1            |    2.935|         |         |         |
SW2            |    2.935|         |         |         |
SW3            |    2.935|         |         |         |
SW4            |    2.935|         |         |         |
SW5            |    2.935|         |         |         |
SW6            |    2.935|         |         |         |
SW7            |    2.935|         |         |         |
---------------+---------+---------+---------+---------+

Clock to Setup on destination clock SW7
---------------+---------+---------+---------+---------+
               | Src:Rise| Src:Fall| Src:Rise| Src:Fall|
Source Clock   |Dest:Rise|Dest:Rise|Dest:Fall|Dest:Fall|
---------------+---------+---------+---------+---------+
OSC            |    2.935|         |         |         |
SW0            |    2.935|         |         |         |
SW1            |    2.935|         |         |         |
SW2            |    2.935|         |         |         |
SW3            |    2.935|         |         |         |
SW4            |    2.935|         |         |         |
SW5            |    2.935|         |         |         |
SW6            |    2.935|         |         |         |
SW7            |    2.935|         |         |         |
---------------+---------+---------+---------+---------+

Pad to Pad
---------------+---------------+---------+
Source Pad     |Destination Pad|  Delay  |
---------------+---------------+---------+
DIP1           |Segment<0>     |   16.600|
DIP1           |Segment<1>     |   15.414|
DIP1           |Segment<2>     |   15.374|
DIP1           |Segment<3>     |   15.107|
DIP1           |Segment<4>     |   14.718|
DIP1           |Segment<5>     |   14.539|
DIP1           |Segment<6>     |   14.362|
DIP2           |Segment<0>     |   16.963|
DIP2           |Segment<1>     |   15.754|
DIP2           |Segment<2>     |   15.546|
DIP2           |Segment<3>     |   15.377|
DIP2           |Segment<4>     |   15.396|
DIP2           |Segment<5>     |   14.833|
DIP2           |Segment<6>     |   14.655|
DIP3           |Segment<0>     |   15.745|
DIP3           |Segment<1>     |   16.466|
DIP3           |Segment<2>     |   15.582|
DIP3           |Segment<3>     |   15.800|
DIP3           |Segment<4>     |   15.931|
DIP3           |Segment<5>     |   14.597|
DIP3           |Segment<6>     |   14.514|
DIP4           |Segment<0>     |   15.921|
DIP4           |Segment<1>     |   16.049|
DIP4           |Segment<2>     |   15.165|
DIP4           |Segment<3>     |   15.383|
DIP4           |Segment<4>     |   15.514|
DIP4           |Segment<5>     |   14.180|
DIP4           |Segment<6>     |   14.097|
DIP5           |Segment<0>     |   15.583|
DIP5           |Segment<1>     |   16.419|
DIP5           |Segment<2>     |   15.535|
DIP5           |Segment<3>     |   15.753|
DIP5           |Segment<4>     |   15.884|
DIP5           |Segment<5>     |   14.550|
DIP5           |Segment<6>     |   14.467|
DIP6           |Segment<0>     |   15.631|
DIP6           |Segment<1>     |   16.490|
DIP6           |Segment<2>     |   15.606|
DIP6           |Segment<3>     |   15.824|
DIP6           |Segment<4>     |   15.955|
DIP6           |Segment<5>     |   14.621|
DIP6           |Segment<6>     |   14.538|
DIP7           |Segment<0>     |   16.105|
DIP7           |Segment<1>     |   16.317|
DIP7           |Segment<2>     |   15.433|
DIP7           |Segment<3>     |   15.651|
DIP7           |Segment<4>     |   15.782|
DIP7           |Segment<5>     |   14.448|
DIP7           |Segment<6>     |   14.365|
DIP8           |Segment<0>     |   16.141|
DIP8           |Segment<1>     |   16.531|
DIP8           |Segment<2>     |   15.647|
DIP8           |Segment<3>     |   15.865|
DIP8           |Segment<4>     |   15.996|
DIP8           |Segment<5>     |   14.662|
DIP8           |Segment<6>     |   14.579|
Mode_Bin<0>    |Buzzer         |   10.794|
Mode_Bin<0>    |Digit<0>       |   11.367|
Mode_Bin<0>    |Digit<1>       |   11.205|
Mode_Bin<0>    |Digit<2>       |   10.451|
Mode_Bin<0>    |Digit<3>       |   10.191|
Mode_Bin<0>    |Segment<0>     |   16.770|
Mode_Bin<0>    |Segment<1>     |   16.403|
Mode_Bin<0>    |Segment<2>     |   16.338|
Mode_Bin<0>    |Segment<3>     |   15.595|
Mode_Bin<0>    |Segment<4>     |   15.302|
Mode_Bin<0>    |Segment<5>     |   15.218|
Mode_Bin<0>    |Segment<6>     |   14.872|
Mode_Bin<1>    |Buzzer         |   10.650|
Mode_Bin<1>    |Digit<0>       |   11.319|
Mode_Bin<1>    |Digit<1>       |   10.610|
Mode_Bin<1>    |Digit<2>       |   10.444|
Mode_Bin<1>    |Digit<3>       |    9.848|
Mode_Bin<1>    |Segment<0>     |   16.626|
Mode_Bin<1>    |Segment<1>     |   16.259|
Mode_Bin<1>    |Segment<2>     |   16.194|
Mode_Bin<1>    |Segment<3>     |   15.451|
Mode_Bin<1>    |Segment<4>     |   15.158|
Mode_Bin<1>    |Segment<5>     |   15.074|
Mode_Bin<1>    |Segment<6>     |   14.728|
Mode_Bin<2>    |Buzzer         |   11.103|
Mode_Bin<2>    |Digit<0>       |   11.752|
Mode_Bin<2>    |Digit<1>       |   11.652|
Mode_Bin<2>    |Digit<2>       |   11.222|
Mode_Bin<2>    |Digit<3>       |   10.670|
Mode_Bin<2>    |Segment<0>     |   17.079|
Mode_Bin<2>    |Segment<1>     |   16.712|
Mode_Bin<2>    |Segment<2>     |   16.647|
Mode_Bin<2>    |Segment<3>     |   15.904|
Mode_Bin<2>    |Segment<4>     |   15.611|
Mode_Bin<2>    |Segment<5>     |   15.527|
Mode_Bin<2>    |Segment<6>     |   15.181|
Mode_Bin<3>    |Buzzer         |   11.048|
Mode_Bin<3>    |Digit<0>       |   11.215|
Mode_Bin<3>    |Digit<1>       |   11.099|
Mode_Bin<3>    |Digit<2>       |   10.897|
Mode_Bin<3>    |Digit<3>       |    9.888|
Mode_Bin<3>    |Segment<0>     |   17.024|
Mode_Bin<3>    |Segment<1>     |   16.657|
Mode_Bin<3>    |Segment<2>     |   16.592|
Mode_Bin<3>    |Segment<3>     |   15.849|
Mode_Bin<3>    |Segment<4>     |   15.556|
Mode_Bin<3>    |Segment<5>     |   15.472|
Mode_Bin<3>    |Segment<6>     |   15.126|
PB3            |Buzzer         |   11.190|
PB3            |Segment<0>     |   17.166|
PB3            |Segment<1>     |   16.799|
PB3            |Segment<2>     |   16.734|
PB3            |Segment<3>     |   15.991|
PB3            |Segment<4>     |   15.698|
PB3            |Segment<5>     |   15.614|
PB3            |Segment<6>     |   15.268|
SW0            |Segment<0>     |   16.780|
SW0            |Segment<1>     |   17.558|
SW0            |Segment<2>     |   17.095|
SW0            |Segment<3>     |   17.295|
SW0            |Segment<4>     |   17.023|
SW0            |Segment<5>     |   15.955|
SW0            |Segment<6>     |   16.204|
SW1            |Segment<0>     |   16.387|
SW1            |Segment<1>     |   17.161|
SW1            |Segment<2>     |   16.581|
SW1            |Segment<3>     |   16.902|
SW1            |Segment<4>     |   16.626|
SW1            |Segment<5>     |   15.562|
SW1            |Segment<6>     |   15.526|
SW2            |Segment<0>     |   16.030|
SW2            |Segment<1>     |   16.800|
SW2            |Segment<2>     |   16.224|
SW2            |Segment<3>     |   16.545|
SW2            |Segment<4>     |   16.265|
SW2            |Segment<5>     |   15.205|
SW2            |Segment<6>     |   15.169|
SW3            |Buzzer         |    9.291|
SW3            |Segment<0>     |   15.542|
SW3            |Segment<1>     |   16.375|
SW3            |Segment<2>     |   15.736|
SW3            |Segment<3>     |   16.057|
SW3            |Segment<4>     |   15.840|
SW3            |Segment<5>     |   14.717|
SW3            |Segment<6>     |   14.681|
SW4            |Buzzer         |    9.509|
SW4            |Segment<0>     |   15.612|
SW4            |Segment<1>     |   16.513|
SW4            |Segment<2>     |   15.806|
SW4            |Segment<3>     |   16.127|
SW4            |Segment<4>     |   15.978|
SW4            |Segment<5>     |   14.787|
SW4            |Segment<6>     |   14.751|
SW5            |Buzzer         |    9.130|
SW5            |Segment<0>     |   16.089|
SW5            |Segment<1>     |   16.990|
SW5            |Segment<2>     |   16.283|
SW5            |Segment<3>     |   16.604|
SW5            |Segment<4>     |   16.455|
SW5            |Segment<5>     |   15.264|
SW5            |Segment<6>     |   15.228|
SW6            |Buzzer         |    9.657|
SW6            |Segment<0>     |   15.208|
SW6            |Segment<1>     |   16.322|
SW6            |Segment<2>     |   15.438|
SW6            |Segment<3>     |   15.656|
SW6            |Segment<4>     |   15.787|
SW6            |Segment<5>     |   14.453|
SW6            |Segment<6>     |   14.370|
SW7            |Buzzer         |    8.965|
SW7            |Segment<0>     |   14.607|
SW7            |Segment<1>     |   15.721|
SW7            |Segment<2>     |   14.837|
SW7            |Segment<3>     |   15.055|
SW7            |Segment<4>     |   15.186|
SW7            |Segment<5>     |   13.852|
SW7            |Segment<6>     |   13.769|
---------------+---------------+---------+


Analysis completed Tue Dec 13 10:14:05 2022 
--------------------------------------------------------------------------------

Trace Settings:
-------------------------
Trace Settings 

Peak Memory Usage: 4589 MB



