
****** PlanAhead v14.7
  **** Build 321239 by xbuild on Fri Sep 27 19:31:35 MDT 2013
    ** Copyright 1986-1999, 2001-2013 Xilinx, Inc. All Rights Reserved.

INFO: [Common 17-78] Attempting to get a license: PlanAhead
INFO: [Common 17-290] Got license for PlanAhead
INFO: [Device 21-36] Loading parts and site information from C:/Xilinx/14.7/ISE_DS/PlanAhead/data/parts/arch.xml
Parsing RTL primitives file [C:/Xilinx/14.7/ISE_DS/PlanAhead/data/parts/xilinx/rtl/prims/rtl_prims.xml]
Finished parsing RTL primitives file [C:/Xilinx/14.7/ISE_DS/PlanAhead/data/parts/xilinx/rtl/prims/rtl_prims.xml]
start_gui
source {C:/Users/Peqch/Desktop/Digital system Fundamental/ISE/LAB04/pa.fromHdl.tcl}
# create_project -name LAB04 -dir "C:/Users/Peqch/Desktop/Digital system Fundamental/ISE/LAB04/planAhead_run_1" -part xc6slx9tqg144-3
# set_param project.pinAheadLayout yes
# set srcset [get_property srcset [current_run -impl]]
# set_property target_constrs_file "Lab_04.ucf" [current_fileset -constrset]
Adding file 'C:/Users/Peqch/Desktop/Digital system Fundamental/ISE/LAB04/Lab_04.ucf' to fileset 'constrs_1'
# set hdlfile [add_files [list {Lab_04.vf}]]
# set_property file_type Verilog $hdlfile
# set_property library work $hdlfile
# set_property top Lab_04 $srcset
# add_files [list {Lab_04.ucf}] -fileset [get_property constrset [current_run]]
# open_rtl_design -part xc6slx9tqg144-3
Using Verific elaboration
Parsing VHDL file "C:/Xilinx/14.7/ISE_DS/PlanAhead/data/parts/xilinx/rtl/lib/synplify/synattr.vhd" into library synplify
Analyzing Verilog file "C:/Users/Peqch/Desktop/Digital system Fundamental/ISE/LAB04/Lab_04.vf" into library work
Loading clock regions from C:/Xilinx/14.7/ISE_DS/PlanAhead/data\parts/xilinx/spartan6/spartan6lx/xc6slx9/ClockRegion.xml
Loading clock buffers from C:/Xilinx/14.7/ISE_DS/PlanAhead/data\parts/xilinx/spartan6/spartan6lx/xc6slx9/ClockBuffers.xml
Loading package pin functions from C:/Xilinx/14.7/ISE_DS/PlanAhead/data\parts/xilinx/spartan6/PinFunctions.xml...
Loading package from C:/Xilinx/14.7/ISE_DS/PlanAhead/data\parts/xilinx/spartan6/spartan6lx/xc6slx9/tqg144/Package.xml
Loading io standards from C:/Xilinx/14.7/ISE_DS/PlanAhead/data\./parts/xilinx/spartan6/IOStandards.xml
Loading device configuration modes from C:/Xilinx/14.7/ISE_DS/PlanAhead/data\parts/xilinx/spartan6/ConfigModes.xml
Loading list of drcs for the architecture : C:/Xilinx/14.7/ISE_DS/PlanAhead/data\./parts/xilinx/spartan6/drc.xml
Parsing UCF File [C:/Users/Peqch/Desktop/Digital system Fundamental/ISE/LAB04/Lab_04.ucf]
Finished Parsing UCF File [C:/Users/Peqch/Desktop/Digital system Fundamental/ISE/LAB04/Lab_04.ucf]
INFO: [Project 1-111] Unisim Transformation Summary:
No Unisim elements were transformed.

Phase 0 | Netlist Checksum: ef82c086
open_rtl_design: Time (s): elapsed = 00:00:12 . Memory (MB): peak = 605.750 ; gain = 103.141
update_compile_order -fileset sim_1
startgroup
set_property package_pin P83 [get_ports XLXN_10]
endgroup
startgroup
set_property package_pin P56 [get_ports S_SW6_P56]
endgroup
startgroup
set_property package_pin P55 [get_ports H_SW7_P55]
endgroup
startgroup
set_property package_pin P59 [get_ports E_SW3_P59]
endgroup
startgroup
set_property package_pin P58 [get_ports D_SW4_P58]
endgroup
startgroup
set_property package_pin P57 [get_ports B_SW6_P57]
endgroup
save_constraints
