--------------------------------------------------------------------------------
Release 14.7 Trace  (nt64)
Copyright (c) 1995-2013 Xilinx, Inc.  All rights reserved.

C:\Xilinx\14.7\ISE_DS\ISE\bin\nt64\unwrapped\trce.exe -intstyle ise -v 3 -s 3
-n 3 -fastpaths -xml main.twx main.ncd -o main.twr main.pcf -ucf main.ucf

Design file:              main.ncd
Physical constraint file: main.pcf
Device,package,speed:     xc6slx9,tqg144,C,-3 (PRODUCTION 1.23 2013-10-13)
Report level:             verbose report

Environment Variable      Effect 
--------------------      ------ 
NONE                      No environment variables were set
--------------------------------------------------------------------------------

INFO:Timing:2698 - No timing constraints found, doing default enumeration.
INFO:Timing:3412 - To improve timing, see the Timing Closure User Guide (UG612).
INFO:Timing:2752 - To get complete path coverage, use the unconstrained paths 
   option. All paths that are not constrained will be reported in the 
   unconstrained paths section(s) of the report.
INFO:Timing:3339 - The clock-to-out numbers in this timing report are based on 
   a 50 Ohm transmission line loading model.  For the details of this model, 
   and for more information on accounting for different loading conditions, 
   please see the device datasheet.



Data Sheet report:
-----------------
All values displayed in nanoseconds (ns)

Clock Mode_Bin<0> to Pad
------------+-----------------+------------+-----------------+------------+-------------------------------+--------+
            |Max (slowest) clk|  Process   |Min (fastest) clk|  Process   |                               | Clock  |
Destination |  (edge) to PAD  |   Corner   |  (edge) to PAD  |   Corner   |Internal Clock(s)              | Phase  |
------------+-----------------+------------+-----------------+------------+-------------------------------+--------+
Buzzer      |        15.078(R)|      SLOW  |         8.183(R)|      FAST  |XLXI_11/XLXI_35/XLXI_65/XLXN_14|   0.000|
            |        15.603(R)|      SLOW  |         8.395(R)|      FAST  |XLXI_11/XLXI_35/XLXI_65/XLXN_15|   0.000|
Segment<0>  |        16.107(R)|      SLOW  |         8.987(R)|      FAST  |XLXI_11/XLXI_35/XLXI_65/XLXN_13|   0.000|
            |        17.577(R)|      SLOW  |        10.171(R)|      FAST  |XLXI_11/XLXI_35/XLXI_65/XLXN_14|   0.000|
            |        18.634(R)|      SLOW  |        10.471(R)|      FAST  |XLXI_11/XLXI_35/XLXI_65/XLXN_15|   0.000|
            |        23.739(R)|      SLOW  |        11.079(R)|      FAST  |XLXI_13/XLXN_13                |   0.000|
            |        23.268(R)|      SLOW  |        10.845(R)|      FAST  |XLXI_13/XLXN_14                |   0.000|
            |        24.166(R)|      SLOW  |        11.614(R)|      FAST  |XLXI_13/XLXN_24                |   0.000|
            |        18.118(R)|      SLOW  |         8.925(R)|      FAST  |XLXI_5/XLXI_1/XLXN_1060        |   0.000|
Segment<1>  |        16.220(R)|      SLOW  |         9.271(R)|      FAST  |XLXI_11/XLXI_35/XLXI_65/XLXN_13|   0.000|
            |        17.722(R)|      SLOW  |        10.256(R)|      FAST  |XLXI_11/XLXI_35/XLXI_65/XLXN_14|   0.000|
            |        18.779(R)|      SLOW  |        10.664(R)|      FAST  |XLXI_11/XLXI_35/XLXI_65/XLXN_15|   0.000|
            |        23.081(R)|      SLOW  |        10.780(R)|      FAST  |XLXI_13/XLXN_13                |   0.000|
            |        22.610(R)|      SLOW  |        10.546(R)|      FAST  |XLXI_13/XLXN_14                |   0.000|
            |        23.508(R)|      SLOW  |        11.134(R)|      FAST  |XLXI_13/XLXN_24                |   0.000|
            |        19.287(R)|      SLOW  |         9.762(R)|      FAST  |XLXI_5/XLXI_1/XLXN_1060        |   0.000|
Segment<2>  |        15.793(R)|      SLOW  |         8.890(R)|      FAST  |XLXI_11/XLXI_35/XLXI_65/XLXN_13|   0.000|
            |        17.258(R)|      SLOW  |         9.900(R)|      FAST  |XLXI_11/XLXI_35/XLXI_65/XLXN_14|   0.000|
            |        18.035(R)|      SLOW  |        10.366(R)|      FAST  |XLXI_11/XLXI_35/XLXI_65/XLXN_15|   0.000|
            |        23.135(R)|      SLOW  |        10.914(R)|      FAST  |XLXI_13/XLXN_13                |   0.000|
            |        22.664(R)|      SLOW  |        10.680(R)|      FAST  |XLXI_13/XLXN_14                |   0.000|
            |        23.562(R)|      SLOW  |        11.347(R)|      FAST  |XLXI_13/XLXN_24                |   0.000|
            |        18.984(R)|      SLOW  |         9.528(R)|      FAST  |XLXI_5/XLXI_1/XLXN_1060        |   0.000|
Segment<3>  |        16.943(R)|      SLOW  |         9.479(R)|      FAST  |XLXI_11/XLXI_35/XLXI_65/XLXN_13|   0.000|
            |        18.462(R)|      SLOW  |        10.526(R)|      FAST  |XLXI_11/XLXI_35/XLXI_65/XLXN_14|   0.000|
            |        19.502(R)|      SLOW  |        10.951(R)|      FAST  |XLXI_11/XLXI_35/XLXI_65/XLXN_15|   0.000|
            |        23.277(R)|      SLOW  |        10.923(R)|      FAST  |XLXI_13/XLXN_13                |   0.000|
            |        22.806(R)|      SLOW  |        10.689(R)|      FAST  |XLXI_13/XLXN_14                |   0.000|
            |        23.704(R)|      SLOW  |        11.303(R)|      FAST  |XLXI_13/XLXN_24                |   0.000|
            |        19.531(R)|      SLOW  |         9.671(R)|      FAST  |XLXI_5/XLXI_1/XLXN_1060        |   0.000|
Segment<4>  |        16.051(R)|      SLOW  |         8.946(R)|      FAST  |XLXI_11/XLXI_35/XLXI_65/XLXN_13|   0.000|
            |        17.516(R)|      SLOW  |         9.982(R)|      FAST  |XLXI_11/XLXI_35/XLXI_65/XLXN_14|   0.000|
            |        18.123(R)|      SLOW  |        10.422(R)|      FAST  |XLXI_11/XLXI_35/XLXI_65/XLXN_15|   0.000|
            |        22.893(R)|      SLOW  |        10.706(R)|      FAST  |XLXI_13/XLXN_13                |   0.000|
            |        22.422(R)|      SLOW  |        10.472(R)|      FAST  |XLXI_13/XLXN_14                |   0.000|
            |        23.320(R)|      SLOW  |        11.060(R)|      FAST  |XLXI_13/XLXN_24                |   0.000|
            |        18.250(R)|      SLOW  |         8.989(R)|      FAST  |XLXI_5/XLXI_1/XLXN_1060        |   0.000|
Segment<5>  |        15.737(R)|      SLOW  |         8.871(R)|      FAST  |XLXI_11/XLXI_35/XLXI_65/XLXN_13|   0.000|
            |        17.260(R)|      SLOW  |         9.933(R)|      FAST  |XLXI_11/XLXI_35/XLXI_65/XLXN_14|   0.000|
            |        18.220(R)|      SLOW  |        10.355(R)|      FAST  |XLXI_11/XLXI_35/XLXI_65/XLXN_15|   0.000|
            |        21.943(R)|      SLOW  |        10.154(R)|      FAST  |XLXI_13/XLXN_13                |   0.000|
            |        21.472(R)|      SLOW  |         9.920(R)|      FAST  |XLXI_13/XLXN_14                |   0.000|
            |        22.370(R)|      SLOW  |        10.611(R)|      FAST  |XLXI_13/XLXN_24                |   0.000|
            |        18.036(R)|      SLOW  |         8.940(R)|      FAST  |XLXI_5/XLXI_1/XLXN_1060        |   0.000|
Segment<6>  |        15.634(R)|      SLOW  |         9.100(R)|      FAST  |XLXI_11/XLXI_35/XLXI_65/XLXN_13|   0.000|
            |        17.589(R)|      SLOW  |         9.966(R)|      FAST  |XLXI_11/XLXI_35/XLXI_65/XLXN_14|   0.000|
            |        18.243(R)|      SLOW  |        10.374(R)|      FAST  |XLXI_11/XLXI_35/XLXI_65/XLXN_15|   0.000|
            |        22.088(R)|      SLOW  |        10.094(R)|      FAST  |XLXI_13/XLXN_13                |   0.000|
            |        21.617(R)|      SLOW  |         9.860(R)|      FAST  |XLXI_13/XLXN_14                |   0.000|
            |        22.515(R)|      SLOW  |        10.629(R)|      FAST  |XLXI_13/XLXN_24                |   0.000|
            |        18.145(R)|      SLOW  |         8.955(R)|      FAST  |XLXI_5/XLXI_1/XLXN_1060        |   0.000|
------------+-----------------+------------+-----------------+------------+-------------------------------+--------+

Clock Mode_Bin<1> to Pad
------------+-----------------+------------+-----------------+------------+-------------------------------+--------+
            |Max (slowest) clk|  Process   |Min (fastest) clk|  Process   |                               | Clock  |
Destination |  (edge) to PAD  |   Corner   |  (edge) to PAD  |   Corner   |Internal Clock(s)              | Phase  |
------------+-----------------+------------+-----------------+------------+-------------------------------+--------+
Buzzer      |        14.746(R)|      SLOW  |         7.913(R)|      FAST  |XLXI_11/XLXI_35/XLXI_65/XLXN_14|   0.000|
            |        15.271(R)|      SLOW  |         8.125(R)|      FAST  |XLXI_11/XLXI_35/XLXI_65/XLXN_15|   0.000|
Segment<0>  |        15.775(R)|      SLOW  |         8.717(R)|      FAST  |XLXI_11/XLXI_35/XLXI_65/XLXN_13|   0.000|
            |        17.245(R)|      SLOW  |         9.901(R)|      FAST  |XLXI_11/XLXI_35/XLXI_65/XLXN_14|   0.000|
            |        18.302(R)|      SLOW  |        10.201(R)|      FAST  |XLXI_11/XLXI_35/XLXI_65/XLXN_15|   0.000|
            |        23.911(R)|      SLOW  |        11.203(R)|      FAST  |XLXI_13/XLXN_13                |   0.000|
            |        23.440(R)|      SLOW  |        10.969(R)|      FAST  |XLXI_13/XLXN_14                |   0.000|
            |        24.338(R)|      SLOW  |        11.738(R)|      FAST  |XLXI_13/XLXN_24                |   0.000|
            |        18.173(R)|      SLOW  |         8.984(R)|      FAST  |XLXI_5/XLXI_1/XLXN_1060        |   0.000|
Segment<1>  |        15.888(R)|      SLOW  |         9.001(R)|      FAST  |XLXI_11/XLXI_35/XLXI_65/XLXN_13|   0.000|
            |        17.390(R)|      SLOW  |         9.986(R)|      FAST  |XLXI_11/XLXI_35/XLXI_65/XLXN_14|   0.000|
            |        18.447(R)|      SLOW  |        10.394(R)|      FAST  |XLXI_11/XLXI_35/XLXI_65/XLXN_15|   0.000|
            |        23.253(R)|      SLOW  |        10.904(R)|      FAST  |XLXI_13/XLXN_13                |   0.000|
            |        22.782(R)|      SLOW  |        10.670(R)|      FAST  |XLXI_13/XLXN_14                |   0.000|
            |        23.680(R)|      SLOW  |        11.258(R)|      FAST  |XLXI_13/XLXN_24                |   0.000|
            |        19.342(R)|      SLOW  |         9.821(R)|      FAST  |XLXI_5/XLXI_1/XLXN_1060        |   0.000|
Segment<2>  |        15.461(R)|      SLOW  |         8.620(R)|      FAST  |XLXI_11/XLXI_35/XLXI_65/XLXN_13|   0.000|
            |        16.926(R)|      SLOW  |         9.630(R)|      FAST  |XLXI_11/XLXI_35/XLXI_65/XLXN_14|   0.000|
            |        17.703(R)|      SLOW  |        10.096(R)|      FAST  |XLXI_11/XLXI_35/XLXI_65/XLXN_15|   0.000|
            |        23.307(R)|      SLOW  |        11.038(R)|      FAST  |XLXI_13/XLXN_13                |   0.000|
            |        22.836(R)|      SLOW  |        10.804(R)|      FAST  |XLXI_13/XLXN_14                |   0.000|
            |        23.734(R)|      SLOW  |        11.471(R)|      FAST  |XLXI_13/XLXN_24                |   0.000|
            |        19.039(R)|      SLOW  |         9.587(R)|      FAST  |XLXI_5/XLXI_1/XLXN_1060        |   0.000|
Segment<3>  |        16.611(R)|      SLOW  |         9.209(R)|      FAST  |XLXI_11/XLXI_35/XLXI_65/XLXN_13|   0.000|
            |        18.130(R)|      SLOW  |        10.256(R)|      FAST  |XLXI_11/XLXI_35/XLXI_65/XLXN_14|   0.000|
            |        19.170(R)|      SLOW  |        10.681(R)|      FAST  |XLXI_11/XLXI_35/XLXI_65/XLXN_15|   0.000|
            |        23.449(R)|      SLOW  |        11.047(R)|      FAST  |XLXI_13/XLXN_13                |   0.000|
            |        22.978(R)|      SLOW  |        10.813(R)|      FAST  |XLXI_13/XLXN_14                |   0.000|
            |        23.876(R)|      SLOW  |        11.427(R)|      FAST  |XLXI_13/XLXN_24                |   0.000|
            |        19.586(R)|      SLOW  |         9.730(R)|      FAST  |XLXI_5/XLXI_1/XLXN_1060        |   0.000|
Segment<4>  |        15.719(R)|      SLOW  |         8.676(R)|      FAST  |XLXI_11/XLXI_35/XLXI_65/XLXN_13|   0.000|
            |        17.184(R)|      SLOW  |         9.712(R)|      FAST  |XLXI_11/XLXI_35/XLXI_65/XLXN_14|   0.000|
            |        17.791(R)|      SLOW  |        10.152(R)|      FAST  |XLXI_11/XLXI_35/XLXI_65/XLXN_15|   0.000|
            |        23.065(R)|      SLOW  |        10.830(R)|      FAST  |XLXI_13/XLXN_13                |   0.000|
            |        22.594(R)|      SLOW  |        10.596(R)|      FAST  |XLXI_13/XLXN_14                |   0.000|
            |        23.492(R)|      SLOW  |        11.184(R)|      FAST  |XLXI_13/XLXN_24                |   0.000|
            |        18.305(R)|      SLOW  |         9.048(R)|      FAST  |XLXI_5/XLXI_1/XLXN_1060        |   0.000|
Segment<5>  |        15.405(R)|      SLOW  |         8.601(R)|      FAST  |XLXI_11/XLXI_35/XLXI_65/XLXN_13|   0.000|
            |        16.928(R)|      SLOW  |         9.663(R)|      FAST  |XLXI_11/XLXI_35/XLXI_65/XLXN_14|   0.000|
            |        17.888(R)|      SLOW  |        10.085(R)|      FAST  |XLXI_11/XLXI_35/XLXI_65/XLXN_15|   0.000|
            |        22.115(R)|      SLOW  |        10.278(R)|      FAST  |XLXI_13/XLXN_13                |   0.000|
            |        21.644(R)|      SLOW  |        10.044(R)|      FAST  |XLXI_13/XLXN_14                |   0.000|
            |        22.542(R)|      SLOW  |        10.735(R)|      FAST  |XLXI_13/XLXN_24                |   0.000|
            |        18.091(R)|      SLOW  |         8.999(R)|      FAST  |XLXI_5/XLXI_1/XLXN_1060        |   0.000|
Segment<6>  |        15.302(R)|      SLOW  |         8.830(R)|      FAST  |XLXI_11/XLXI_35/XLXI_65/XLXN_13|   0.000|
            |        17.257(R)|      SLOW  |         9.696(R)|      FAST  |XLXI_11/XLXI_35/XLXI_65/XLXN_14|   0.000|
            |        17.911(R)|      SLOW  |        10.104(R)|      FAST  |XLXI_11/XLXI_35/XLXI_65/XLXN_15|   0.000|
            |        22.260(R)|      SLOW  |        10.218(R)|      FAST  |XLXI_13/XLXN_13                |   0.000|
            |        21.789(R)|      SLOW  |         9.984(R)|      FAST  |XLXI_13/XLXN_14                |   0.000|
            |        22.687(R)|      SLOW  |        10.753(R)|      FAST  |XLXI_13/XLXN_24                |   0.000|
            |        18.200(R)|      SLOW  |         9.014(R)|      FAST  |XLXI_5/XLXI_1/XLXN_1060        |   0.000|
------------+-----------------+------------+-----------------+------------+-------------------------------+--------+

Clock Mode_Bin<2> to Pad
------------+-----------------+------------+-----------------+------------+-------------------------------+--------+
            |Max (slowest) clk|  Process   |Min (fastest) clk|  Process   |                               | Clock  |
Destination |  (edge) to PAD  |   Corner   |  (edge) to PAD  |   Corner   |Internal Clock(s)              | Phase  |
------------+-----------------+------------+-----------------+------------+-------------------------------+--------+
Buzzer      |        14.791(R)|      SLOW  |         8.173(R)|      FAST  |XLXI_11/XLXI_35/XLXI_65/XLXN_14|   0.000|
            |        15.316(R)|      SLOW  |         8.385(R)|      FAST  |XLXI_11/XLXI_35/XLXI_65/XLXN_15|   0.000|
Segment<0>  |        15.820(R)|      SLOW  |         8.977(R)|      FAST  |XLXI_11/XLXI_35/XLXI_65/XLXN_13|   0.000|
            |        17.290(R)|      SLOW  |        10.161(R)|      FAST  |XLXI_11/XLXI_35/XLXI_65/XLXN_14|   0.000|
            |        18.347(R)|      SLOW  |        10.461(R)|      FAST  |XLXI_11/XLXI_35/XLXI_65/XLXN_15|   0.000|
            |        23.992(R)|      SLOW  |        11.515(R)|      FAST  |XLXI_13/XLXN_13                |   0.000|
            |        23.521(R)|      SLOW  |        11.281(R)|      FAST  |XLXI_13/XLXN_14                |   0.000|
            |        24.419(R)|      SLOW  |        12.050(R)|      FAST  |XLXI_13/XLXN_24                |   0.000|
            |        18.089(R)|      SLOW  |         9.159(R)|      FAST  |XLXI_5/XLXI_1/XLXN_1060        |   0.000|
Segment<1>  |        15.933(R)|      SLOW  |         9.261(R)|      FAST  |XLXI_11/XLXI_35/XLXI_65/XLXN_13|   0.000|
            |        17.435(R)|      SLOW  |        10.246(R)|      FAST  |XLXI_11/XLXI_35/XLXI_65/XLXN_14|   0.000|
            |        18.492(R)|      SLOW  |        10.654(R)|      FAST  |XLXI_11/XLXI_35/XLXI_65/XLXN_15|   0.000|
            |        23.334(R)|      SLOW  |        11.216(R)|      FAST  |XLXI_13/XLXN_13                |   0.000|
            |        22.863(R)|      SLOW  |        10.982(R)|      FAST  |XLXI_13/XLXN_14                |   0.000|
            |        23.761(R)|      SLOW  |        11.570(R)|      FAST  |XLXI_13/XLXN_24                |   0.000|
            |        19.258(R)|      SLOW  |         9.996(R)|      FAST  |XLXI_5/XLXI_1/XLXN_1060        |   0.000|
Segment<2>  |        15.506(R)|      SLOW  |         8.880(R)|      FAST  |XLXI_11/XLXI_35/XLXI_65/XLXN_13|   0.000|
            |        16.971(R)|      SLOW  |         9.890(R)|      FAST  |XLXI_11/XLXI_35/XLXI_65/XLXN_14|   0.000|
            |        17.748(R)|      SLOW  |        10.356(R)|      FAST  |XLXI_11/XLXI_35/XLXI_65/XLXN_15|   0.000|
            |        23.388(R)|      SLOW  |        11.350(R)|      FAST  |XLXI_13/XLXN_13                |   0.000|
            |        22.917(R)|      SLOW  |        11.116(R)|      FAST  |XLXI_13/XLXN_14                |   0.000|
            |        23.815(R)|      SLOW  |        11.783(R)|      FAST  |XLXI_13/XLXN_24                |   0.000|
            |        18.955(R)|      SLOW  |         9.762(R)|      FAST  |XLXI_5/XLXI_1/XLXN_1060        |   0.000|
Segment<3>  |        16.656(R)|      SLOW  |         9.469(R)|      FAST  |XLXI_11/XLXI_35/XLXI_65/XLXN_13|   0.000|
            |        18.175(R)|      SLOW  |        10.516(R)|      FAST  |XLXI_11/XLXI_35/XLXI_65/XLXN_14|   0.000|
            |        19.215(R)|      SLOW  |        10.941(R)|      FAST  |XLXI_11/XLXI_35/XLXI_65/XLXN_15|   0.000|
            |        23.530(R)|      SLOW  |        11.359(R)|      FAST  |XLXI_13/XLXN_13                |   0.000|
            |        23.059(R)|      SLOW  |        11.125(R)|      FAST  |XLXI_13/XLXN_14                |   0.000|
            |        23.957(R)|      SLOW  |        11.739(R)|      FAST  |XLXI_13/XLXN_24                |   0.000|
            |        19.502(R)|      SLOW  |         9.905(R)|      FAST  |XLXI_5/XLXI_1/XLXN_1060        |   0.000|
Segment<4>  |        15.764(R)|      SLOW  |         8.936(R)|      FAST  |XLXI_11/XLXI_35/XLXI_65/XLXN_13|   0.000|
            |        17.229(R)|      SLOW  |         9.972(R)|      FAST  |XLXI_11/XLXI_35/XLXI_65/XLXN_14|   0.000|
            |        17.836(R)|      SLOW  |        10.412(R)|      FAST  |XLXI_11/XLXI_35/XLXI_65/XLXN_15|   0.000|
            |        23.146(R)|      SLOW  |        11.142(R)|      FAST  |XLXI_13/XLXN_13                |   0.000|
            |        22.675(R)|      SLOW  |        10.908(R)|      FAST  |XLXI_13/XLXN_14                |   0.000|
            |        23.573(R)|      SLOW  |        11.496(R)|      FAST  |XLXI_13/XLXN_24                |   0.000|
            |        18.221(R)|      SLOW  |         9.223(R)|      FAST  |XLXI_5/XLXI_1/XLXN_1060        |   0.000|
Segment<5>  |        15.450(R)|      SLOW  |         8.861(R)|      FAST  |XLXI_11/XLXI_35/XLXI_65/XLXN_13|   0.000|
            |        16.973(R)|      SLOW  |         9.923(R)|      FAST  |XLXI_11/XLXI_35/XLXI_65/XLXN_14|   0.000|
            |        17.933(R)|      SLOW  |        10.345(R)|      FAST  |XLXI_11/XLXI_35/XLXI_65/XLXN_15|   0.000|
            |        22.196(R)|      SLOW  |        10.590(R)|      FAST  |XLXI_13/XLXN_13                |   0.000|
            |        21.725(R)|      SLOW  |        10.356(R)|      FAST  |XLXI_13/XLXN_14                |   0.000|
            |        22.623(R)|      SLOW  |        11.047(R)|      FAST  |XLXI_13/XLXN_24                |   0.000|
            |        18.007(R)|      SLOW  |         9.174(R)|      FAST  |XLXI_5/XLXI_1/XLXN_1060        |   0.000|
Segment<6>  |        15.347(R)|      SLOW  |         9.090(R)|      FAST  |XLXI_11/XLXI_35/XLXI_65/XLXN_13|   0.000|
            |        17.302(R)|      SLOW  |         9.956(R)|      FAST  |XLXI_11/XLXI_35/XLXI_65/XLXN_14|   0.000|
            |        17.956(R)|      SLOW  |        10.364(R)|      FAST  |XLXI_11/XLXI_35/XLXI_65/XLXN_15|   0.000|
            |        22.341(R)|      SLOW  |        10.530(R)|      FAST  |XLXI_13/XLXN_13                |   0.000|
            |        21.870(R)|      SLOW  |        10.296(R)|      FAST  |XLXI_13/XLXN_14                |   0.000|
            |        22.768(R)|      SLOW  |        11.065(R)|      FAST  |XLXI_13/XLXN_24                |   0.000|
            |        18.116(R)|      SLOW  |         9.189(R)|      FAST  |XLXI_5/XLXI_1/XLXN_1060        |   0.000|
------------+-----------------+------------+-----------------+------------+-------------------------------+--------+

Clock Mode_Bin<3> to Pad
------------+-----------------+------------+-----------------+------------+-------------------------------+--------+
            |Max (slowest) clk|  Process   |Min (fastest) clk|  Process   |                               | Clock  |
Destination |  (edge) to PAD  |   Corner   |  (edge) to PAD  |   Corner   |Internal Clock(s)              | Phase  |
------------+-----------------+------------+-----------------+------------+-------------------------------+--------+
Buzzer      |        14.865(R)|      SLOW  |         8.053(R)|      FAST  |XLXI_11/XLXI_35/XLXI_65/XLXN_14|   0.000|
            |        15.390(R)|      SLOW  |         8.265(R)|      FAST  |XLXI_11/XLXI_35/XLXI_65/XLXN_15|   0.000|
Segment<0>  |        15.894(R)|      SLOW  |         8.857(R)|      FAST  |XLXI_11/XLXI_35/XLXI_65/XLXN_13|   0.000|
            |        17.364(R)|      SLOW  |        10.041(R)|      FAST  |XLXI_11/XLXI_35/XLXI_65/XLXN_14|   0.000|
            |        18.421(R)|      SLOW  |        10.341(R)|      FAST  |XLXI_11/XLXI_35/XLXI_65/XLXN_15|   0.000|
            |        23.334(R)|      SLOW  |        10.879(R)|      FAST  |XLXI_13/XLXN_13                |   0.000|
            |        22.863(R)|      SLOW  |        10.645(R)|      FAST  |XLXI_13/XLXN_14                |   0.000|
            |        23.761(R)|      SLOW  |        11.414(R)|      FAST  |XLXI_13/XLXN_24                |   0.000|
            |        17.726(R)|      SLOW  |         8.798(R)|      FAST  |XLXI_5/XLXI_1/XLXN_1060        |   0.000|
Segment<1>  |        16.007(R)|      SLOW  |         9.141(R)|      FAST  |XLXI_11/XLXI_35/XLXI_65/XLXN_13|   0.000|
            |        17.509(R)|      SLOW  |        10.126(R)|      FAST  |XLXI_11/XLXI_35/XLXI_65/XLXN_14|   0.000|
            |        18.566(R)|      SLOW  |        10.534(R)|      FAST  |XLXI_11/XLXI_35/XLXI_65/XLXN_15|   0.000|
            |        22.676(R)|      SLOW  |        10.580(R)|      FAST  |XLXI_13/XLXN_13                |   0.000|
            |        22.205(R)|      SLOW  |        10.346(R)|      FAST  |XLXI_13/XLXN_14                |   0.000|
            |        23.103(R)|      SLOW  |        10.934(R)|      FAST  |XLXI_13/XLXN_24                |   0.000|
            |        18.895(R)|      SLOW  |         9.635(R)|      FAST  |XLXI_5/XLXI_1/XLXN_1060        |   0.000|
Segment<2>  |        15.580(R)|      SLOW  |         8.760(R)|      FAST  |XLXI_11/XLXI_35/XLXI_65/XLXN_13|   0.000|
            |        17.045(R)|      SLOW  |         9.770(R)|      FAST  |XLXI_11/XLXI_35/XLXI_65/XLXN_14|   0.000|
            |        17.822(R)|      SLOW  |        10.236(R)|      FAST  |XLXI_11/XLXI_35/XLXI_65/XLXN_15|   0.000|
            |        22.730(R)|      SLOW  |        10.714(R)|      FAST  |XLXI_13/XLXN_13                |   0.000|
            |        22.259(R)|      SLOW  |        10.480(R)|      FAST  |XLXI_13/XLXN_14                |   0.000|
            |        23.157(R)|      SLOW  |        11.147(R)|      FAST  |XLXI_13/XLXN_24                |   0.000|
            |        18.592(R)|      SLOW  |         9.401(R)|      FAST  |XLXI_5/XLXI_1/XLXN_1060        |   0.000|
Segment<3>  |        16.730(R)|      SLOW  |         9.349(R)|      FAST  |XLXI_11/XLXI_35/XLXI_65/XLXN_13|   0.000|
            |        18.249(R)|      SLOW  |        10.396(R)|      FAST  |XLXI_11/XLXI_35/XLXI_65/XLXN_14|   0.000|
            |        19.289(R)|      SLOW  |        10.821(R)|      FAST  |XLXI_11/XLXI_35/XLXI_65/XLXN_15|   0.000|
            |        22.872(R)|      SLOW  |        10.723(R)|      FAST  |XLXI_13/XLXN_13                |   0.000|
            |        22.401(R)|      SLOW  |        10.489(R)|      FAST  |XLXI_13/XLXN_14                |   0.000|
            |        23.299(R)|      SLOW  |        11.103(R)|      FAST  |XLXI_13/XLXN_24                |   0.000|
            |        19.139(R)|      SLOW  |         9.544(R)|      FAST  |XLXI_5/XLXI_1/XLXN_1060        |   0.000|
Segment<4>  |        15.838(R)|      SLOW  |         8.816(R)|      FAST  |XLXI_11/XLXI_35/XLXI_65/XLXN_13|   0.000|
            |        17.303(R)|      SLOW  |         9.852(R)|      FAST  |XLXI_11/XLXI_35/XLXI_65/XLXN_14|   0.000|
            |        17.910(R)|      SLOW  |        10.292(R)|      FAST  |XLXI_11/XLXI_35/XLXI_65/XLXN_15|   0.000|
            |        22.488(R)|      SLOW  |        10.506(R)|      FAST  |XLXI_13/XLXN_13                |   0.000|
            |        22.017(R)|      SLOW  |        10.272(R)|      FAST  |XLXI_13/XLXN_14                |   0.000|
            |        22.915(R)|      SLOW  |        10.860(R)|      FAST  |XLXI_13/XLXN_24                |   0.000|
            |        17.858(R)|      SLOW  |         8.862(R)|      FAST  |XLXI_5/XLXI_1/XLXN_1060        |   0.000|
Segment<5>  |        15.524(R)|      SLOW  |         8.741(R)|      FAST  |XLXI_11/XLXI_35/XLXI_65/XLXN_13|   0.000|
            |        17.047(R)|      SLOW  |         9.803(R)|      FAST  |XLXI_11/XLXI_35/XLXI_65/XLXN_14|   0.000|
            |        18.007(R)|      SLOW  |        10.225(R)|      FAST  |XLXI_11/XLXI_35/XLXI_65/XLXN_15|   0.000|
            |        21.538(R)|      SLOW  |         9.954(R)|      FAST  |XLXI_13/XLXN_13                |   0.000|
            |        21.067(R)|      SLOW  |         9.720(R)|      FAST  |XLXI_13/XLXN_14                |   0.000|
            |        21.965(R)|      SLOW  |        10.411(R)|      FAST  |XLXI_13/XLXN_24                |   0.000|
            |        17.644(R)|      SLOW  |         8.813(R)|      FAST  |XLXI_5/XLXI_1/XLXN_1060        |   0.000|
Segment<6>  |        15.421(R)|      SLOW  |         8.970(R)|      FAST  |XLXI_11/XLXI_35/XLXI_65/XLXN_13|   0.000|
            |        17.376(R)|      SLOW  |         9.836(R)|      FAST  |XLXI_11/XLXI_35/XLXI_65/XLXN_14|   0.000|
            |        18.030(R)|      SLOW  |        10.244(R)|      FAST  |XLXI_11/XLXI_35/XLXI_65/XLXN_15|   0.000|
            |        21.683(R)|      SLOW  |         9.894(R)|      FAST  |XLXI_13/XLXN_13                |   0.000|
            |        21.212(R)|      SLOW  |         9.660(R)|      FAST  |XLXI_13/XLXN_14                |   0.000|
            |        22.110(R)|      SLOW  |        10.429(R)|      FAST  |XLXI_13/XLXN_24                |   0.000|
            |        17.753(R)|      SLOW  |         8.828(R)|      FAST  |XLXI_5/XLXI_1/XLXN_1060        |   0.000|
------------+-----------------+------------+-----------------+------------+-------------------------------+--------+

Clock OSC to Pad
------------+-----------------+------------+-----------------+------------+------------------+--------+
            |Max (slowest) clk|  Process   |Min (fastest) clk|  Process   |                  | Clock  |
Destination |  (edge) to PAD  |   Corner   |  (edge) to PAD  |   Corner   |Internal Clock(s) | Phase  |
------------+-----------------+------------+-----------------+------------+------------------+--------+
Segment<0>  |        14.556(R)|      SLOW  |         7.417(R)|      FAST  |XLXI_2/XLXN_118   |   0.000|
Segment<1>  |        15.445(R)|      SLOW  |         7.854(R)|      FAST  |XLXI_2/XLXN_118   |   0.000|
Segment<2>  |        15.006(R)|      SLOW  |         7.884(R)|      FAST  |XLXI_2/XLXN_118   |   0.000|
Segment<3>  |        15.783(R)|      SLOW  |         8.094(R)|      FAST  |XLXI_2/XLXN_118   |   0.000|
Segment<4>  |        15.161(R)|      SLOW  |         7.803(R)|      FAST  |XLXI_2/XLXN_118   |   0.000|
Segment<5>  |        14.828(R)|      SLOW  |         7.543(R)|      FAST  |XLXI_2/XLXN_118   |   0.000|
Segment<6>  |        14.688(R)|      SLOW  |         7.744(R)|      FAST  |XLXI_2/XLXN_118   |   0.000|
------------+-----------------+------------+-----------------+------------+------------------+--------+

Clock PB1 to Pad
------------+-----------------+------------+-----------------+------------+-----------------------+--------+
            |Max (slowest) clk|  Process   |Min (fastest) clk|  Process   |                       | Clock  |
Destination |  (edge) to PAD  |   Corner   |  (edge) to PAD  |   Corner   |Internal Clock(s)      | Phase  |
------------+-----------------+------------+-----------------+------------+-----------------------+--------+
Segment<0>  |        12.733(R)|      SLOW  |         7.162(R)|      FAST  |XLXI_5/XLXI_1/XLXN_1060|   0.000|
Segment<1>  |        13.902(R)|      SLOW  |         7.999(R)|      FAST  |XLXI_5/XLXI_1/XLXN_1060|   0.000|
Segment<2>  |        13.599(R)|      SLOW  |         7.765(R)|      FAST  |XLXI_5/XLXI_1/XLXN_1060|   0.000|
Segment<3>  |        14.146(R)|      SLOW  |         7.908(R)|      FAST  |XLXI_5/XLXI_1/XLXN_1060|   0.000|
Segment<4>  |        12.865(R)|      SLOW  |         7.226(R)|      FAST  |XLXI_5/XLXI_1/XLXN_1060|   0.000|
Segment<5>  |        12.651(R)|      SLOW  |         7.177(R)|      FAST  |XLXI_5/XLXI_1/XLXN_1060|   0.000|
Segment<6>  |        12.760(R)|      SLOW  |         7.192(R)|      FAST  |XLXI_5/XLXI_1/XLXN_1060|   0.000|
------------+-----------------+------------+-----------------+------------+-----------------------+--------+

Clock PB2 to Pad
------------+-----------------+------------+-----------------+------------+------------------+--------+
            |Max (slowest) clk|  Process   |Min (fastest) clk|  Process   |                  | Clock  |
Destination |  (edge) to PAD  |   Corner   |  (edge) to PAD  |   Corner   |Internal Clock(s) | Phase  |
------------+-----------------+------------+-----------------+------------+------------------+--------+
Segment<0>  |        20.671(R)|      SLOW  |         9.499(R)|      FAST  |XLXI_13/XLXN_24   |   0.000|
Segment<1>  |        20.013(R)|      SLOW  |         9.019(R)|      FAST  |XLXI_13/XLXN_24   |   0.000|
Segment<2>  |        20.067(R)|      SLOW  |         9.232(R)|      FAST  |XLXI_13/XLXN_24   |   0.000|
Segment<3>  |        20.209(R)|      SLOW  |         9.188(R)|      FAST  |XLXI_13/XLXN_24   |   0.000|
Segment<4>  |        19.825(R)|      SLOW  |         8.945(R)|      FAST  |XLXI_13/XLXN_24   |   0.000|
Segment<5>  |        18.875(R)|      SLOW  |         8.496(R)|      FAST  |XLXI_13/XLXN_24   |   0.000|
Segment<6>  |        19.020(R)|      SLOW  |         8.514(R)|      FAST  |XLXI_13/XLXN_24   |   0.000|
------------+-----------------+------------+-----------------+------------+------------------+--------+

Clock PB3 to Pad
------------+-----------------+------------+-----------------+------------+-------------------------------+--------+
            |Max (slowest) clk|  Process   |Min (fastest) clk|  Process   |                               | Clock  |
Destination |  (edge) to PAD  |   Corner   |  (edge) to PAD  |   Corner   |Internal Clock(s)              | Phase  |
------------+-----------------+------------+-----------------+------------+-------------------------------+--------+
Buzzer      |        13.900(R)|      SLOW  |         7.423(R)|      FAST  |XLXI_11/XLXI_35/XLXI_65/XLXN_14|   0.000|
            |        14.425(R)|      SLOW  |         7.635(R)|      FAST  |XLXI_11/XLXI_35/XLXI_65/XLXN_15|   0.000|
Segment<0>  |        14.929(R)|      SLOW  |         8.227(R)|      FAST  |XLXI_11/XLXI_35/XLXI_65/XLXN_13|   0.000|
            |        16.399(R)|      SLOW  |         9.411(R)|      FAST  |XLXI_11/XLXI_35/XLXI_65/XLXN_14|   0.000|
            |        17.456(R)|      SLOW  |         9.711(R)|      FAST  |XLXI_11/XLXI_35/XLXI_65/XLXN_15|   0.000|
            |        20.522(R)|      SLOW  |         9.224(R)|      FAST  |XLXI_13/XLXN_13                |   0.000|
Segment<1>  |        15.042(R)|      SLOW  |         8.511(R)|      FAST  |XLXI_11/XLXI_35/XLXI_65/XLXN_13|   0.000|
            |        16.544(R)|      SLOW  |         9.496(R)|      FAST  |XLXI_11/XLXI_35/XLXI_65/XLXN_14|   0.000|
            |        17.601(R)|      SLOW  |         9.904(R)|      FAST  |XLXI_11/XLXI_35/XLXI_65/XLXN_15|   0.000|
            |        19.864(R)|      SLOW  |         8.925(R)|      FAST  |XLXI_13/XLXN_13                |   0.000|
Segment<2>  |        14.615(R)|      SLOW  |         8.130(R)|      FAST  |XLXI_11/XLXI_35/XLXI_65/XLXN_13|   0.000|
            |        16.080(R)|      SLOW  |         9.140(R)|      FAST  |XLXI_11/XLXI_35/XLXI_65/XLXN_14|   0.000|
            |        16.857(R)|      SLOW  |         9.606(R)|      FAST  |XLXI_11/XLXI_35/XLXI_65/XLXN_15|   0.000|
            |        19.918(R)|      SLOW  |         9.059(R)|      FAST  |XLXI_13/XLXN_13                |   0.000|
Segment<3>  |        15.765(R)|      SLOW  |         8.719(R)|      FAST  |XLXI_11/XLXI_35/XLXI_65/XLXN_13|   0.000|
            |        17.284(R)|      SLOW  |         9.766(R)|      FAST  |XLXI_11/XLXI_35/XLXI_65/XLXN_14|   0.000|
            |        18.324(R)|      SLOW  |        10.191(R)|      FAST  |XLXI_11/XLXI_35/XLXI_65/XLXN_15|   0.000|
            |        20.060(R)|      SLOW  |         9.068(R)|      FAST  |XLXI_13/XLXN_13                |   0.000|
Segment<4>  |        14.873(R)|      SLOW  |         8.186(R)|      FAST  |XLXI_11/XLXI_35/XLXI_65/XLXN_13|   0.000|
            |        16.338(R)|      SLOW  |         9.222(R)|      FAST  |XLXI_11/XLXI_35/XLXI_65/XLXN_14|   0.000|
            |        16.945(R)|      SLOW  |         9.662(R)|      FAST  |XLXI_11/XLXI_35/XLXI_65/XLXN_15|   0.000|
            |        19.676(R)|      SLOW  |         8.851(R)|      FAST  |XLXI_13/XLXN_13                |   0.000|
Segment<5>  |        14.559(R)|      SLOW  |         8.111(R)|      FAST  |XLXI_11/XLXI_35/XLXI_65/XLXN_13|   0.000|
            |        16.082(R)|      SLOW  |         9.173(R)|      FAST  |XLXI_11/XLXI_35/XLXI_65/XLXN_14|   0.000|
            |        17.042(R)|      SLOW  |         9.595(R)|      FAST  |XLXI_11/XLXI_35/XLXI_65/XLXN_15|   0.000|
            |        18.726(R)|      SLOW  |         8.299(R)|      FAST  |XLXI_13/XLXN_13                |   0.000|
Segment<6>  |        14.456(R)|      SLOW  |         8.340(R)|      FAST  |XLXI_11/XLXI_35/XLXI_65/XLXN_13|   0.000|
            |        16.411(R)|      SLOW  |         9.206(R)|      FAST  |XLXI_11/XLXI_35/XLXI_65/XLXN_14|   0.000|
            |        17.065(R)|      SLOW  |         9.614(R)|      FAST  |XLXI_11/XLXI_35/XLXI_65/XLXN_15|   0.000|
            |        18.871(R)|      SLOW  |         8.239(R)|      FAST  |XLXI_13/XLXN_13                |   0.000|
------------+-----------------+------------+-----------------+------------+-------------------------------+--------+

Clock PB4 to Pad
------------+-----------------+------------+-----------------+------------+-----------------------+--------+
            |Max (slowest) clk|  Process   |Min (fastest) clk|  Process   |                       | Clock  |
Destination |  (edge) to PAD  |   Corner   |  (edge) to PAD  |   Corner   |Internal Clock(s)      | Phase  |
------------+-----------------+------------+-----------------+------------+-----------------------+--------+
Segment<0>  |        20.341(R)|      SLOW  |         9.101(R)|      FAST  |XLXI_13/XLXN_14        |   0.000|
            |        14.058(R)|      SLOW  |         8.028(R)|      FAST  |XLXI_5/XLXI_1/XLXN_1060|   0.000|
Segment<1>  |        19.683(R)|      SLOW  |         8.802(R)|      FAST  |XLXI_13/XLXN_14        |   0.000|
            |        15.227(R)|      SLOW  |         8.865(R)|      FAST  |XLXI_5/XLXI_1/XLXN_1060|   0.000|
Segment<2>  |        19.737(R)|      SLOW  |         8.936(R)|      FAST  |XLXI_13/XLXN_14        |   0.000|
            |        14.924(R)|      SLOW  |         8.631(R)|      FAST  |XLXI_5/XLXI_1/XLXN_1060|   0.000|
Segment<3>  |        19.879(R)|      SLOW  |         8.945(R)|      FAST  |XLXI_13/XLXN_14        |   0.000|
            |        15.471(R)|      SLOW  |         8.774(R)|      FAST  |XLXI_5/XLXI_1/XLXN_1060|   0.000|
Segment<4>  |        19.495(R)|      SLOW  |         8.728(R)|      FAST  |XLXI_13/XLXN_14        |   0.000|
            |        14.190(R)|      SLOW  |         8.092(R)|      FAST  |XLXI_5/XLXI_1/XLXN_1060|   0.000|
Segment<5>  |        18.545(R)|      SLOW  |         8.176(R)|      FAST  |XLXI_13/XLXN_14        |   0.000|
            |        13.976(R)|      SLOW  |         8.043(R)|      FAST  |XLXI_5/XLXI_1/XLXN_1060|   0.000|
Segment<6>  |        18.690(R)|      SLOW  |         8.116(R)|      FAST  |XLXI_13/XLXN_14        |   0.000|
            |        14.085(R)|      SLOW  |         8.058(R)|      FAST  |XLXI_5/XLXI_1/XLXN_1060|   0.000|
------------+-----------------+------------+-----------------+------------+-----------------------+--------+

Clock SW0 to Pad
------------+-----------------+------------+-----------------+------------+------------------+--------+
            |Max (slowest) clk|  Process   |Min (fastest) clk|  Process   |                  | Clock  |
Destination |  (edge) to PAD  |   Corner   |  (edge) to PAD  |   Corner   |Internal Clock(s) | Phase  |
------------+-----------------+------------+-----------------+------------+------------------+--------+
Segment<0>  |        15.698(R)|      SLOW  |         7.732(R)|      FAST  |XLXI_2/XLXN_118   |   0.000|
Segment<1>  |        16.587(R)|      SLOW  |         8.169(R)|      FAST  |XLXI_2/XLXN_118   |   0.000|
Segment<2>  |        16.148(R)|      SLOW  |         8.199(R)|      FAST  |XLXI_2/XLXN_118   |   0.000|
Segment<3>  |        16.925(R)|      SLOW  |         8.409(R)|      FAST  |XLXI_2/XLXN_118   |   0.000|
Segment<4>  |        16.303(R)|      SLOW  |         8.118(R)|      FAST  |XLXI_2/XLXN_118   |   0.000|
Segment<5>  |        15.970(R)|      SLOW  |         7.858(R)|      FAST  |XLXI_2/XLXN_118   |   0.000|
Segment<6>  |        15.830(R)|      SLOW  |         8.059(R)|      FAST  |XLXI_2/XLXN_118   |   0.000|
------------+-----------------+------------+-----------------+------------+------------------+--------+

Clock SW1 to Pad
------------+-----------------+------------+-----------------+------------+------------------+--------+
            |Max (slowest) clk|  Process   |Min (fastest) clk|  Process   |                  | Clock  |
Destination |  (edge) to PAD  |   Corner   |  (edge) to PAD  |   Corner   |Internal Clock(s) | Phase  |
------------+-----------------+------------+-----------------+------------+------------------+--------+
Segment<0>  |        15.824(R)|      SLOW  |         7.757(R)|      FAST  |XLXI_2/XLXN_118   |   0.000|
Segment<1>  |        16.713(R)|      SLOW  |         8.194(R)|      FAST  |XLXI_2/XLXN_118   |   0.000|
Segment<2>  |        16.274(R)|      SLOW  |         8.224(R)|      FAST  |XLXI_2/XLXN_118   |   0.000|
Segment<3>  |        17.051(R)|      SLOW  |         8.434(R)|      FAST  |XLXI_2/XLXN_118   |   0.000|
Segment<4>  |        16.429(R)|      SLOW  |         8.143(R)|      FAST  |XLXI_2/XLXN_118   |   0.000|
Segment<5>  |        16.096(R)|      SLOW  |         7.883(R)|      FAST  |XLXI_2/XLXN_118   |   0.000|
Segment<6>  |        15.956(R)|      SLOW  |         8.084(R)|      FAST  |XLXI_2/XLXN_118   |   0.000|
------------+-----------------+------------+-----------------+------------+------------------+--------+

Clock SW2 to Pad
------------+-----------------+------------+-----------------+------------+------------------+--------+
            |Max (slowest) clk|  Process   |Min (fastest) clk|  Process   |                  | Clock  |
Destination |  (edge) to PAD  |   Corner   |  (edge) to PAD  |   Corner   |Internal Clock(s) | Phase  |
------------+-----------------+------------+-----------------+------------+------------------+--------+
Segment<0>  |        15.754(R)|      SLOW  |         7.648(R)|      FAST  |XLXI_2/XLXN_118   |   0.000|
Segment<1>  |        16.643(R)|      SLOW  |         8.085(R)|      FAST  |XLXI_2/XLXN_118   |   0.000|
Segment<2>  |        16.204(R)|      SLOW  |         8.115(R)|      FAST  |XLXI_2/XLXN_118   |   0.000|
Segment<3>  |        16.981(R)|      SLOW  |         8.325(R)|      FAST  |XLXI_2/XLXN_118   |   0.000|
Segment<4>  |        16.359(R)|      SLOW  |         8.034(R)|      FAST  |XLXI_2/XLXN_118   |   0.000|
Segment<5>  |        16.026(R)|      SLOW  |         7.774(R)|      FAST  |XLXI_2/XLXN_118   |   0.000|
Segment<6>  |        15.886(R)|      SLOW  |         7.975(R)|      FAST  |XLXI_2/XLXN_118   |   0.000|
------------+-----------------+------------+-----------------+------------+------------------+--------+

Clock SW3 to Pad
------------+-----------------+------------+-----------------+------------+------------------+--------+
            |Max (slowest) clk|  Process   |Min (fastest) clk|  Process   |                  | Clock  |
Destination |  (edge) to PAD  |   Corner   |  (edge) to PAD  |   Corner   |Internal Clock(s) | Phase  |
------------+-----------------+------------+-----------------+------------+------------------+--------+
Segment<0>  |        15.506(R)|      SLOW  |         7.674(R)|      FAST  |XLXI_2/XLXN_118   |   0.000|
Segment<1>  |        16.395(R)|      SLOW  |         8.111(R)|      FAST  |XLXI_2/XLXN_118   |   0.000|
Segment<2>  |        15.956(R)|      SLOW  |         8.141(R)|      FAST  |XLXI_2/XLXN_118   |   0.000|
Segment<3>  |        16.733(R)|      SLOW  |         8.351(R)|      FAST  |XLXI_2/XLXN_118   |   0.000|
Segment<4>  |        16.111(R)|      SLOW  |         8.060(R)|      FAST  |XLXI_2/XLXN_118   |   0.000|
Segment<5>  |        15.778(R)|      SLOW  |         7.800(R)|      FAST  |XLXI_2/XLXN_118   |   0.000|
Segment<6>  |        15.638(R)|      SLOW  |         8.001(R)|      FAST  |XLXI_2/XLXN_118   |   0.000|
------------+-----------------+------------+-----------------+------------+------------------+--------+

Clock SW4 to Pad
------------+-----------------+------------+-----------------+------------+------------------+--------+
            |Max (slowest) clk|  Process   |Min (fastest) clk|  Process   |                  | Clock  |
Destination |  (edge) to PAD  |   Corner   |  (edge) to PAD  |   Corner   |Internal Clock(s) | Phase  |
------------+-----------------+------------+-----------------+------------+------------------+--------+
Segment<0>  |        15.168(R)|      SLOW  |         7.717(R)|      FAST  |XLXI_2/XLXN_118   |   0.000|
Segment<1>  |        16.057(R)|      SLOW  |         8.154(R)|      FAST  |XLXI_2/XLXN_118   |   0.000|
Segment<2>  |        15.618(R)|      SLOW  |         8.184(R)|      FAST  |XLXI_2/XLXN_118   |   0.000|
Segment<3>  |        16.395(R)|      SLOW  |         8.394(R)|      FAST  |XLXI_2/XLXN_118   |   0.000|
Segment<4>  |        15.773(R)|      SLOW  |         8.103(R)|      FAST  |XLXI_2/XLXN_118   |   0.000|
Segment<5>  |        15.440(R)|      SLOW  |         7.843(R)|      FAST  |XLXI_2/XLXN_118   |   0.000|
Segment<6>  |        15.300(R)|      SLOW  |         8.044(R)|      FAST  |XLXI_2/XLXN_118   |   0.000|
------------+-----------------+------------+-----------------+------------+------------------+--------+

Clock SW5 to Pad
------------+-----------------+------------+-----------------+------------+------------------+--------+
            |Max (slowest) clk|  Process   |Min (fastest) clk|  Process   |                  | Clock  |
Destination |  (edge) to PAD  |   Corner   |  (edge) to PAD  |   Corner   |Internal Clock(s) | Phase  |
------------+-----------------+------------+-----------------+------------+------------------+--------+
Segment<0>  |        15.528(R)|      SLOW  |         7.626(R)|      FAST  |XLXI_2/XLXN_118   |   0.000|
Segment<1>  |        16.417(R)|      SLOW  |         8.063(R)|      FAST  |XLXI_2/XLXN_118   |   0.000|
Segment<2>  |        15.978(R)|      SLOW  |         8.093(R)|      FAST  |XLXI_2/XLXN_118   |   0.000|
Segment<3>  |        16.755(R)|      SLOW  |         8.303(R)|      FAST  |XLXI_2/XLXN_118   |   0.000|
Segment<4>  |        16.133(R)|      SLOW  |         8.012(R)|      FAST  |XLXI_2/XLXN_118   |   0.000|
Segment<5>  |        15.800(R)|      SLOW  |         7.752(R)|      FAST  |XLXI_2/XLXN_118   |   0.000|
Segment<6>  |        15.660(R)|      SLOW  |         7.953(R)|      FAST  |XLXI_2/XLXN_118   |   0.000|
------------+-----------------+------------+-----------------+------------+------------------+--------+

Clock SW6 to Pad
------------+-----------------+------------+-----------------+------------+------------------+--------+
            |Max (slowest) clk|  Process   |Min (fastest) clk|  Process   |                  | Clock  |
Destination |  (edge) to PAD  |   Corner   |  (edge) to PAD  |   Corner   |Internal Clock(s) | Phase  |
------------+-----------------+------------+-----------------+------------+------------------+--------+
Segment<0>  |        14.801(R)|      SLOW  |         7.631(R)|      FAST  |XLXI_2/XLXN_118   |   0.000|
Segment<1>  |        15.690(R)|      SLOW  |         8.068(R)|      FAST  |XLXI_2/XLXN_118   |   0.000|
Segment<2>  |        15.251(R)|      SLOW  |         8.098(R)|      FAST  |XLXI_2/XLXN_118   |   0.000|
Segment<3>  |        16.028(R)|      SLOW  |         8.308(R)|      FAST  |XLXI_2/XLXN_118   |   0.000|
Segment<4>  |        15.406(R)|      SLOW  |         8.017(R)|      FAST  |XLXI_2/XLXN_118   |   0.000|
Segment<5>  |        15.073(R)|      SLOW  |         7.757(R)|      FAST  |XLXI_2/XLXN_118   |   0.000|
Segment<6>  |        14.933(R)|      SLOW  |         7.958(R)|      FAST  |XLXI_2/XLXN_118   |   0.000|
------------+-----------------+------------+-----------------+------------+------------------+--------+

Clock SW7 to Pad
------------+-----------------+------------+-----------------+------------+------------------+--------+
            |Max (slowest) clk|  Process   |Min (fastest) clk|  Process   |                  | Clock  |
Destination |  (edge) to PAD  |   Corner   |  (edge) to PAD  |   Corner   |Internal Clock(s) | Phase  |
------------+-----------------+------------+-----------------+------------+------------------+--------+
Segment<0>  |        15.192(R)|      SLOW  |         8.043(R)|      FAST  |XLXI_2/XLXN_118   |   0.000|
Segment<1>  |        16.081(R)|      SLOW  |         8.480(R)|      FAST  |XLXI_2/XLXN_118   |   0.000|
Segment<2>  |        15.642(R)|      SLOW  |         8.510(R)|      FAST  |XLXI_2/XLXN_118   |   0.000|
Segment<3>  |        16.419(R)|      SLOW  |         8.720(R)|      FAST  |XLXI_2/XLXN_118   |   0.000|
Segment<4>  |        15.797(R)|      SLOW  |         8.429(R)|      FAST  |XLXI_2/XLXN_118   |   0.000|
Segment<5>  |        15.464(R)|      SLOW  |         8.169(R)|      FAST  |XLXI_2/XLXN_118   |   0.000|
Segment<6>  |        15.324(R)|      SLOW  |         8.370(R)|      FAST  |XLXI_2/XLXN_118   |   0.000|
------------+-----------------+------------+-----------------+------------+------------------+--------+

Clock to Setup on destination clock Mode_Bin<0>
---------------+---------+---------+---------+---------+
               | Src:Rise| Src:Fall| Src:Rise| Src:Fall|
Source Clock   |Dest:Rise|Dest:Rise|Dest:Fall|Dest:Fall|
---------------+---------+---------+---------+---------+
Mode_Bin<0>    |    3.032|    2.250|         |         |
Mode_Bin<1>    |    3.032|    2.422|         |         |
Mode_Bin<2>    |    3.032|    2.503|         |         |
Mode_Bin<3>    |    3.032|    1.845|         |         |
OSC            |    3.026|         |         |         |
PB1            |    2.815|   -1.100|         |         |
PB2            |    0.894|   -0.865|         |         |
PB3            |    3.032|   -0.821|         |         |
PB4            |    3.026|   -0.943|         |         |
---------------+---------+---------+---------+---------+

Clock to Setup on destination clock Mode_Bin<1>
---------------+---------+---------+---------+---------+
               | Src:Rise| Src:Fall| Src:Rise| Src:Fall|
Source Clock   |Dest:Rise|Dest:Rise|Dest:Fall|Dest:Fall|
---------------+---------+---------+---------+---------+
Mode_Bin<0>    |    3.032|    2.085|         |         |
Mode_Bin<1>    |    3.032|    2.257|         |         |
Mode_Bin<2>    |    3.032|    2.338|         |         |
Mode_Bin<3>    |    3.032|    1.680|         |         |
OSC            |    3.026|         |         |         |
PB1            |    2.815|   -1.224|         |         |
PB2            |    0.894|   -0.989|         |         |
PB3            |    3.032|   -0.945|         |         |
PB4            |    3.026|   -1.067|         |         |
---------------+---------+---------+---------+---------+

Clock to Setup on destination clock Mode_Bin<2>
---------------+---------+---------+---------+---------+
               | Src:Rise| Src:Fall| Src:Rise| Src:Fall|
Source Clock   |Dest:Rise|Dest:Rise|Dest:Fall|Dest:Fall|
---------------+---------+---------+---------+---------+
Mode_Bin<0>    |    3.032|    1.978|         |         |
Mode_Bin<1>    |    3.032|    2.150|         |         |
Mode_Bin<2>    |    3.032|    2.231|         |         |
Mode_Bin<3>    |    3.032|    1.573|         |         |
OSC            |    3.026|         |         |         |
PB1            |    2.815|   -1.536|         |         |
PB2            |    0.894|   -1.301|         |         |
PB3            |    3.032|   -1.257|         |         |
PB4            |    3.026|   -1.379|         |         |
---------------+---------+---------+---------+---------+

Clock to Setup on destination clock Mode_Bin<3>
---------------+---------+---------+---------+---------+
               | Src:Rise| Src:Fall| Src:Rise| Src:Fall|
Source Clock   |Dest:Rise|Dest:Rise|Dest:Fall|Dest:Fall|
---------------+---------+---------+---------+---------+
Mode_Bin<0>    |    3.032|    2.628|         |         |
Mode_Bin<1>    |    3.032|    2.800|         |         |
Mode_Bin<2>    |    3.032|    2.881|         |         |
Mode_Bin<3>    |    3.032|    2.223|         |         |
OSC            |    3.026|         |         |         |
PB1            |    2.815|   -0.900|         |         |
PB2            |    0.894|   -0.665|         |         |
PB3            |    3.032|   -0.621|         |         |
PB4            |    3.026|   -0.743|         |         |
---------------+---------+---------+---------+---------+

Clock to Setup on destination clock OSC
---------------+---------+---------+---------+---------+
               | Src:Rise| Src:Fall| Src:Rise| Src:Fall|
Source Clock   |Dest:Rise|Dest:Rise|Dest:Fall|Dest:Fall|
---------------+---------+---------+---------+---------+
Mode_Bin<0>    |    5.010|    5.010|         |         |
Mode_Bin<1>    |    5.065|    5.065|         |         |
Mode_Bin<2>    |    4.981|    4.981|         |         |
Mode_Bin<3>    |    4.618|    4.618|         |         |
OSC            |    3.484|         |         |         |
PB4            |    3.026|    0.950|         |         |
SW0            |    3.484|         |         |         |
SW1            |    3.484|         |         |         |
SW2            |    3.484|         |         |         |
SW3            |    3.484|         |         |         |
SW4            |    3.484|         |         |         |
SW5            |    3.484|         |         |         |
SW6            |    3.484|         |         |         |
SW7            |    3.484|         |         |         |
---------------+---------+---------+---------+---------+

Clock to Setup on destination clock PB1
---------------+---------+---------+---------+---------+
               | Src:Rise| Src:Fall| Src:Rise| Src:Fall|
Source Clock   |Dest:Rise|Dest:Rise|Dest:Fall|Dest:Fall|
---------------+---------+---------+---------+---------+
Mode_Bin<0>    |    2.815|         |         |         |
Mode_Bin<1>    |    2.815|         |         |         |
Mode_Bin<2>    |    2.815|         |         |         |
Mode_Bin<3>    |    2.815|         |         |         |
PB1            |    2.815|         |         |         |
PB4            |    2.815|         |         |         |
---------------+---------+---------+---------+---------+

Clock to Setup on destination clock PB2
---------------+---------+---------+---------+---------+
               | Src:Rise| Src:Fall| Src:Rise| Src:Fall|
Source Clock   |Dest:Rise|Dest:Rise|Dest:Fall|Dest:Fall|
---------------+---------+---------+---------+---------+
Mode_Bin<0>    |    4.583|    4.583|         |         |
Mode_Bin<1>    |    4.755|    4.755|         |         |
Mode_Bin<2>    |    4.836|    4.836|         |         |
Mode_Bin<3>    |    4.178|    4.178|         |         |
PB1            |    1.013|    1.013|         |         |
PB2            |    0.894|         |         |         |
PB3            |    1.356|    1.356|         |         |
PB4            |    1.326|    1.326|         |         |
---------------+---------+---------+---------+---------+

Clock to Setup on destination clock PB3
---------------+---------+---------+---------+---------+
               | Src:Rise| Src:Fall| Src:Rise| Src:Fall|
Source Clock   |Dest:Rise|Dest:Rise|Dest:Fall|Dest:Fall|
---------------+---------+---------+---------+---------+
Mode_Bin<0>    |    4.640|    4.640|         |         |
Mode_Bin<1>    |    4.812|    4.812|         |         |
Mode_Bin<2>    |    4.893|    4.893|         |         |
Mode_Bin<3>    |    4.235|    4.235|         |         |
PB1            |    0.868|    0.868|         |         |
PB2            |    0.944|    0.944|         |         |
PB3            |    3.032|         |         |         |
PB4            |    1.713|    1.713|         |         |
---------------+---------+---------+---------+---------+

Clock to Setup on destination clock PB4
---------------+---------+---------+---------+---------+
               | Src:Rise| Src:Fall| Src:Rise| Src:Fall|
Source Clock   |Dest:Rise|Dest:Rise|Dest:Fall|Dest:Fall|
---------------+---------+---------+---------+---------+
Mode_Bin<0>    |    5.021|    5.021|         |         |
Mode_Bin<1>    |    5.193|    5.193|         |         |
Mode_Bin<2>    |    5.274|    5.274|         |         |
Mode_Bin<3>    |    4.616|    4.616|         |         |
OSC            |    3.026|         |         |         |
PB1            |    2.815|    1.142|         |         |
PB2            |    1.526|    1.526|         |         |
PB3            |    1.525|    1.525|         |         |
PB4            |    3.026|    0.137|         |         |
---------------+---------+---------+---------+---------+

Clock to Setup on destination clock SW0
---------------+---------+---------+---------+---------+
               | Src:Rise| Src:Fall| Src:Rise| Src:Fall|
Source Clock   |Dest:Rise|Dest:Rise|Dest:Fall|Dest:Fall|
---------------+---------+---------+---------+---------+
OSC            |    3.484|         |         |         |
SW0            |    3.484|         |         |         |
SW1            |    3.484|         |         |         |
SW2            |    3.484|         |         |         |
SW3            |    3.484|         |         |         |
SW4            |    3.484|         |         |         |
SW5            |    3.484|         |         |         |
SW6            |    3.484|         |         |         |
SW7            |    3.484|         |         |         |
---------------+---------+---------+---------+---------+

Clock to Setup on destination clock SW1
---------------+---------+---------+---------+---------+
               | Src:Rise| Src:Fall| Src:Rise| Src:Fall|
Source Clock   |Dest:Rise|Dest:Rise|Dest:Fall|Dest:Fall|
---------------+---------+---------+---------+---------+
OSC            |    3.484|         |         |         |
SW0            |    3.484|         |         |         |
SW1            |    3.484|         |         |         |
SW2            |    3.484|         |         |         |
SW3            |    3.484|         |         |         |
SW4            |    3.484|         |         |         |
SW5            |    3.484|         |         |         |
SW6            |    3.484|         |         |         |
SW7            |    3.484|         |         |         |
---------------+---------+---------+---------+---------+

Clock to Setup on destination clock SW2
---------------+---------+---------+---------+---------+
               | Src:Rise| Src:Fall| Src:Rise| Src:Fall|
Source Clock   |Dest:Rise|Dest:Rise|Dest:Fall|Dest:Fall|
---------------+---------+---------+---------+---------+
OSC            |    3.484|         |         |         |
SW0            |    3.484|         |         |         |
SW1            |    3.484|         |         |         |
SW2            |    3.484|         |         |         |
SW3            |    3.484|         |         |         |
SW4            |    3.484|         |         |         |
SW5            |    3.484|         |         |         |
SW6            |    3.484|         |         |         |
SW7            |    3.484|         |         |         |
---------------+---------+---------+---------+---------+

Clock to Setup on destination clock SW3
---------------+---------+---------+---------+---------+
               | Src:Rise| Src:Fall| Src:Rise| Src:Fall|
Source Clock   |Dest:Rise|Dest:Rise|Dest:Fall|Dest:Fall|
---------------+---------+---------+---------+---------+
OSC            |    3.484|         |         |         |
SW0            |    3.484|         |         |         |
SW1            |    3.484|         |         |         |
SW2            |    3.484|         |         |         |
SW3            |    3.484|         |         |         |
SW4            |    3.484|         |         |         |
SW5            |    3.484|         |         |         |
SW6            |    3.484|         |         |         |
SW7            |    3.484|         |         |         |
---------------+---------+---------+---------+---------+

Clock to Setup on destination clock SW4
---------------+---------+---------+---------+---------+
               | Src:Rise| Src:Fall| Src:Rise| Src:Fall|
Source Clock   |Dest:Rise|Dest:Rise|Dest:Fall|Dest:Fall|
---------------+---------+---------+---------+---------+
OSC            |    3.484|         |         |         |
SW0            |    3.484|         |         |         |
SW1            |    3.484|         |         |         |
SW2            |    3.484|         |         |         |
SW3            |    3.484|         |         |         |
SW4            |    3.484|         |         |         |
SW5            |    3.484|         |         |         |
SW6            |    3.484|         |         |         |
SW7            |    3.484|         |         |         |
---------------+---------+---------+---------+---------+

Clock to Setup on destination clock SW5
---------------+---------+---------+---------+---------+
               | Src:Rise| Src:Fall| Src:Rise| Src:Fall|
Source Clock   |Dest:Rise|Dest:Rise|Dest:Fall|Dest:Fall|
---------------+---------+---------+---------+---------+
OSC            |    3.484|         |         |         |
SW0            |    3.484|         |         |         |
SW1            |    3.484|         |         |         |
SW2            |    3.484|         |         |         |
SW3            |    3.484|         |         |         |
SW4            |    3.484|         |         |         |
SW5            |    3.484|         |         |         |
SW6            |    3.484|         |         |         |
SW7            |    3.484|         |         |         |
---------------+---------+---------+---------+---------+

Clock to Setup on destination clock SW6
---------------+---------+---------+---------+---------+
               | Src:Rise| Src:Fall| Src:Rise| Src:Fall|
Source Clock   |Dest:Rise|Dest:Rise|Dest:Fall|Dest:Fall|
---------------+---------+---------+---------+---------+
OSC            |    3.484|         |         |         |
SW0            |    3.484|         |         |         |
SW1            |    3.484|         |         |         |
SW2            |    3.484|         |         |         |
SW3            |    3.484|         |         |         |
SW4            |    3.484|         |         |         |
SW5            |    3.484|         |         |         |
SW6            |    3.484|         |         |         |
SW7            |    3.484|         |         |         |
---------------+---------+---------+---------+---------+

Clock to Setup on destination clock SW7
---------------+---------+---------+---------+---------+
               | Src:Rise| Src:Fall| Src:Rise| Src:Fall|
Source Clock   |Dest:Rise|Dest:Rise|Dest:Fall|Dest:Fall|
---------------+---------+---------+---------+---------+
OSC            |    3.484|         |         |         |
SW0            |    3.484|         |         |         |
SW1            |    3.484|         |         |         |
SW2            |    3.484|         |         |         |
SW3            |    3.484|         |         |         |
SW4            |    3.484|         |         |         |
SW5            |    3.484|         |         |         |
SW6            |    3.484|         |         |         |
SW7            |    3.484|         |         |         |
---------------+---------+---------+---------+---------+

Pad to Pad
---------------+---------------+---------+
Source Pad     |Destination Pad|  Delay  |
---------------+---------------+---------+
DIP1           |Segment<0>     |   15.554|
DIP1           |Segment<1>     |   14.882|
DIP1           |Segment<2>     |   14.950|
DIP1           |Segment<3>     |   14.967|
DIP1           |Segment<4>     |   14.725|
DIP1           |Segment<5>     |   13.758|
DIP1           |Segment<6>     |   13.903|
DIP2           |Segment<0>     |   15.527|
DIP2           |Segment<1>     |   14.991|
DIP2           |Segment<2>     |   14.923|
DIP2           |Segment<3>     |   15.075|
DIP2           |Segment<4>     |   14.860|
DIP2           |Segment<5>     |   13.731|
DIP2           |Segment<6>     |   13.876|
DIP3           |Segment<0>     |   15.219|
DIP3           |Segment<1>     |   14.660|
DIP3           |Segment<2>     |   14.615|
DIP3           |Segment<3>     |   14.744|
DIP3           |Segment<4>     |   14.529|
DIP3           |Segment<5>     |   13.423|
DIP3           |Segment<6>     |   13.620|
DIP4           |Segment<0>     |   15.487|
DIP4           |Segment<1>     |   14.944|
DIP4           |Segment<2>     |   14.883|
DIP4           |Segment<3>     |   15.028|
DIP4           |Segment<4>     |   14.813|
DIP4           |Segment<5>     |   13.691|
DIP4           |Segment<6>     |   13.836|
DIP5           |Segment<0>     |   15.426|
DIP5           |Segment<1>     |   14.871|
DIP5           |Segment<2>     |   14.822|
DIP5           |Segment<3>     |   14.955|
DIP5           |Segment<4>     |   14.740|
DIP5           |Segment<5>     |   13.630|
DIP5           |Segment<6>     |   13.775|
DIP6           |Segment<0>     |   15.331|
DIP6           |Segment<1>     |   14.776|
DIP6           |Segment<2>     |   14.727|
DIP6           |Segment<3>     |   14.860|
DIP6           |Segment<4>     |   14.645|
DIP6           |Segment<5>     |   13.535|
DIP6           |Segment<6>     |   13.680|
DIP7           |Segment<0>     |   15.428|
DIP7           |Segment<1>     |   14.873|
DIP7           |Segment<2>     |   14.824|
DIP7           |Segment<3>     |   14.957|
DIP7           |Segment<4>     |   14.742|
DIP7           |Segment<5>     |   13.632|
DIP7           |Segment<6>     |   13.777|
DIP8           |Segment<0>     |   16.063|
DIP8           |Segment<1>     |   15.508|
DIP8           |Segment<2>     |   15.459|
DIP8           |Segment<3>     |   15.592|
DIP8           |Segment<4>     |   15.377|
DIP8           |Segment<5>     |   14.267|
DIP8           |Segment<6>     |   14.412|
Mode_Bin<0>    |Buzzer         |   11.513|
Mode_Bin<0>    |Digit<0>       |   12.020|
Mode_Bin<0>    |Digit<1>       |   11.975|
Mode_Bin<0>    |Digit<2>       |   10.800|
Mode_Bin<0>    |Digit<3>       |    9.942|
Mode_Bin<0>    |Segment<0>     |   16.109|
Mode_Bin<0>    |Segment<1>     |   16.254|
Mode_Bin<0>    |Segment<2>     |   15.510|
Mode_Bin<0>    |Segment<3>     |   16.977|
Mode_Bin<0>    |Segment<4>     |   15.590|
Mode_Bin<0>    |Segment<5>     |   15.695|
Mode_Bin<0>    |Segment<6>     |   15.668|
Mode_Bin<1>    |Buzzer         |   11.181|
Mode_Bin<1>    |Digit<0>       |   12.103|
Mode_Bin<1>    |Digit<1>       |   11.842|
Mode_Bin<1>    |Digit<2>       |   10.965|
Mode_Bin<1>    |Digit<3>       |    9.750|
Mode_Bin<1>    |Segment<0>     |   15.777|
Mode_Bin<1>    |Segment<1>     |   15.922|
Mode_Bin<1>    |Segment<2>     |   15.178|
Mode_Bin<1>    |Segment<3>     |   16.645|
Mode_Bin<1>    |Segment<4>     |   15.258|
Mode_Bin<1>    |Segment<5>     |   15.363|
Mode_Bin<1>    |Segment<6>     |   15.336|
Mode_Bin<2>    |Buzzer         |   11.226|
Mode_Bin<2>    |Digit<0>       |   11.668|
Mode_Bin<2>    |Digit<1>       |   11.820|
Mode_Bin<2>    |Digit<2>       |   11.167|
Mode_Bin<2>    |Digit<3>       |   10.144|
Mode_Bin<2>    |Segment<0>     |   15.822|
Mode_Bin<2>    |Segment<1>     |   15.967|
Mode_Bin<2>    |Segment<2>     |   15.223|
Mode_Bin<2>    |Segment<3>     |   16.690|
Mode_Bin<2>    |Segment<4>     |   15.303|
Mode_Bin<2>    |Segment<5>     |   15.408|
Mode_Bin<2>    |Segment<6>     |   15.381|
Mode_Bin<3>    |Buzzer         |   11.300|
Mode_Bin<3>    |Digit<0>       |   10.321|
Mode_Bin<3>    |Digit<1>       |   10.361|
Mode_Bin<3>    |Digit<2>       |   10.262|
Mode_Bin<3>    |Digit<3>       |    9.369|
Mode_Bin<3>    |Segment<0>     |   15.896|
Mode_Bin<3>    |Segment<1>     |   16.041|
Mode_Bin<3>    |Segment<2>     |   15.297|
Mode_Bin<3>    |Segment<3>     |   16.764|
Mode_Bin<3>    |Segment<4>     |   15.377|
Mode_Bin<3>    |Segment<5>     |   15.482|
Mode_Bin<3>    |Segment<6>     |   15.455|
PB3            |Buzzer         |   10.335|
PB3            |Segment<0>     |   14.931|
PB3            |Segment<1>     |   15.076|
PB3            |Segment<2>     |   14.332|
PB3            |Segment<3>     |   15.799|
PB3            |Segment<4>     |   14.412|
PB3            |Segment<5>     |   14.517|
PB3            |Segment<6>     |   14.490|
SW0            |Segment<0>     |   17.046|
SW0            |Segment<1>     |   16.333|
SW0            |Segment<2>     |   16.442|
SW0            |Segment<3>     |   16.529|
SW0            |Segment<4>     |   16.135|
SW0            |Segment<5>     |   15.250|
SW0            |Segment<6>     |   15.395|
SW1            |Segment<0>     |   17.024|
SW1            |Segment<1>     |   16.366|
SW1            |Segment<2>     |   16.420|
SW1            |Segment<3>     |   16.562|
SW1            |Segment<4>     |   16.178|
SW1            |Segment<5>     |   15.228|
SW1            |Segment<6>     |   15.373|
SW2            |Segment<0>     |   16.661|
SW2            |Segment<1>     |   16.003|
SW2            |Segment<2>     |   16.057|
SW2            |Segment<3>     |   16.199|
SW2            |Segment<4>     |   15.848|
SW2            |Segment<5>     |   14.865|
SW2            |Segment<6>     |   15.010|
SW3            |Buzzer         |   10.309|
SW3            |Segment<0>     |   16.377|
SW3            |Segment<1>     |   15.721|
SW3            |Segment<2>     |   15.773|
SW3            |Segment<3>     |   15.915|
SW3            |Segment<4>     |   15.590|
SW3            |Segment<5>     |   14.581|
SW3            |Segment<6>     |   14.726|
SW4            |Buzzer         |    9.218|
SW4            |Segment<0>     |   16.306|
SW4            |Segment<1>     |   15.900|
SW4            |Segment<2>     |   15.702|
SW4            |Segment<3>     |   16.091|
SW4            |Segment<4>     |   15.769|
SW4            |Segment<5>     |   14.510|
SW4            |Segment<6>     |   14.655|
SW5            |Buzzer         |    9.657|
SW5            |Segment<0>     |   16.128|
SW5            |Segment<1>     |   15.722|
SW5            |Segment<2>     |   15.524|
SW5            |Segment<3>     |   15.913|
SW5            |Segment<4>     |   15.591|
SW5            |Segment<5>     |   14.332|
SW5            |Segment<6>     |   14.477|
SW6            |Buzzer         |    9.531|
SW6            |Segment<0>     |   15.702|
SW6            |Segment<1>     |   15.166|
SW6            |Segment<2>     |   15.098|
SW6            |Segment<3>     |   15.250|
SW6            |Segment<4>     |   15.035|
SW6            |Segment<5>     |   13.906|
SW6            |Segment<6>     |   14.051|
SW7            |Buzzer         |    9.424|
SW7            |Segment<0>     |   15.106|
SW7            |Segment<1>     |   14.434|
SW7            |Segment<2>     |   14.502|
SW7            |Segment<3>     |   14.519|
SW7            |Segment<4>     |   14.277|
SW7            |Segment<5>     |   13.310|
SW7            |Segment<6>     |   13.455|
---------------+---------------+---------+


Analysis completed Wed Dec 14 03:18:38 2022 
--------------------------------------------------------------------------------

Trace Settings:
-------------------------
Trace Settings 

Peak Memory Usage: 4589 MB



