Release 14.7 Map P.20131013 (nt64)
Xilinx Mapping Report File for Design 'main'

Design Information
------------------
Command Line   : map -intstyle ise -p xc6slx9-tqg144-3 -w -logic_opt off -ol
high -t 1 -xt 0 -register_duplication off -r 4 -global_opt off -mt off -ir off
-pr off -lc off -power off -o main_map.ncd main.ngd main.pcf 
Target Device  : xc6slx9
Target Package : tqg144
Target Speed   : -3
Mapper Version : spartan6 -- $Revision: 1.55 $
Mapped Date    : Wed Dec 14 03:18:02 2022

Design Summary
--------------
Number of errors:      0
Number of warnings:   56
Slice Logic Utilization:
  Number of Slice Registers:                   231 out of  11,440    2%
    Number used as Flip Flops:                 230
    Number used as Latches:                      0
    Number used as Latch-thrus:                  0
    Number used as AND/OR logics:                1
  Number of Slice LUTs:                        632 out of   5,720   11%
    Number used as logic:                      632 out of   5,720   11%
      Number using O6 output only:             532
      Number using O5 output only:               0
      Number using O5 and O6:                  100
      Number used as ROM:                        0
    Number used as Memory:                       0 out of   1,440    0%

Slice Logic Distribution:
  Number of occupied Slices:                   296 out of   1,430   20%
  Number of MUXCYs used:                        24 out of   2,860    1%
  Number of LUT Flip Flop pairs used:          633
    Number with an unused Flip Flop:           410 out of     633   64%
    Number with an unused LUT:                   1 out of     633    1%
    Number of fully used LUT-FF pairs:         222 out of     633   35%
    Number of unique control sets:             195
    Number of slice register sites lost
      to control set restrictions:           1,330 out of  11,440   11%

  A LUT Flip Flop pair for this architecture represents one LUT paired with
  one Flip Flop within a slice.  A control set is a unique combination of
  clock, reset, set, and enable signals for a registered element.
  The Slice Logic Distribution report is not meaningful if the design is
  over-mapped for a non-slice resource or if Placement fails.

IO Utilization:
  Number of bonded IOBs:                        38 out of     102   37%
    Number of LOCed IOBs:                       38 out of      38  100%

Specific Feature Utilization:
  Number of RAMB16BWERs:                         0 out of      32    0%
  Number of RAMB8BWERs:                          0 out of      64    0%
  Number of BUFIO2/BUFIO2_2CLKs:                 0 out of      32    0%
  Number of BUFIO2FB/BUFIO2FB_2CLKs:             0 out of      32    0%
  Number of BUFG/BUFGMUXs:                       1 out of      16    6%
    Number used as BUFGs:                        1
    Number used as BUFGMUX:                      0
  Number of DCM/DCM_CLKGENs:                     0 out of       4    0%
  Number of ILOGIC2/ISERDES2s:                   0 out of     200    0%
  Number of IODELAY2/IODRP2/IODRP2_MCBs:         0 out of     200    0%
  Number of OLOGIC2/OSERDES2s:                   0 out of     200    0%
  Number of BSCANs:                              0 out of       4    0%
  Number of BUFHs:                               0 out of     128    0%
  Number of BUFPLLs:                             0 out of       8    0%
  Number of BUFPLL_MCBs:                         0 out of       4    0%
  Number of DSP48A1s:                            0 out of      16    0%
  Number of ICAPs:                               0 out of       1    0%
  Number of MCBs:                                0 out of       2    0%
  Number of PCILOGICSEs:                         0 out of       2    0%
  Number of PLL_ADVs:                            0 out of       2    0%
  Number of PMVs:                                0 out of       1    0%
  Number of STARTUPs:                            0 out of       1    0%
  Number of SUSPEND_SYNCs:                       0 out of       1    0%

Average Fanout of Non-Clock Nets:                2.86

Peak Memory Usage:  4512 MB
Total REAL time to MAP completion:  13 secs 
Total CPU time to MAP completion:   13 secs 

Table of Contents
-----------------
Section 1 - Errors
Section 2 - Warnings
Section 3 - Informational
Section 4 - Removed Logic Summary
Section 5 - Removed Logic
Section 6 - IOB Properties
Section 7 - RPMs
Section 8 - Guide Report
Section 9 - Area Group and Partition Summary
Section 10 - Timing Report
Section 11 - Configuration String Information
Section 12 - Control Set Information
Section 13 - Utilization by Hierarchy

Section 1 - Errors
------------------

Section 2 - Warnings
--------------------
WARNING:Place:1137 - This design is not guaranteed to be routable! This design
   contains a global buffer instance, <XLXI_164>, driving the net, <XLXN_381>,
   that is driving the following (first 30) non-clock load pins.
   < PIN: XLXI_5/XLXI_1/XLXI_667.A6; >
   < PIN: XLXI_2/XLXI_39.A5; >
   This is not a recommended design practice in Spartan-6 due to limitations in
   the global routing that may cause excessive delay, skew or unroutable
   situations.  It is recommended to only use a BUFG resource to drive clock
   loads. Please pay extra attention to the timing and routing of this path to
   ensure the design goals are met. This is normally an ERROR but the
   CLOCK_DEDICATED_ROUTE constraint was applied on COMP.PIN <XLXI_164.O>
   allowing your design to continue. This constraint disables all clock placer
   rules related to the specified COMP.PIN.
WARNING:PhysDesignRules:372 - Gated clock. Clock net XLXI_2/XLXI_38/XLXN_5 is
   sourced by a combinatorial pin. This is not good design practice. Use the CE
   pin to control the loading of data into the flip-flop.
WARNING:PhysDesignRules:372 - Gated clock. Clock net XLXI_2/XLXI_38/XLXN_20 is
   sourced by a combinatorial pin. This is not good design practice. Use the CE
   pin to control the loading of data into the flip-flop.
WARNING:PhysDesignRules:372 - Gated clock. Clock net XLXI_2/XLXN_106 is sourced
   by a combinatorial pin. This is not good design practice. Use the CE pin to
   control the loading of data into the flip-flop.
WARNING:PhysDesignRules:372 - Gated clock. Clock net XLXI_2/XLXI_38/XLXN_60 is
   sourced by a combinatorial pin. This is not good design practice. Use the CE
   pin to control the loading of data into the flip-flop.
WARNING:PhysDesignRules:372 - Gated clock. Clock net XLXI_2/XLXI_38/XLXN_2 is
   sourced by a combinatorial pin. This is not good design practice. Use the CE
   pin to control the loading of data into the flip-flop.
WARNING:PhysDesignRules:372 - Gated clock. Clock net XLXI_2/XLXI_38/XLXN_3 is
   sourced by a combinatorial pin. This is not good design practice. Use the CE
   pin to control the loading of data into the flip-flop.
WARNING:PhysDesignRules:372 - Gated clock. Clock net XLXI_2/XLXN_104 is sourced
   by a combinatorial pin. This is not good design practice. Use the CE pin to
   control the loading of data into the flip-flop.
WARNING:PhysDesignRules:372 - Gated clock. Clock net XLXI_13/XLXN_24 is sourced
   by a combinatorial pin. This is not good design practice. Use the CE pin to
   control the loading of data into the flip-flop.
WARNING:PhysDesignRules:372 - Gated clock. Clock net
   XLXI_11/XLXI_35/XLXI_55/XLXI_1/XLXI_9/XLXN_93 is sourced by a combinatorial
   pin. This is not good design practice. Use the CE pin to control the loading
   of data into the flip-flop.
WARNING:PhysDesignRules:372 - Gated clock. Clock net XLXI_5/XLXI_1/XLXN_1063 is
   sourced by a combinatorial pin. This is not good design practice. Use the CE
   pin to control the loading of data into the flip-flop.
WARNING:PhysDesignRules:372 - Gated clock. Clock net XLXI_116/XLXI_4/XLXN_93 is
   sourced by a combinatorial pin. This is not good design practice. Use the CE
   pin to control the loading of data into the flip-flop.
WARNING:PhysDesignRules:372 - Gated clock. Clock net
   XLXI_11/XLXI_35/XLXI_65/XLXI_8/XLXI_1/XLXI_8/XLXN_93 is sourced by a
   combinatorial pin. This is not good design practice. Use the CE pin to
   control the loading of data into the flip-flop.
WARNING:PhysDesignRules:372 - Gated clock. Clock net
   XLXI_11/XLXI_35/XLXI_65/XLXN_14 is sourced by a combinatorial pin. This is
   not good design practice. Use the CE pin to control the loading of data into
   the flip-flop.
WARNING:PhysDesignRules:372 - Gated clock. Clock net
   XLXI_11/XLXI_35/XLXI_65/XLXI_9/XLXI_1/XLXI_9/XLXN_93 is sourced by a
   combinatorial pin. This is not good design practice. Use the CE pin to
   control the loading of data into the flip-flop.
WARNING:PhysDesignRules:372 - Gated clock. Clock net
   XLXI_12/XLXI_1/XLXI_7/XLXI_32/XLXI_4/XLXN_93 is sourced by a combinatorial
   pin. This is not good design practice. Use the CE pin to control the loading
   of data into the flip-flop.
WARNING:PhysDesignRules:372 - Gated clock. Clock net XLXI_13/XLXN_13 is sourced
   by a combinatorial pin. This is not good design practice. Use the CE pin to
   control the loading of data into the flip-flop.
WARNING:PhysDesignRules:372 - Gated clock. Clock net XLXI_13/XLXN_14 is sourced
   by a combinatorial pin. This is not good design practice. Use the CE pin to
   control the loading of data into the flip-flop.
WARNING:PhysDesignRules:372 - Gated clock. Clock net
   XLXI_11/XLXI_35/XLXI_55/XLXI_1/XLXI_8/XLXN_93 is sourced by a combinatorial
   pin. This is not good design practice. Use the CE pin to control the loading
   of data into the flip-flop.
WARNING:PhysDesignRules:372 - Gated clock. Clock net
   XLXI_11/XLXI_35/XLXI_65/XLXI_9/XLXI_2/XLXI_8/XLXN_93 is sourced by a
   combinatorial pin. This is not good design practice. Use the CE pin to
   control the loading of data into the flip-flop.
WARNING:PhysDesignRules:372 - Gated clock. Clock net XLXI_116/XLXI_3/XLXN_93 is
   sourced by a combinatorial pin. This is not good design practice. Use the CE
   pin to control the loading of data into the flip-flop.
WARNING:PhysDesignRules:372 - Gated clock. Clock net
   XLXI_11/XLXI_35/XLXI_65/XLXI_8/XLXI_1/XLXI_4/XLXN_93 is sourced by a
   combinatorial pin. This is not good design practice. Use the CE pin to
   control the loading of data into the flip-flop.
WARNING:PhysDesignRules:372 - Gated clock. Clock net
   XLXI_11/XLXI_35/XLXI_65/XLXI_16/XLXN_93 is sourced by a combinatorial pin.
   This is not good design practice. Use the CE pin to control the loading of
   data into the flip-flop.
WARNING:PhysDesignRules:372 - Gated clock. Clock net
   XLXI_5/XLXI_1/XLXI_670/XLXI_4/XLXN_93 is sourced by a combinatorial pin. This
   is not good design practice. Use the CE pin to control the loading of data
   into the flip-flop.
WARNING:PhysDesignRules:372 - Gated clock. Clock net
   XLXI_12/XLXI_1/XLXI_7/XLXI_32/XLXI_3/XLXN_93 is sourced by a combinatorial
   pin. This is not good design practice. Use the CE pin to control the loading
   of data into the flip-flop.
WARNING:PhysDesignRules:372 - Gated clock. Clock net XLXI_5/XLXI_1/XLXN_1060 is
   sourced by a combinatorial pin. This is not good design practice. Use the CE
   pin to control the loading of data into the flip-flop.
WARNING:PhysDesignRules:372 - Gated clock. Clock net
   XLXI_11/XLXI_35/XLXI_55/XLXI_1/XLXI_4/XLXN_93 is sourced by a combinatorial
   pin. This is not good design practice. Use the CE pin to control the loading
   of data into the flip-flop.
WARNING:PhysDesignRules:372 - Gated clock. Clock net
   XLXI_11/XLXI_35/XLXI_65/XLXI_9/XLXI_2/XLXI_4/XLXN_93 is sourced by a
   combinatorial pin. This is not good design practice. Use the CE pin to
   control the loading of data into the flip-flop.
WARNING:PhysDesignRules:372 - Gated clock. Clock net XLXI_116/XLXI_2/XLXN_93 is
   sourced by a combinatorial pin. This is not good design practice. Use the CE
   pin to control the loading of data into the flip-flop.
WARNING:PhysDesignRules:372 - Gated clock. Clock net
   XLXI_11/XLXI_35/XLXI_65/XLXN_13 is sourced by a combinatorial pin. This is
   not good design practice. Use the CE pin to control the loading of data into
   the flip-flop.
WARNING:PhysDesignRules:372 - Gated clock. Clock net XLXI_2/XLXI_48/XLXN_93 is
   sourced by a combinatorial pin. This is not good design practice. Use the CE
   pin to control the loading of data into the flip-flop.
WARNING:PhysDesignRules:372 - Gated clock. Clock net
   XLXI_11/XLXI_35/XLXI_65/XLXI_9/XLXI_1/XLXI_8/XLXN_93 is sourced by a
   combinatorial pin. This is not good design practice. Use the CE pin to
   control the loading of data into the flip-flop.
WARNING:PhysDesignRules:372 - Gated clock. Clock net
   XLXI_5/XLXI_1/XLXI_670/XLXI_3/XLXN_93 is sourced by a combinatorial pin. This
   is not good design practice. Use the CE pin to control the loading of data
   into the flip-flop.
WARNING:PhysDesignRules:372 - Gated clock. Clock net XLXI_2/XLXI_50/XLXN_93 is
   sourced by a combinatorial pin. This is not good design practice. Use the CE
   pin to control the loading of data into the flip-flop.
WARNING:PhysDesignRules:372 - Gated clock. Clock net
   XLXI_12/XLXI_1/XLXI_7/XLXI_32/XLXI_2/XLXN_93 is sourced by a combinatorial
   pin. This is not good design practice. Use the CE pin to control the loading
   of data into the flip-flop.
WARNING:PhysDesignRules:372 - Gated clock. Clock net XLXI_116/XLXI_1/XLXN_93 is
   sourced by a combinatorial pin. This is not good design practice. Use the CE
   pin to control the loading of data into the flip-flop.
WARNING:PhysDesignRules:372 - Gated clock. Clock net XLXI_2/XLXN_118 is sourced
   by a combinatorial pin. This is not good design practice. Use the CE pin to
   control the loading of data into the flip-flop.
WARNING:PhysDesignRules:372 - Gated clock. Clock net
   XLXI_5/XLXI_1/XLXI_671/XLXI_1/XLXN_93 is sourced by a combinatorial pin. This
   is not good design practice. Use the CE pin to control the loading of data
   into the flip-flop.
WARNING:PhysDesignRules:372 - Gated clock. Clock net
   XLXI_11/XLXI_35/XLXI_65/XLXI_9/XLXI_1/XLXI_4/XLXN_93 is sourced by a
   combinatorial pin. This is not good design practice. Use the CE pin to
   control the loading of data into the flip-flop.
WARNING:PhysDesignRules:372 - Gated clock. Clock net
   XLXI_5/XLXI_1/XLXI_670/XLXI_2/XLXN_93 is sourced by a combinatorial pin. This
   is not good design practice. Use the CE pin to control the loading of data
   into the flip-flop.
WARNING:PhysDesignRules:372 - Gated clock. Clock net
   XLXI_11/XLXI_35/XLXI_65/XLXI_7/XLXI_1/XLXI_8/XLXN_93 is sourced by a
   combinatorial pin. This is not good design practice. Use the CE pin to
   control the loading of data into the flip-flop.
WARNING:PhysDesignRules:372 - Gated clock. Clock net XLXI_2/XLXI_49/XLXN_93 is
   sourced by a combinatorial pin. This is not good design practice. Use the CE
   pin to control the loading of data into the flip-flop.
WARNING:PhysDesignRules:372 - Gated clock. Clock net
   XLXI_12/XLXI_1/XLXI_7/XLXI_32/XLXI_1/XLXN_93 is sourced by a combinatorial
   pin. This is not good design practice. Use the CE pin to control the loading
   of data into the flip-flop.
WARNING:PhysDesignRules:372 - Gated clock. Clock net
   XLXI_11/XLXI_35/XLXI_65/XLXI_8/XLXI_1/XLXI_9/XLXN_93 is sourced by a
   combinatorial pin. This is not good design practice. Use the CE pin to
   control the loading of data into the flip-flop.
WARNING:PhysDesignRules:372 - Gated clock. Clock net
   XLXI_11/XLXI_35/XLXI_55/XLXI_5/XLXN_93 is sourced by a combinatorial pin.
   This is not good design practice. Use the CE pin to control the loading of
   data into the flip-flop.
WARNING:PhysDesignRules:372 - Gated clock. Clock net
   XLXI_5/XLXI_1/XLXI_670/XLXI_5/XLXN_93 is sourced by a combinatorial pin. This
   is not good design practice. Use the CE pin to control the loading of data
   into the flip-flop.
WARNING:PhysDesignRules:372 - Gated clock. Clock net
   XLXI_5/XLXI_1/XLXI_670/XLXI_1/XLXN_93 is sourced by a combinatorial pin. This
   is not good design practice. Use the CE pin to control the loading of data
   into the flip-flop.
WARNING:PhysDesignRules:372 - Gated clock. Clock net
   XLXI_11/XLXI_35/XLXI_65/XLXI_7/XLXI_1/XLXI_4/XLXN_93 is sourced by a
   combinatorial pin. This is not good design practice. Use the CE pin to
   control the loading of data into the flip-flop.
WARNING:PhysDesignRules:372 - Gated clock. Clock net
   XLXI_11/XLXI_35/XLXI_65/XLXN_15 is sourced by a combinatorial pin. This is
   not good design practice. Use the CE pin to control the loading of data into
   the flip-flop.
WARNING:PhysDesignRules:372 - Gated clock. Clock net
   XLXI_12/XLXI_1/XLXI_7/XLXI_32/XLXI_5/XLXN_93 is sourced by a combinatorial
   pin. This is not good design practice. Use the CE pin to control the loading
   of data into the flip-flop.
WARNING:PhysDesignRules:372 - Gated clock. Clock net
   XLXI_11/XLXI_35/XLXI_55/XLXI_6/XLXN_93 is sourced by a combinatorial pin.
   This is not good design practice. Use the CE pin to control the loading of
   data into the flip-flop.
WARNING:PhysDesignRules:372 - Gated clock. Clock net
   XLXI_11/XLXI_35/XLXI_65/XLXI_9/XLXI_2/XLXI_9/XLXN_93 is sourced by a
   combinatorial pin. This is not good design practice. Use the CE pin to
   control the loading of data into the flip-flop.
WARNING:PhysDesignRules:372 - Gated clock. Clock net
   XLXI_5/XLXI_1/XLXI_671/XLXI_2/XLXN_93 is sourced by a combinatorial pin. This
   is not good design practice. Use the CE pin to control the loading of data
   into the flip-flop.
WARNING:PhysDesignRules:372 - Gated clock. Clock net XLXI_116/XLXI_5/XLXN_93 is
   sourced by a combinatorial pin. This is not good design practice. Use the CE
   pin to control the loading of data into the flip-flop.
WARNING:PhysDesignRules:372 - Gated clock. Clock net
   XLXI_11/XLXI_35/XLXI_65/XLXI_7/XLXI_1/XLXI_9/XLXN_93 is sourced by a
   combinatorial pin. This is not good design practice. Use the CE pin to
   control the loading of data into the flip-flop.
WARNING:PhysDesignRules:372 - Gated clock. Clock net
   XLXI_11/XLXI_35/XLXI_65/XLXI_8/XLXI_2/XLXN_93 is sourced by a combinatorial
   pin. This is not good design practice. Use the CE pin to control the loading
   of data into the flip-flop.

Section 3 - Informational
-------------------------
INFO:MapLib:562 - No environment variables are currently set.
INFO:LIT:244 - All of the single ended outputs in this design are using slew
   rate limited output drivers. The delay on speed critical single ended outputs
   can be dramatically reduced by designating them as fast outputs.
INFO:Pack:1716 - Initializing temperature to 85.000 Celsius. (default - Range:
   0.000 to 85.000 Celsius)
INFO:Pack:1720 - Initializing voltage to 1.140 Volts. (default - Range: 1.140 to
   1.260 Volts)
INFO:Map:215 - The Interim Design Summary has been generated in the MAP Report
   (.mrp).
INFO:Pack:1650 - Map created a placed design.

Section 4 - Removed Logic Summary
---------------------------------
 105 block(s) removed
 285 block(s) optimized away
 179 signal(s) removed

Section 5 - Removed Logic
-------------------------

The trimmed logic report below shows the logic removed from your design due to
sourceless or loadless signals, and VCC or ground connections.  If the removal
of a signal or symbol results in the subsequent removal of an additional signal
or symbol, the message explaining that second removal will be indented.  This
indentation will be repeated as a chain of related logic is removed.

To quickly locate the original cause for the removal of a chain of logic, look
above the place where that logic is listed in the trimming report, then locate
the lines that are least indented (begin at the leftmost edge).

Loadless block "XLXI_1/XLXI_95/XLXI_1/XLXI_89" (OR) removed.
 The signal "XLXI_1/XLXI_95/XLXI_1/XLXN_161" is loadless and has been removed.
  Loadless block "XLXI_1/XLXI_95/XLXI_1/XLXI_69" (AND) removed.
 The signal "XLXI_1/XLXI_95/XLXI_1/XLXN_160" is loadless and has been removed.
  Loadless block "XLXI_1/XLXI_95/XLXI_1/XLXI_41" (AND) removed.
 The signal "XLXI_1/XLXI_95/XLXI_1/XLXN_159" is loadless and has been removed.
  Loadless block "XLXI_1/XLXI_95/XLXI_1/XLXI_33" (AND) removed.
 The signal "XLXI_1/XLXI_95/XLXI_1/XLXN_158" is loadless and has been removed.
  Loadless block "XLXI_1/XLXI_95/XLXI_1/XLXI_24" (AND) removed.
Loadless block "XLXI_11/XLXI_35/XLXI_65/XLXI_17/XLXI_56" (BUF) removed.
 The signal "XLXI_11/XLXI_35/XLXI_65/XLXI_17/XLXN_93" is loadless and has been
removed.
  Loadless block "XLXI_11/XLXI_35/XLXI_65/XLXI_17/XLXI_55" (OR) removed.
   The signal "XLXI_11/XLXI_35/XLXI_65/XLXI_17/XLXN_96" is loadless and has been
removed.
    Loadless block "XLXI_11/XLXI_35/XLXI_65/XLXI_17/XLXI_54" (OR) removed.
   The signal "XLXI_11/XLXI_35/XLXI_65/XLXI_17/XLXN_95" is loadless and has been
removed.
    Loadless block "XLXI_11/XLXI_35/XLXI_65/XLXI_17/XLXI_53" (OR) removed.
Loadless block "XLXI_11/XLXI_35/XLXI_65/XLXI_18/XLXI_56" (BUF) removed.
 The signal "XLXI_11/XLXI_35/XLXI_65/XLXI_18/XLXN_93" is loadless and has been
removed.
  Loadless block "XLXI_11/XLXI_35/XLXI_65/XLXI_18/XLXI_55" (OR) removed.
   The signal "XLXI_11/XLXI_35/XLXI_65/XLXI_18/XLXN_96" is loadless and has been
removed.
    Loadless block "XLXI_11/XLXI_35/XLXI_65/XLXI_18/XLXI_54" (OR) removed.
   The signal "XLXI_11/XLXI_35/XLXI_65/XLXI_18/XLXN_95" is loadless and has been
removed.
    Loadless block "XLXI_11/XLXI_35/XLXI_65/XLXI_18/XLXI_53" (OR) removed.
Loadless block "XLXI_11/XLXI_35/XLXI_65/XLXI_19/XLXI_56" (BUF) removed.
 The signal "XLXI_11/XLXI_35/XLXI_65/XLXI_19/XLXN_93" is loadless and has been
removed.
  Loadless block "XLXI_11/XLXI_35/XLXI_65/XLXI_19/XLXI_55" (OR) removed.
   The signal "XLXI_11/XLXI_35/XLXI_65/XLXI_19/XLXN_96" is loadless and has been
removed.
    Loadless block "XLXI_11/XLXI_35/XLXI_65/XLXI_19/XLXI_54" (OR) removed.
   The signal "XLXI_11/XLXI_35/XLXI_65/XLXI_19/XLXN_95" is loadless and has been
removed.
    Loadless block "XLXI_11/XLXI_35/XLXI_65/XLXI_19/XLXI_53" (OR) removed.
Loadless block "XLXI_12/XLXI_1/XLXI_2/XLXI_13/XLXI_56" (BUF) removed.
 The signal "XLXI_12/XLXI_1/XLXI_2/XLXI_13/XLXN_93" is loadless and has been
removed.
  Loadless block "XLXI_12/XLXI_1/XLXI_2/XLXI_13/XLXI_55" (OR) removed.
   The signal "XLXI_12/XLXI_1/XLXI_2/XLXI_13/XLXN_96" is loadless and has been
removed.
    Loadless block "XLXI_12/XLXI_1/XLXI_2/XLXI_13/XLXI_54" (OR) removed.
   The signal "XLXI_12/XLXI_1/XLXI_2/XLXI_13/XLXN_95" is loadless and has been
removed.
    Loadless block "XLXI_12/XLXI_1/XLXI_2/XLXI_13/XLXI_53" (OR) removed.
Loadless block "XLXI_13/XLXI_1/XLXI_256/XLXI_9" (BUF) removed.
 The signal "XLXI_13/XLXI_1/XLXN_461" is loadless and has been removed.
  Loadless block "XLXI_13/XLXI_1/XLXI_9/q_tmp" (FF) removed.
   The signal "XLXI_13/XLXI_1/XLXN_408" is loadless and has been removed.
    Loadless block "XLXI_13/XLXI_1/XLXI_231" (BUF) removed.
     The signal "XLXI_13/XLXI_1/XLXN_410" is loadless and has been removed.
      Loadless block "XLXI_13/XLXI_1/XLXI_232" (BUF) removed.
   The signal "XLXI_13/XLXI_1/XLXN_44" is loadless and has been removed.
    Loadless block "XLXI_13/XLXI_1/XLXI_10" (OR) removed.
   The signal "XLXI_13/XLXI_1/XLXI_9/q_tmp_INV_33_o" is loadless and has been
removed.
    Loadless block "XLXI_13/XLXI_1/XLXI_9/q_tmp_INV_33_o1_INV_0" (BUF) removed.
Loadless block "XLXI_13/XLXI_1/XLXI_62/XLXI_171" (BUF) removed.
 The signal "XLXI_13/XLXI_1/XLXI_62/XLXN_153" is loadless and has been removed.
  Loadless block "XLXI_13/XLXI_1/XLXI_62/XLXI_72" (AND) removed.
   The signal "XLXI_13/XLXI_1/XLXI_62/XLXN_67" is loadless and has been removed.
    Loadless block "XLXI_13/XLXI_1/XLXI_62/XLXI_15" (AND) removed.
Loadless block "XLXI_13/XLXI_1/XLXI_62/XLXI_172" (BUF) removed.
 The signal "XLXI_13/XLXI_1/XLXI_62/XLXN_154" is loadless and has been removed.
  Loadless block "XLXI_13/XLXI_1/XLXI_62/XLXI_71" (AND) removed.
Loadless block "XLXI_13/XLXI_1/XLXI_62/XLXI_173" (BUF) removed.
 The signal "XLXI_13/XLXI_1/XLXI_62/XLXN_155" is loadless and has been removed.
  Loadless block "XLXI_13/XLXI_1/XLXI_62/XLXI_70" (AND) removed.
Loadless block "XLXI_13/XLXI_1/XLXI_62/XLXI_174" (BUF) removed.
 The signal "XLXI_13/XLXI_1/XLXI_62/XLXN_156" is loadless and has been removed.
  Loadless block "XLXI_13/XLXI_1/XLXI_62/XLXI_69" (AND) removed.
Loadless block "XLXI_13/XLXI_1/XLXI_62/XLXI_175" (BUF) removed.
 The signal "XLXI_13/XLXI_1/XLXI_62/XLXN_157" is loadless and has been removed.
  Loadless block "XLXI_13/XLXI_1/XLXI_62/XLXI_68" (AND) removed.
Loadless block "XLXI_13/XLXI_1/XLXI_62/XLXI_176" (BUF) removed.
 The signal "XLXI_13/XLXI_1/XLXI_62/XLXN_158" is loadless and has been removed.
  Loadless block "XLXI_13/XLXI_1/XLXI_62/XLXI_67" (AND) removed.
Loadless block "XLXI_13/XLXI_1/XLXI_62/XLXI_177" (BUF) removed.
 The signal "XLXI_13/XLXI_1/XLXI_62/XLXN_159" is loadless and has been removed.
  Loadless block "XLXI_13/XLXI_1/XLXI_62/XLXI_73" (AND) removed.
Loadless block "XLXI_13/XLXI_1/XLXI_62/XLXI_178" (BUF) removed.
 The signal "XLXI_13/XLXI_1/XLXI_62/XLXN_160" is loadless and has been removed.
  Loadless block "XLXI_13/XLXI_1/XLXI_62/XLXI_74" (AND) removed.
Loadless block "XLXI_18" (AND) removed.
Loadless block "XLXI_2/XLXI_51/XLXI_56" (BUF) removed.
 The signal "XLXI_2/XLXI_51/XLXN_93" is loadless and has been removed.
  Loadless block "XLXI_2/XLXI_51/XLXI_55" (OR) removed.
   The signal "XLXI_2/XLXI_51/XLXN_96" is loadless and has been removed.
    Loadless block "XLXI_2/XLXI_51/XLXI_54" (OR) removed.
   The signal "XLXI_2/XLXI_51/XLXN_95" is loadless and has been removed.
    Loadless block "XLXI_2/XLXI_51/XLXI_53" (OR) removed.
The signal "XLXI_12/XLXI_1/XLXI_2/XLXI_18/XLXI_3/q_tmp_INV_32_o" is sourceless
and has been removed.
The signal "XLXI_12/XLXI_1/XLXI_2/XLXI_5/q_tmp_INV_32_o" is sourceless and has
been removed.
The signal "XLXI_12/XLXI_1/XLXI_2/XLXI_4/XLXI_1/q_tmp_q_tmp_MUX_33_o" is
sourceless and has been removed.
The signal "XLXI_12/XLXI_1/XLXI_2/XLXI_4/XLXI_2/q_tmp_q_tmp_MUX_33_o" is
sourceless and has been removed.
The signal "XLXI_12/XLXI_1/XLXI_2/XLXI_4/XLXI_2/_n0009_inv" is sourceless and
has been removed.
The signal "XLXI_12/XLXI_1/XLXI_2/XLXI_4/XLXI_3/q_tmp_q_tmp_MUX_33_o" is
sourceless and has been removed.
The signal "XLXI_12/XLXI_1/XLXI_2/XLXI_4/XLXI_3/_n0009_inv" is sourceless and
has been removed.
The signal "XLXI_12/XLXI_1/XLXI_2/XLXI_18/XLXI_1/XLXI_1/q_tmp_q_tmp_MUX_33_o" is
sourceless and has been removed.
The signal "XLXI_12/XLXI_1/XLXI_2/XLXI_18/XLXI_1/XLXI_4/q_tmp_q_tmp_MUX_33_o" is
sourceless and has been removed.
The signal "XLXI_12/XLXI_1/XLXI_2/XLXI_18/XLXI_1/XLXI_4/_n0009_inv" is
sourceless and has been removed.
The signal "XLXI_12/XLXI_1/XLXI_2/XLXI_18/XLXI_1/XLXI_5/q_tmp_q_tmp_MUX_33_o" is
sourceless and has been removed.
The signal "XLXI_12/XLXI_1/XLXI_2/XLXI_18/XLXI_1/XLXI_5/_n0009_inv" is
sourceless and has been removed.
The signal "XLXI_12/XLXI_1/XLXI_2/XLXI_18/XLXI_1/XLXI_9/q_tmp_q_tmp_MUX_33_o" is
sourceless and has been removed.
The signal "XLXI_12/XLXI_1/XLXI_2/XLXI_18/XLXI_1/XLXI_9/_n0009_inv" is
sourceless and has been removed.
The signal "XLXI_12/XLXI_1/XLXI_2/XLXI_18/XLXI_2/XLXI_1/q_tmp_q_tmp_MUX_33_o" is
sourceless and has been removed.
The signal "XLXI_12/XLXI_1/XLXI_2/XLXI_18/XLXI_2/XLXI_4/q_tmp_q_tmp_MUX_33_o" is
sourceless and has been removed.
The signal "XLXI_12/XLXI_1/XLXI_2/XLXI_18/XLXI_2/XLXI_4/_n0009_inv" is
sourceless and has been removed.
The signal "XLXI_12/XLXI_1/XLXI_2/XLXI_18/XLXI_2/XLXI_5/q_tmp_q_tmp_MUX_33_o" is
sourceless and has been removed.
The signal "XLXI_12/XLXI_1/XLXI_2/XLXI_18/XLXI_2/XLXI_5/_n0009_inv" is
sourceless and has been removed.
The signal "XLXI_12/XLXI_1/XLXI_2/XLXI_18/XLXI_2/XLXI_9/q_tmp_q_tmp_MUX_33_o" is
sourceless and has been removed.
The signal "XLXI_12/XLXI_1/XLXI_2/XLXI_18/XLXI_2/XLXI_9/_n0009_inv" is
sourceless and has been removed.
The signal "XLXI_12/XLXI_1/XLXI_2/XLXI_17/XLXI_1/XLXI_1/q_tmp_q_tmp_MUX_33_o" is
sourceless and has been removed.
The signal "XLXI_12/XLXI_1/XLXI_2/XLXI_17/XLXI_1/XLXI_4/q_tmp_q_tmp_MUX_33_o" is
sourceless and has been removed.
The signal "XLXI_12/XLXI_1/XLXI_2/XLXI_17/XLXI_1/XLXI_4/_n0009_inv" is
sourceless and has been removed.
The signal "XLXI_12/XLXI_1/XLXI_2/XLXI_17/XLXI_1/XLXI_5/q_tmp_q_tmp_MUX_33_o" is
sourceless and has been removed.
The signal "XLXI_12/XLXI_1/XLXI_2/XLXI_17/XLXI_1/XLXI_5/_n0009_inv" is
sourceless and has been removed.
The signal "XLXI_12/XLXI_1/XLXI_2/XLXI_17/XLXI_1/XLXI_9/q_tmp_q_tmp_MUX_33_o" is
sourceless and has been removed.
The signal "XLXI_12/XLXI_1/XLXI_2/XLXI_17/XLXI_1/XLXI_9/_n0009_inv" is
sourceless and has been removed.
The signal "XLXI_12/XLXI_1/XLXI_2/XLXI_17/XLXI_2/XLXI_1/q_tmp_q_tmp_MUX_33_o" is
sourceless and has been removed.
The signal "XLXI_12/XLXI_1/XLXI_2/XLXI_17/XLXI_2/XLXI_4/q_tmp_q_tmp_MUX_33_o" is
sourceless and has been removed.
The signal "XLXI_12/XLXI_1/XLXI_2/XLXI_17/XLXI_2/XLXI_4/_n0009_inv" is
sourceless and has been removed.
The signal "XLXI_12/XLXI_1/XLXI_2/XLXI_17/XLXI_2/XLXI_5/q_tmp_q_tmp_MUX_33_o" is
sourceless and has been removed.
The signal "XLXI_12/XLXI_1/XLXI_2/XLXI_17/XLXI_2/XLXI_5/_n0009_inv" is
sourceless and has been removed.
The signal "XLXI_12/XLXI_1/XLXI_2/XLXI_17/XLXI_2/XLXI_9/q_tmp_q_tmp_MUX_33_o" is
sourceless and has been removed.
The signal "XLXI_12/XLXI_1/XLXI_2/XLXI_17/XLXI_2/XLXI_9/_n0009_inv" is
sourceless and has been removed.
The signal "XLXI_12/XLXI_1/XLXI_2/XLXI_17/XLXI_3/XLXI_1/q_tmp_q_tmp_MUX_33_o" is
sourceless and has been removed.
The signal "XLXI_12/XLXI_1/XLXI_2/XLXI_17/XLXI_3/XLXI_4/q_tmp_q_tmp_MUX_33_o" is
sourceless and has been removed.
The signal "XLXI_12/XLXI_1/XLXI_2/XLXI_17/XLXI_3/XLXI_4/_n0009_inv" is
sourceless and has been removed.
The signal "XLXI_12/XLXI_1/XLXI_2/XLXI_17/XLXI_3/XLXI_5/q_tmp_q_tmp_MUX_33_o" is
sourceless and has been removed.
The signal "XLXI_12/XLXI_1/XLXI_2/XLXI_17/XLXI_3/XLXI_5/_n0009_inv" is
sourceless and has been removed.
The signal "XLXI_12/XLXI_1/XLXI_2/XLXI_17/XLXI_3/XLXI_9/q_tmp_q_tmp_MUX_33_o" is
sourceless and has been removed.
The signal "XLXI_12/XLXI_1/XLXI_2/XLXI_17/XLXI_3/XLXI_9/_n0009_inv" is
sourceless and has been removed.
The signal "XLXI_12/XLXI_1/XLXI_2/XLXI_17/XLXI_4/XLXI_1/q_tmp_q_tmp_MUX_33_o" is
sourceless and has been removed.
The signal "XLXI_12/XLXI_1/XLXI_2/XLXI_17/XLXI_4/XLXI_4/q_tmp_q_tmp_MUX_33_o" is
sourceless and has been removed.
The signal "XLXI_12/XLXI_1/XLXI_2/XLXI_17/XLXI_4/XLXI_4/_n0009_inv" is
sourceless and has been removed.
The signal "XLXI_12/XLXI_1/XLXI_2/XLXI_17/XLXI_4/XLXI_5/q_tmp_q_tmp_MUX_33_o" is
sourceless and has been removed.
The signal "XLXI_12/XLXI_1/XLXI_2/XLXI_17/XLXI_4/XLXI_5/_n0009_inv" is
sourceless and has been removed.
The signal "XLXI_12/XLXI_1/XLXI_2/XLXI_17/XLXI_4/XLXI_9/q_tmp_q_tmp_MUX_33_o" is
sourceless and has been removed.
The signal "XLXI_12/XLXI_1/XLXI_2/XLXI_17/XLXI_4/XLXI_9/_n0009_inv" is
sourceless and has been removed.
The signal "XLXI_12/XLXI_1/XLXI_2/XLXI_17/XLXI_5/XLXI_1/q_tmp_q_tmp_MUX_33_o" is
sourceless and has been removed.
The signal "XLXI_12/XLXI_1/XLXI_2/XLXI_17/XLXI_5/XLXI_4/q_tmp_q_tmp_MUX_33_o" is
sourceless and has been removed.
The signal "XLXI_12/XLXI_1/XLXI_2/XLXI_17/XLXI_5/XLXI_4/_n0009_inv" is
sourceless and has been removed.
The signal "XLXI_12/XLXI_1/XLXI_2/XLXI_17/XLXI_5/XLXI_5/q_tmp_q_tmp_MUX_33_o" is
sourceless and has been removed.
The signal "XLXI_12/XLXI_1/XLXI_2/XLXI_17/XLXI_5/XLXI_5/_n0009_inv" is
sourceless and has been removed.
The signal "XLXI_12/XLXI_1/XLXI_2/XLXI_17/XLXI_5/XLXI_9/q_tmp_q_tmp_MUX_33_o" is
sourceless and has been removed.
The signal "XLXI_12/XLXI_1/XLXI_2/XLXI_17/XLXI_5/XLXI_9/_n0009_inv" is
sourceless and has been removed.
The signal "XLXI_12/XLXI_1/XLXI_2/XLXI_15/XLXI_1/q_tmp_q_tmp_MUX_33_o" is
sourceless and has been removed.
The signal "XLXI_12/XLXI_1/XLXI_2/XLXI_15/XLXI_4/q_tmp_q_tmp_MUX_33_o" is
sourceless and has been removed.
The signal "XLXI_12/XLXI_1/XLXI_2/XLXI_15/XLXI_4/_n0009_inv" is sourceless and
has been removed.
The signal "XLXI_12/XLXI_1/XLXI_2/XLXI_15/XLXI_5/q_tmp_q_tmp_MUX_33_o" is
sourceless and has been removed.
The signal "XLXI_12/XLXI_1/XLXI_2/XLXI_15/XLXI_5/_n0009_inv" is sourceless and
has been removed.
The signal "XLXI_12/XLXI_1/XLXI_2/XLXI_15/XLXI_9/q_tmp_q_tmp_MUX_33_o" is
sourceless and has been removed.
The signal "XLXI_12/XLXI_1/XLXI_2/XLXI_15/XLXI_9/_n0009_inv" is sourceless and
has been removed.
The signal "XLXI_12/XLXI_1/XLXI_2/XLXI_14/XLXI_1/q_tmp_q_tmp_MUX_33_o" is
sourceless and has been removed.
The signal "XLXI_12/XLXI_1/XLXI_2/XLXI_14/XLXI_4/q_tmp_q_tmp_MUX_33_o" is
sourceless and has been removed.
The signal "XLXI_12/XLXI_1/XLXI_2/XLXI_14/XLXI_4/_n0009_inv" is sourceless and
has been removed.
The signal "XLXI_12/XLXI_1/XLXI_2/XLXI_14/XLXI_5/q_tmp_q_tmp_MUX_33_o" is
sourceless and has been removed.
The signal "XLXI_12/XLXI_1/XLXI_2/XLXI_14/XLXI_5/_n0009_inv" is sourceless and
has been removed.
The signal "XLXI_12/XLXI_1/XLXI_2/XLXI_14/XLXI_9/q_tmp_q_tmp_MUX_33_o" is
sourceless and has been removed.
The signal "XLXI_12/XLXI_1/XLXI_2/XLXI_14/XLXI_9/_n0009_inv" is sourceless and
has been removed.
The signal "XLXI_12/XLXI_1/XLXI_2/XLXI_13/XLXI_1/q_tmp_q_tmp_MUX_33_o" is
sourceless and has been removed.
The signal "XLXI_12/XLXI_1/XLXI_2/XLXI_13/XLXI_4/q_tmp_q_tmp_MUX_33_o" is
sourceless and has been removed.
The signal "XLXI_12/XLXI_1/XLXI_2/XLXI_13/XLXI_4/_n0009_inv" is sourceless and
has been removed.
The signal "XLXI_12/XLXI_1/XLXI_2/XLXI_13/XLXI_5/q_tmp_q_tmp_MUX_33_o" is
sourceless and has been removed.
The signal "XLXI_12/XLXI_1/XLXI_2/XLXI_13/XLXI_5/_n0009_inv" is sourceless and
has been removed.
The signal "XLXI_12/XLXI_1/XLXI_2/XLXI_13/XLXI_9/q_tmp_q_tmp_MUX_33_o" is
sourceless and has been removed.
The signal "XLXI_12/XLXI_1/XLXI_2/XLXI_13/XLXI_9/_n0009_inv" is sourceless and
has been removed.
The signal "XLXI_12/XLXI_1/XLXI_7/XLXI_46/XLXI_1/XLXI_9/q_tmp_q_tmp_MUX_33_o" is
sourceless and has been removed.
 Sourceless block "XLXI_12/XLXI_1/XLXI_7/XLXI_46/XLXI_1/XLXI_9/q_tmp" (FF)
removed.
  The signal "XLXI_12/XLXI_1/XLXI_7/XLXI_46/XLXI_1/bit_DUMMY<3>" is sourceless and
has been removed.
   Sourceless block "XLXI_12/XLXI_1/XLXI_7/XLXI_46/XLXI_1/XLXI_37" (AND) removed.
    The signal "XLXI_12/XLXI_1/XLXI_7/XLXI_46/XLXI_1/XLXN_62" is sourceless and has
been removed.
     Sourceless block "XLXI_12/XLXI_1/XLXI_7/XLXI_46/XLXI_1/XLXI_4/_n0009_inv1" (ROM)
removed.
      The signal "XLXI_12/XLXI_1/XLXI_7/XLXI_46/XLXI_1/XLXI_4/_n0009_inv" is
sourceless and has been removed.
       Sourceless block "XLXI_12/XLXI_1/XLXI_7/XLXI_46/XLXI_1/XLXI_4/q_tmp" (FF)
removed.
        The signal "XLXI_12/XLXI_1/XLXI_7/XLXI_46/XLXI_1/bit_DUMMY<1>" is sourceless and
has been removed.
         Sourceless block "XLXI_12/XLXI_1/XLXI_7/XLXI_46/XLXI_1/XLXI_38" (AND) removed.
          The signal "XLXI_12/XLXI_1/XLXI_7/XLXI_46/XLXI_1/XLXN_63" is sourceless and has
been removed.
           Sourceless block "XLXI_12/XLXI_1/XLXI_7/XLXI_46/XLXI_1/XLXI_5/_n0009_inv1" (ROM)
removed.
            The signal "XLXI_12/XLXI_1/XLXI_7/XLXI_46/XLXI_1/XLXI_5/_n0009_inv" is
sourceless and has been removed.
             Sourceless block "XLXI_12/XLXI_1/XLXI_7/XLXI_46/XLXI_1/XLXI_5/q_tmp" (FF)
removed.
              The signal "XLXI_12/XLXI_1/XLXI_7/XLXI_46/XLXI_1/bit_DUMMY<2>" is sourceless and
has been removed.
               Sourceless block "XLXI_12/XLXI_1/XLXI_7/XLXI_46/XLXI_1/XLXI_40" (AND) removed.
                The signal "XLXI_12/XLXI_1/XLXI_7/XLXI_46/XLXI_1/XLXN_65" is sourceless and has
been removed.
                 Sourceless block "XLXI_12/XLXI_1/XLXI_7/XLXI_46/XLXI_1/XLXI_9/_n0009_inv1" (ROM)
removed.
                  The signal "XLXI_12/XLXI_1/XLXI_7/XLXI_46/XLXI_1/XLXI_9/_n0009_inv" is
sourceless and has been removed.
                 Sourceless block
"XLXI_12/XLXI_1/XLXI_7/XLXI_46/XLXI_1/XLXI_9/Mmux_q_tmp_q_tmp_MUX_33_o11" (ROM)
removed.
               Sourceless block "XLXI_12/XLXI_1/XLXI_7/XLXI_46/XLXI_1/XLXI_54" (OR) removed.
                The signal "XLXI_12/XLXI_1/XLXI_7/XLXI_46/XLXI_1/XLXN_96" is sourceless and has
been removed.
                 Sourceless block "XLXI_12/XLXI_1/XLXI_7/XLXI_46/XLXI_1/XLXI_55" (OR) removed.
                  The signal "XLXI_12/XLXI_1/XLXI_7/XLXI_46/XLXI_1/XLXN_93" is sourceless and has
been removed.
                   Sourceless block "XLXI_12/XLXI_1/XLXI_7/XLXI_46/XLXI_1/XLXI_56" (BUF) removed.
                    The signal "XLXI_12/XLXI_1/XLXI_7/XLXI_46/XLXN_1" is sourceless and has been
removed.
                     Sourceless block "XLXI_12/XLXI_1/XLXI_7/XLXI_46/XLXI_2/XLXI_9/q_tmp" (FF)
removed.
                      The signal "XLXI_12/XLXI_1/XLXI_7/XLXI_46/XLXI_2/bit_DUMMY<3>" is sourceless and
has been removed.
                       Sourceless block "XLXI_12/XLXI_1/XLXI_7/XLXI_46/XLXI_2/XLXI_37" (AND) removed.
                        The signal "XLXI_12/XLXI_1/XLXI_7/XLXI_46/XLXI_2/XLXN_62" is sourceless and has
been removed.
                         Sourceless block "XLXI_12/XLXI_1/XLXI_7/XLXI_46/XLXI_2/XLXI_4/_n0009_inv1" (ROM)
removed.
                          The signal "XLXI_12/XLXI_1/XLXI_7/XLXI_46/XLXI_2/XLXI_4/_n0009_inv" is
sourceless and has been removed.
                           Sourceless block "XLXI_12/XLXI_1/XLXI_7/XLXI_46/XLXI_2/XLXI_4/q_tmp" (FF)
removed.
                            The signal "XLXI_12/XLXI_1/XLXI_7/XLXI_46/XLXI_2/bit_DUMMY<1>" is sourceless and
has been removed.
                             Sourceless block "XLXI_12/XLXI_1/XLXI_7/XLXI_46/XLXI_2/XLXI_38" (AND) removed.
                              The signal "XLXI_12/XLXI_1/XLXI_7/XLXI_46/XLXI_2/XLXN_63" is sourceless and has
been removed.
                               Sourceless block "XLXI_12/XLXI_1/XLXI_7/XLXI_46/XLXI_2/XLXI_5/_n0009_inv1" (ROM)
removed.
                                The signal "XLXI_12/XLXI_1/XLXI_7/XLXI_46/XLXI_2/XLXI_5/_n0009_inv" is
sourceless and has been removed.
                                 Sourceless block "XLXI_12/XLXI_1/XLXI_7/XLXI_46/XLXI_2/XLXI_5/q_tmp" (FF)
removed.
                                  The signal "XLXI_12/XLXI_1/XLXI_7/XLXI_46/XLXI_2/bit_DUMMY<2>" is sourceless and
has been removed.
                                   Sourceless block "XLXI_12/XLXI_1/XLXI_7/XLXI_46/XLXI_2/XLXI_40" (AND) removed.
                                    The signal "XLXI_12/XLXI_1/XLXI_7/XLXI_46/XLXI_2/XLXN_65" is sourceless and has
been removed.
                                     Sourceless block "XLXI_12/XLXI_1/XLXI_7/XLXI_46/XLXI_2/XLXI_9/_n0009_inv1" (ROM)
removed.
                                      The signal "XLXI_12/XLXI_1/XLXI_7/XLXI_46/XLXI_2/XLXI_9/_n0009_inv" is
sourceless and has been removed.
                                     Sourceless block
"XLXI_12/XLXI_1/XLXI_7/XLXI_46/XLXI_2/XLXI_9/Mmux_q_tmp_q_tmp_MUX_33_o11" (ROM)
removed.
                                      The signal "XLXI_12/XLXI_1/XLXI_7/XLXI_46/XLXI_2/XLXI_9/q_tmp_q_tmp_MUX_33_o" is
sourceless and has been removed.
                                   Sourceless block "XLXI_12/XLXI_1/XLXI_7/XLXI_46/XLXI_2/XLXI_54" (OR) removed.
                                    The signal "XLXI_12/XLXI_1/XLXI_7/XLXI_46/XLXI_2/XLXN_96" is sourceless and has
been removed.
                                     Sourceless block "XLXI_12/XLXI_1/XLXI_7/XLXI_46/XLXI_2/XLXI_55" (OR) removed.
                                      The signal "XLXI_12/XLXI_1/XLXI_7/XLXI_46/XLXI_2/XLXN_93" is sourceless and has
been removed.
                                       Sourceless block "XLXI_12/XLXI_1/XLXI_7/XLXI_46/XLXI_2/XLXI_56" (BUF) removed.
                                        The signal "XLXI_12/XLXI_1/XLXI_7/XLXI_46/XLXN_2" is sourceless and has been
removed.
                                         Sourceless block "XLXI_12/XLXI_1/XLXI_7/XLXI_46/XLXI_3/q_tmp" (FF) removed.
                                          The signal "XLXI_12/XLXI_1/XLXI_7/XLXN_173" is sourceless and has been removed.
                                           Sourceless block "XLXI_12/XLXI_1/XLXI_7/XLXI_52" (FF) removed.
                                            The signal "XLXI_12/XLXI_1/XLXI_7/XLXN_176" is sourceless and has been removed.
                                             Sourceless block "XLXI_12/XLXI_1/XLXI_7/XLXI_45" (AND) removed.
                                              The signal "XLXI_12/XLXI_1/XLXI_7/XLXN_169" is sourceless and has been removed.
                                               Sourceless block "XLXI_12/XLXI_1/XLXI_7/XLXI_35" (OR) removed.
                                                The signal "XLXI_12/XLXN_6" is sourceless and has been removed.
                                           Sourceless block "XLXI_12/XLXI_1/XLXI_7/XLXI_46/XLXI_3/q_tmp_INV_32_o1_INV_0"
(BUF) removed.
                                            The signal "XLXI_12/XLXI_1/XLXI_7/XLXI_46/XLXI_3/q_tmp_INV_32_o" is sourceless
and has been removed.
                                   Sourceless block
"XLXI_12/XLXI_1/XLXI_7/XLXI_46/XLXI_2/XLXI_5/Mmux_q_tmp_q_tmp_MUX_33_o11" (ROM)
removed.
                                    The signal "XLXI_12/XLXI_1/XLXI_7/XLXI_46/XLXI_2/XLXI_5/q_tmp_q_tmp_MUX_33_o" is
sourceless and has been removed.
                             Sourceless block "XLXI_12/XLXI_1/XLXI_7/XLXI_46/XLXI_2/XLXI_53" (OR) removed.
                              The signal "XLXI_12/XLXI_1/XLXI_7/XLXI_46/XLXI_2/XLXN_95" is sourceless and has
been removed.
                             Sourceless block
"XLXI_12/XLXI_1/XLXI_7/XLXI_46/XLXI_2/XLXI_4/Mmux_q_tmp_q_tmp_MUX_33_o11" (ROM)
removed.
                              The signal "XLXI_12/XLXI_1/XLXI_7/XLXI_46/XLXI_2/XLXI_4/q_tmp_q_tmp_MUX_33_o" is
sourceless and has been removed.
                     Sourceless block "XLXI_12/XLXI_1/XLXI_7/XLXI_46/XLXI_2/XLXI_1/q_tmp" (FF)
removed.
                      The signal "XLXI_12/XLXI_1/XLXI_7/XLXI_46/XLXI_2/bit_DUMMY<0>" is sourceless and
has been removed.
                       Sourceless block
"XLXI_12/XLXI_1/XLXI_7/XLXI_46/XLXI_2/XLXI_1/Mmux_q_tmp_q_tmp_MUX_33_o11_INV_0"
(BUF) removed.
                        The signal "XLXI_12/XLXI_1/XLXI_7/XLXI_46/XLXI_2/XLXI_1/q_tmp_q_tmp_MUX_33_o" is
sourceless and has been removed.
               Sourceless block
"XLXI_12/XLXI_1/XLXI_7/XLXI_46/XLXI_1/XLXI_5/Mmux_q_tmp_q_tmp_MUX_33_o11" (ROM)
removed.
                The signal "XLXI_12/XLXI_1/XLXI_7/XLXI_46/XLXI_1/XLXI_5/q_tmp_q_tmp_MUX_33_o" is
sourceless and has been removed.
         Sourceless block "XLXI_12/XLXI_1/XLXI_7/XLXI_46/XLXI_1/XLXI_53" (OR) removed.
          The signal "XLXI_12/XLXI_1/XLXI_7/XLXI_46/XLXI_1/XLXN_95" is sourceless and has
been removed.
         Sourceless block
"XLXI_12/XLXI_1/XLXI_7/XLXI_46/XLXI_1/XLXI_4/Mmux_q_tmp_q_tmp_MUX_33_o11" (ROM)
removed.
          The signal "XLXI_12/XLXI_1/XLXI_7/XLXI_46/XLXI_1/XLXI_4/q_tmp_q_tmp_MUX_33_o" is
sourceless and has been removed.
The signal "XLXI_12/XLXI_1/XLXI_7/XLXI_46/XLXI_1/XLXI_1/q_tmp_q_tmp_MUX_33_o" is
sourceless and has been removed.
 Sourceless block "XLXI_12/XLXI_1/XLXI_7/XLXI_46/XLXI_1/XLXI_1/q_tmp" (FF)
removed.
  The signal "XLXI_12/XLXI_1/XLXI_7/XLXI_46/XLXI_1/bit_DUMMY<0>" is sourceless and
has been removed.
   Sourceless block
"XLXI_12/XLXI_1/XLXI_7/XLXI_46/XLXI_1/XLXI_1/Mmux_q_tmp_q_tmp_MUX_33_o11_INV_0"
(BUF) removed.

The trimmed logic reported below is either:
   1. part of a cycle
   2. part of disabled logic
   3. a side-effect of other trimmed logic

The signal "XLXI_12/XLXI_1/XLXN_112" is unused and has been removed.
The signal "XLXI_12/XLXI_1/XLXN_89" is unused and has been removed.
 Unused block "XLXI_12/XLXI_1/XLXI_2/XLXI_16" (BUF) removed.
The signal "XLXI_12/XLXI_1/XLXN_91" is unused and has been removed.
The signal "XLXI_5/XLXI_1/XLXN_1032" is unused and has been removed.
The signal "XLXI_12/XLXI_1/XLXI_2/XLXI_18/XLXN_1" is unused and has been
removed.
The signal "XLXI_12/XLXI_1/XLXI_2/XLXI_18/XLXN_2" is unused and has been
removed.
The signal "XLXI_12/XLXI_1/XLXI_2/XLXI_17/XLXN_1" is unused and has been
removed.
The signal "XLXI_12/XLXI_1/XLXI_2/XLXI_17/XLXN_2" is unused and has been
removed.
The signal "XLXI_12/XLXI_1/XLXI_2/XLXI_17/XLXN_3" is unused and has been
removed.
The signal "XLXI_12/XLXI_1/XLXI_2/XLXI_17/XLXN_11" is unused and has been
removed.
The signal "XLXI_12/XLXI_1/XLXI_2/XLXN_148_DUMMY" is unused and has been
removed.
The signal "XLXI_12/XLXI_1/XLXI_2/XLXN_51" is unused and has been removed.
The signal "XLXI_12/XLXI_1/XLXI_2/XLXN_47" is unused and has been removed.
The signal "XLXI_12/XLXI_1/XLXI_2/XLXN_39" is unused and has been removed.
The signal "XLXI_12/XLXI_1/XLXI_2/XLXN_42" is unused and has been removed.
The signal "XLXI_12/XLXI_1/XLXI_2/XLXN_146" is unused and has been removed.
The signal "XLXI_12/XLXI_1/XLXI_7/XLXN_94" is unused and has been removed.
 Unused block "XLXI_12/XLXI_1/XLXI_7/XLXI_34" (AND) removed.
The signal "XLXI_12/XLXI_1/XLXI_7/XLXI_1/XLXN_121" is unused and has been
removed.
 Unused block "XLXI_12/XLXI_1/XLXI_7/XLXI_1/XLXI_4" (AND) removed.
  The signal "XLXI_12/XLXI_1/XLXI_7/XLXI_1/XLXN_80" is unused and has been
removed.
   Unused block "XLXI_12/XLXI_1/XLXI_7/XLXI_1/XLXI_8" (BUF) removed.
  The signal "XLXI_12/XLXI_1/XLXI_7/XLXI_1/XLXN_190" is unused and has been
removed.
   Unused block "XLXI_12/XLXI_1/XLXI_7/XLXI_1/XLXI_93" (BUF) removed.
The signal "XLXI_12/XLXI_1/XLXI_7/XLXI_1/XLXN_191" is unused and has been
removed.
 Unused block "XLXI_12/XLXI_1/XLXI_7/XLXI_1/XLXI_94" (BUF) removed.
The signal "XLXI_12/XLXI_1/XLXI_7/XLXI_1/XLXN_148" is unused and has been
removed.
 Unused block "XLXI_12/XLXI_1/XLXI_7/XLXI_1/XLXI_6" (AND) removed.
  The signal "XLXI_12/XLXI_1/XLXI_7/XLXI_1/XLXN_83" is unused and has been
removed.
   Unused block "XLXI_12/XLXI_1/XLXI_7/XLXI_1/XLXI_9" (BUF) removed.
The signal "XLXI_12/XLXI_1/XLXI_7/XLXI_1/XLXN_150" is unused and has been
removed.
 Unused block "XLXI_12/XLXI_1/XLXI_7/XLXI_1/XLXI_7" (AND) removed.
The signal "XLXI_12/XLXI_1/XLXI_7/XLXI_1/XLXN_142" is unused and has been
removed.
 Unused block "XLXI_12/XLXI_1/XLXI_7/XLXI_1/XLXI_5" (AND) removed.
The signal "XLXI_13/XLXI_1/XLXI_148/XLXI_2/XLXN_150" is unused and has been
removed.
 Unused block "XLXI_13/XLXI_1/XLXI_148/XLXI_2/XLXI_7" (AND) removed.
The signal "XLXI_1/XLXI_95/XLXI_1/XLXN_83" is unused and has been removed.
 Unused block "XLXI_1/XLXI_95/XLXI_1/XLXI_9" (BUF) removed.
The signal "XLXI_1/XLXI_95/XLXI_2/XLXN_83" is unused and has been removed.
 Unused block "XLXI_1/XLXI_95/XLXI_2/XLXI_9" (BUF) removed.
Unused block "XLXI_12/XLXI_1/XLXI_2/XLXI_18/XLXI_3/q_tmp_INV_32_o1_INV_0" (BUF)
removed.
Unused block "XLXI_12/XLXI_1/XLXI_2/XLXI_5/q_tmp_INV_32_o1_INV_0" (BUF) removed.

Optimized Block(s):
TYPE 		BLOCK
AND2 		XLXI_1/XLXI_95/XLXI_1/XLXI_42
AND2 		XLXI_1/XLXI_95/XLXI_1/XLXI_43
AND2 		XLXI_1/XLXI_95/XLXI_1/XLXI_44
AND2 		XLXI_1/XLXI_95/XLXI_1/XLXI_6
AND2 		XLXI_1/XLXI_95/XLXI_1/XLXI_7
AND2 		XLXI_1/XLXI_95/XLXI_1/XLXI_70
AND2 		XLXI_1/XLXI_95/XLXI_1/XLXI_71
AND2 		XLXI_1/XLXI_95/XLXI_1/XLXI_72
INV 		XLXI_1/XLXI_95/XLXI_1/XLXI_93
INV 		XLXI_1/XLXI_95/XLXI_1/XLXI_94
AND2 		XLXI_1/XLXI_95/XLXI_2/XLXI_28
AND2 		XLXI_1/XLXI_95/XLXI_2/XLXI_41
AND2 		XLXI_1/XLXI_95/XLXI_2/XLXI_42
AND2 		XLXI_1/XLXI_95/XLXI_2/XLXI_43
AND2 		XLXI_1/XLXI_95/XLXI_2/XLXI_44
AND2 		XLXI_1/XLXI_95/XLXI_2/XLXI_6
AND2 		XLXI_1/XLXI_95/XLXI_2/XLXI_69
AND2 		XLXI_1/XLXI_95/XLXI_2/XLXI_7
AND2 		XLXI_1/XLXI_95/XLXI_2/XLXI_70
AND2 		XLXI_1/XLXI_95/XLXI_2/XLXI_71
AND2 		XLXI_1/XLXI_95/XLXI_2/XLXI_72
INV 		XLXI_1/XLXI_95/XLXI_2/XLXI_93
INV 		XLXI_1/XLXI_95/XLXI_2/XLXI_94
GND 		XLXI_11/XLXI_10
VCC 		XLXI_11/XLXI_6
INV 		XLXI_12/XLXI_1/XLXI_2/XLXI_13/XLXI_1/Mmux_q_tmp_q_tmp_MUX_33_o11_INV_0
FDC 		XLXI_12/XLXI_1/XLXI_2/XLXI_13/XLXI_1/q_tmp
   optimized to 0
AND2B1 		XLXI_12/XLXI_1/XLXI_2/XLXI_13/XLXI_37
AND2 		XLXI_12/XLXI_1/XLXI_2/XLXI_13/XLXI_38
LUT3 		XLXI_12/XLXI_1/XLXI_2/XLXI_13/XLXI_4/Mmux_q_tmp_q_tmp_MUX_33_o11
   optimized to 0
LUT2 		XLXI_12/XLXI_1/XLXI_2/XLXI_13/XLXI_4/_n0009_inv1
   optimized to 0
FDCE 		XLXI_12/XLXI_1/XLXI_2/XLXI_13/XLXI_4/q_tmp
   optimized to 0
AND3 		XLXI_12/XLXI_1/XLXI_2/XLXI_13/XLXI_40
LUT3 		XLXI_12/XLXI_1/XLXI_2/XLXI_13/XLXI_5/Mmux_q_tmp_q_tmp_MUX_33_o11
   optimized to 0
LUT2 		XLXI_12/XLXI_1/XLXI_2/XLXI_13/XLXI_5/_n0009_inv1
   optimized to 0
FDCE 		XLXI_12/XLXI_1/XLXI_2/XLXI_13/XLXI_5/q_tmp
   optimized to 0
LUT3 		XLXI_12/XLXI_1/XLXI_2/XLXI_13/XLXI_9/Mmux_q_tmp_q_tmp_MUX_33_o11
   optimized to 0
LUT2 		XLXI_12/XLXI_1/XLXI_2/XLXI_13/XLXI_9/_n0009_inv1
   optimized to 0
FDCE 		XLXI_12/XLXI_1/XLXI_2/XLXI_13/XLXI_9/q_tmp
   optimized to 0
INV 		XLXI_12/XLXI_1/XLXI_2/XLXI_14/XLXI_1/Mmux_q_tmp_q_tmp_MUX_33_o11_INV_0
FDC 		XLXI_12/XLXI_1/XLXI_2/XLXI_14/XLXI_1/q_tmp
   optimized to 0
AND2B1 		XLXI_12/XLXI_1/XLXI_2/XLXI_14/XLXI_37
AND2 		XLXI_12/XLXI_1/XLXI_2/XLXI_14/XLXI_38
LUT3 		XLXI_12/XLXI_1/XLXI_2/XLXI_14/XLXI_4/Mmux_q_tmp_q_tmp_MUX_33_o11
   optimized to 0
LUT2 		XLXI_12/XLXI_1/XLXI_2/XLXI_14/XLXI_4/_n0009_inv1
   optimized to 0
FDCE 		XLXI_12/XLXI_1/XLXI_2/XLXI_14/XLXI_4/q_tmp
   optimized to 0
AND3 		XLXI_12/XLXI_1/XLXI_2/XLXI_14/XLXI_40
LUT3 		XLXI_12/XLXI_1/XLXI_2/XLXI_14/XLXI_5/Mmux_q_tmp_q_tmp_MUX_33_o11
   optimized to 0
LUT2 		XLXI_12/XLXI_1/XLXI_2/XLXI_14/XLXI_5/_n0009_inv1
   optimized to 0
FDCE 		XLXI_12/XLXI_1/XLXI_2/XLXI_14/XLXI_5/q_tmp
   optimized to 0
OR2 		XLXI_12/XLXI_1/XLXI_2/XLXI_14/XLXI_53
OR2 		XLXI_12/XLXI_1/XLXI_2/XLXI_14/XLXI_54
OR2 		XLXI_12/XLXI_1/XLXI_2/XLXI_14/XLXI_55
INV 		XLXI_12/XLXI_1/XLXI_2/XLXI_14/XLXI_56
LUT3 		XLXI_12/XLXI_1/XLXI_2/XLXI_14/XLXI_9/Mmux_q_tmp_q_tmp_MUX_33_o11
   optimized to 0
LUT2 		XLXI_12/XLXI_1/XLXI_2/XLXI_14/XLXI_9/_n0009_inv1
   optimized to 0
FDCE 		XLXI_12/XLXI_1/XLXI_2/XLXI_14/XLXI_9/q_tmp
   optimized to 0
INV 		XLXI_12/XLXI_1/XLXI_2/XLXI_15/XLXI_1/Mmux_q_tmp_q_tmp_MUX_33_o11_INV_0
FDC 		XLXI_12/XLXI_1/XLXI_2/XLXI_15/XLXI_1/q_tmp
   optimized to 0
AND2B1 		XLXI_12/XLXI_1/XLXI_2/XLXI_15/XLXI_37
AND2 		XLXI_12/XLXI_1/XLXI_2/XLXI_15/XLXI_38
LUT3 		XLXI_12/XLXI_1/XLXI_2/XLXI_15/XLXI_4/Mmux_q_tmp_q_tmp_MUX_33_o11
   optimized to 0
LUT2 		XLXI_12/XLXI_1/XLXI_2/XLXI_15/XLXI_4/_n0009_inv1
   optimized to 0
FDCE 		XLXI_12/XLXI_1/XLXI_2/XLXI_15/XLXI_4/q_tmp
   optimized to 0
AND3 		XLXI_12/XLXI_1/XLXI_2/XLXI_15/XLXI_40
LUT3 		XLXI_12/XLXI_1/XLXI_2/XLXI_15/XLXI_5/Mmux_q_tmp_q_tmp_MUX_33_o11
   optimized to 0
LUT2 		XLXI_12/XLXI_1/XLXI_2/XLXI_15/XLXI_5/_n0009_inv1
   optimized to 0
FDCE 		XLXI_12/XLXI_1/XLXI_2/XLXI_15/XLXI_5/q_tmp
   optimized to 0
OR2 		XLXI_12/XLXI_1/XLXI_2/XLXI_15/XLXI_53
OR2 		XLXI_12/XLXI_1/XLXI_2/XLXI_15/XLXI_54
OR2 		XLXI_12/XLXI_1/XLXI_2/XLXI_15/XLXI_55
INV 		XLXI_12/XLXI_1/XLXI_2/XLXI_15/XLXI_56
LUT3 		XLXI_12/XLXI_1/XLXI_2/XLXI_15/XLXI_9/Mmux_q_tmp_q_tmp_MUX_33_o11
   optimized to 0
LUT2 		XLXI_12/XLXI_1/XLXI_2/XLXI_15/XLXI_9/_n0009_inv1
   optimized to 0
FDCE 		XLXI_12/XLXI_1/XLXI_2/XLXI_15/XLXI_9/q_tmp
   optimized to 0
INV
		XLXI_12/XLXI_1/XLXI_2/XLXI_17/XLXI_1/XLXI_1/Mmux_q_tmp_q_tmp_MUX_33_o11_INV_0
FDC 		XLXI_12/XLXI_1/XLXI_2/XLXI_17/XLXI_1/XLXI_1/q_tmp
   optimized to 0
AND2B1 		XLXI_12/XLXI_1/XLXI_2/XLXI_17/XLXI_1/XLXI_37
AND2 		XLXI_12/XLXI_1/XLXI_2/XLXI_17/XLXI_1/XLXI_38
LUT3 		XLXI_12/XLXI_1/XLXI_2/XLXI_17/XLXI_1/XLXI_4/Mmux_q_tmp_q_tmp_MUX_33_o11
   optimized to 0
LUT2 		XLXI_12/XLXI_1/XLXI_2/XLXI_17/XLXI_1/XLXI_4/_n0009_inv1
   optimized to 0
FDCE 		XLXI_12/XLXI_1/XLXI_2/XLXI_17/XLXI_1/XLXI_4/q_tmp
   optimized to 0
AND3 		XLXI_12/XLXI_1/XLXI_2/XLXI_17/XLXI_1/XLXI_40
LUT3 		XLXI_12/XLXI_1/XLXI_2/XLXI_17/XLXI_1/XLXI_5/Mmux_q_tmp_q_tmp_MUX_33_o11
   optimized to 0
LUT2 		XLXI_12/XLXI_1/XLXI_2/XLXI_17/XLXI_1/XLXI_5/_n0009_inv1
   optimized to 0
FDCE 		XLXI_12/XLXI_1/XLXI_2/XLXI_17/XLXI_1/XLXI_5/q_tmp
   optimized to 0
OR2 		XLXI_12/XLXI_1/XLXI_2/XLXI_17/XLXI_1/XLXI_53
OR2 		XLXI_12/XLXI_1/XLXI_2/XLXI_17/XLXI_1/XLXI_54
OR2 		XLXI_12/XLXI_1/XLXI_2/XLXI_17/XLXI_1/XLXI_55
INV 		XLXI_12/XLXI_1/XLXI_2/XLXI_17/XLXI_1/XLXI_56
LUT3 		XLXI_12/XLXI_1/XLXI_2/XLXI_17/XLXI_1/XLXI_9/Mmux_q_tmp_q_tmp_MUX_33_o11
   optimized to 0
LUT2 		XLXI_12/XLXI_1/XLXI_2/XLXI_17/XLXI_1/XLXI_9/_n0009_inv1
   optimized to 0
FDCE 		XLXI_12/XLXI_1/XLXI_2/XLXI_17/XLXI_1/XLXI_9/q_tmp
   optimized to 0
INV
		XLXI_12/XLXI_1/XLXI_2/XLXI_17/XLXI_2/XLXI_1/Mmux_q_tmp_q_tmp_MUX_33_o11_INV_0
FDC 		XLXI_12/XLXI_1/XLXI_2/XLXI_17/XLXI_2/XLXI_1/q_tmp
   optimized to 0
AND2B1 		XLXI_12/XLXI_1/XLXI_2/XLXI_17/XLXI_2/XLXI_37
AND2 		XLXI_12/XLXI_1/XLXI_2/XLXI_17/XLXI_2/XLXI_38
LUT3 		XLXI_12/XLXI_1/XLXI_2/XLXI_17/XLXI_2/XLXI_4/Mmux_q_tmp_q_tmp_MUX_33_o11
   optimized to 0
LUT2 		XLXI_12/XLXI_1/XLXI_2/XLXI_17/XLXI_2/XLXI_4/_n0009_inv1
   optimized to 0
FDCE 		XLXI_12/XLXI_1/XLXI_2/XLXI_17/XLXI_2/XLXI_4/q_tmp
   optimized to 0
AND3 		XLXI_12/XLXI_1/XLXI_2/XLXI_17/XLXI_2/XLXI_40
LUT3 		XLXI_12/XLXI_1/XLXI_2/XLXI_17/XLXI_2/XLXI_5/Mmux_q_tmp_q_tmp_MUX_33_o11
   optimized to 0
LUT2 		XLXI_12/XLXI_1/XLXI_2/XLXI_17/XLXI_2/XLXI_5/_n0009_inv1
   optimized to 0
FDCE 		XLXI_12/XLXI_1/XLXI_2/XLXI_17/XLXI_2/XLXI_5/q_tmp
   optimized to 0
OR2 		XLXI_12/XLXI_1/XLXI_2/XLXI_17/XLXI_2/XLXI_53
OR2 		XLXI_12/XLXI_1/XLXI_2/XLXI_17/XLXI_2/XLXI_54
OR2 		XLXI_12/XLXI_1/XLXI_2/XLXI_17/XLXI_2/XLXI_55
INV 		XLXI_12/XLXI_1/XLXI_2/XLXI_17/XLXI_2/XLXI_56
LUT3 		XLXI_12/XLXI_1/XLXI_2/XLXI_17/XLXI_2/XLXI_9/Mmux_q_tmp_q_tmp_MUX_33_o11
   optimized to 0
LUT2 		XLXI_12/XLXI_1/XLXI_2/XLXI_17/XLXI_2/XLXI_9/_n0009_inv1
   optimized to 0
FDCE 		XLXI_12/XLXI_1/XLXI_2/XLXI_17/XLXI_2/XLXI_9/q_tmp
   optimized to 0
INV
		XLXI_12/XLXI_1/XLXI_2/XLXI_17/XLXI_3/XLXI_1/Mmux_q_tmp_q_tmp_MUX_33_o11_INV_0
FDC 		XLXI_12/XLXI_1/XLXI_2/XLXI_17/XLXI_3/XLXI_1/q_tmp
   optimized to 0
AND2B1 		XLXI_12/XLXI_1/XLXI_2/XLXI_17/XLXI_3/XLXI_37
AND2 		XLXI_12/XLXI_1/XLXI_2/XLXI_17/XLXI_3/XLXI_38
LUT3 		XLXI_12/XLXI_1/XLXI_2/XLXI_17/XLXI_3/XLXI_4/Mmux_q_tmp_q_tmp_MUX_33_o11
   optimized to 0
LUT2 		XLXI_12/XLXI_1/XLXI_2/XLXI_17/XLXI_3/XLXI_4/_n0009_inv1
   optimized to 0
FDCE 		XLXI_12/XLXI_1/XLXI_2/XLXI_17/XLXI_3/XLXI_4/q_tmp
   optimized to 0
AND3 		XLXI_12/XLXI_1/XLXI_2/XLXI_17/XLXI_3/XLXI_40
LUT3 		XLXI_12/XLXI_1/XLXI_2/XLXI_17/XLXI_3/XLXI_5/Mmux_q_tmp_q_tmp_MUX_33_o11
   optimized to 0
LUT2 		XLXI_12/XLXI_1/XLXI_2/XLXI_17/XLXI_3/XLXI_5/_n0009_inv1
   optimized to 0
FDCE 		XLXI_12/XLXI_1/XLXI_2/XLXI_17/XLXI_3/XLXI_5/q_tmp
   optimized to 0
OR2 		XLXI_12/XLXI_1/XLXI_2/XLXI_17/XLXI_3/XLXI_53
OR2 		XLXI_12/XLXI_1/XLXI_2/XLXI_17/XLXI_3/XLXI_54
OR2 		XLXI_12/XLXI_1/XLXI_2/XLXI_17/XLXI_3/XLXI_55
INV 		XLXI_12/XLXI_1/XLXI_2/XLXI_17/XLXI_3/XLXI_56
LUT3 		XLXI_12/XLXI_1/XLXI_2/XLXI_17/XLXI_3/XLXI_9/Mmux_q_tmp_q_tmp_MUX_33_o11
   optimized to 0
LUT2 		XLXI_12/XLXI_1/XLXI_2/XLXI_17/XLXI_3/XLXI_9/_n0009_inv1
   optimized to 0
FDCE 		XLXI_12/XLXI_1/XLXI_2/XLXI_17/XLXI_3/XLXI_9/q_tmp
   optimized to 0
INV
		XLXI_12/XLXI_1/XLXI_2/XLXI_17/XLXI_4/XLXI_1/Mmux_q_tmp_q_tmp_MUX_33_o11_INV_0
FDC 		XLXI_12/XLXI_1/XLXI_2/XLXI_17/XLXI_4/XLXI_1/q_tmp
   optimized to 0
AND2B1 		XLXI_12/XLXI_1/XLXI_2/XLXI_17/XLXI_4/XLXI_37
AND2 		XLXI_12/XLXI_1/XLXI_2/XLXI_17/XLXI_4/XLXI_38
LUT3 		XLXI_12/XLXI_1/XLXI_2/XLXI_17/XLXI_4/XLXI_4/Mmux_q_tmp_q_tmp_MUX_33_o11
   optimized to 0
LUT2 		XLXI_12/XLXI_1/XLXI_2/XLXI_17/XLXI_4/XLXI_4/_n0009_inv1
   optimized to 0
FDCE 		XLXI_12/XLXI_1/XLXI_2/XLXI_17/XLXI_4/XLXI_4/q_tmp
   optimized to 0
AND3 		XLXI_12/XLXI_1/XLXI_2/XLXI_17/XLXI_4/XLXI_40
LUT3 		XLXI_12/XLXI_1/XLXI_2/XLXI_17/XLXI_4/XLXI_5/Mmux_q_tmp_q_tmp_MUX_33_o11
   optimized to 0
LUT2 		XLXI_12/XLXI_1/XLXI_2/XLXI_17/XLXI_4/XLXI_5/_n0009_inv1
   optimized to 0
FDCE 		XLXI_12/XLXI_1/XLXI_2/XLXI_17/XLXI_4/XLXI_5/q_tmp
   optimized to 0
OR2 		XLXI_12/XLXI_1/XLXI_2/XLXI_17/XLXI_4/XLXI_53
OR2 		XLXI_12/XLXI_1/XLXI_2/XLXI_17/XLXI_4/XLXI_54
OR2 		XLXI_12/XLXI_1/XLXI_2/XLXI_17/XLXI_4/XLXI_55
INV 		XLXI_12/XLXI_1/XLXI_2/XLXI_17/XLXI_4/XLXI_56
LUT3 		XLXI_12/XLXI_1/XLXI_2/XLXI_17/XLXI_4/XLXI_9/Mmux_q_tmp_q_tmp_MUX_33_o11
   optimized to 0
LUT2 		XLXI_12/XLXI_1/XLXI_2/XLXI_17/XLXI_4/XLXI_9/_n0009_inv1
   optimized to 0
FDCE 		XLXI_12/XLXI_1/XLXI_2/XLXI_17/XLXI_4/XLXI_9/q_tmp
   optimized to 0
INV
		XLXI_12/XLXI_1/XLXI_2/XLXI_17/XLXI_5/XLXI_1/Mmux_q_tmp_q_tmp_MUX_33_o11_INV_0
FDC 		XLXI_12/XLXI_1/XLXI_2/XLXI_17/XLXI_5/XLXI_1/q_tmp
   optimized to 0
AND2B1 		XLXI_12/XLXI_1/XLXI_2/XLXI_17/XLXI_5/XLXI_37
AND2 		XLXI_12/XLXI_1/XLXI_2/XLXI_17/XLXI_5/XLXI_38
LUT3 		XLXI_12/XLXI_1/XLXI_2/XLXI_17/XLXI_5/XLXI_4/Mmux_q_tmp_q_tmp_MUX_33_o11
   optimized to 0
LUT2 		XLXI_12/XLXI_1/XLXI_2/XLXI_17/XLXI_5/XLXI_4/_n0009_inv1
   optimized to 0
FDCE 		XLXI_12/XLXI_1/XLXI_2/XLXI_17/XLXI_5/XLXI_4/q_tmp
   optimized to 0
AND3 		XLXI_12/XLXI_1/XLXI_2/XLXI_17/XLXI_5/XLXI_40
LUT3 		XLXI_12/XLXI_1/XLXI_2/XLXI_17/XLXI_5/XLXI_5/Mmux_q_tmp_q_tmp_MUX_33_o11
   optimized to 0
LUT2 		XLXI_12/XLXI_1/XLXI_2/XLXI_17/XLXI_5/XLXI_5/_n0009_inv1
   optimized to 0
FDCE 		XLXI_12/XLXI_1/XLXI_2/XLXI_17/XLXI_5/XLXI_5/q_tmp
   optimized to 0
OR2 		XLXI_12/XLXI_1/XLXI_2/XLXI_17/XLXI_5/XLXI_53
OR2 		XLXI_12/XLXI_1/XLXI_2/XLXI_17/XLXI_5/XLXI_54
OR2 		XLXI_12/XLXI_1/XLXI_2/XLXI_17/XLXI_5/XLXI_55
INV 		XLXI_12/XLXI_1/XLXI_2/XLXI_17/XLXI_5/XLXI_56
LUT3 		XLXI_12/XLXI_1/XLXI_2/XLXI_17/XLXI_5/XLXI_9/Mmux_q_tmp_q_tmp_MUX_33_o11
   optimized to 0
LUT2 		XLXI_12/XLXI_1/XLXI_2/XLXI_17/XLXI_5/XLXI_9/_n0009_inv1
   optimized to 0
FDCE 		XLXI_12/XLXI_1/XLXI_2/XLXI_17/XLXI_5/XLXI_9/q_tmp
   optimized to 0
INV
		XLXI_12/XLXI_1/XLXI_2/XLXI_18/XLXI_1/XLXI_1/Mmux_q_tmp_q_tmp_MUX_33_o11_INV_0
FDC 		XLXI_12/XLXI_1/XLXI_2/XLXI_18/XLXI_1/XLXI_1/q_tmp
   optimized to 0
AND2B1 		XLXI_12/XLXI_1/XLXI_2/XLXI_18/XLXI_1/XLXI_37
AND2 		XLXI_12/XLXI_1/XLXI_2/XLXI_18/XLXI_1/XLXI_38
LUT3 		XLXI_12/XLXI_1/XLXI_2/XLXI_18/XLXI_1/XLXI_4/Mmux_q_tmp_q_tmp_MUX_33_o11
   optimized to 0
LUT2 		XLXI_12/XLXI_1/XLXI_2/XLXI_18/XLXI_1/XLXI_4/_n0009_inv1
   optimized to 0
FDCE 		XLXI_12/XLXI_1/XLXI_2/XLXI_18/XLXI_1/XLXI_4/q_tmp
   optimized to 0
AND3 		XLXI_12/XLXI_1/XLXI_2/XLXI_18/XLXI_1/XLXI_40
LUT3 		XLXI_12/XLXI_1/XLXI_2/XLXI_18/XLXI_1/XLXI_5/Mmux_q_tmp_q_tmp_MUX_33_o11
   optimized to 0
LUT2 		XLXI_12/XLXI_1/XLXI_2/XLXI_18/XLXI_1/XLXI_5/_n0009_inv1
   optimized to 0
FDCE 		XLXI_12/XLXI_1/XLXI_2/XLXI_18/XLXI_1/XLXI_5/q_tmp
   optimized to 0
OR2 		XLXI_12/XLXI_1/XLXI_2/XLXI_18/XLXI_1/XLXI_53
OR2 		XLXI_12/XLXI_1/XLXI_2/XLXI_18/XLXI_1/XLXI_54
OR2 		XLXI_12/XLXI_1/XLXI_2/XLXI_18/XLXI_1/XLXI_55
INV 		XLXI_12/XLXI_1/XLXI_2/XLXI_18/XLXI_1/XLXI_56
LUT3 		XLXI_12/XLXI_1/XLXI_2/XLXI_18/XLXI_1/XLXI_9/Mmux_q_tmp_q_tmp_MUX_33_o11
   optimized to 0
LUT2 		XLXI_12/XLXI_1/XLXI_2/XLXI_18/XLXI_1/XLXI_9/_n0009_inv1
   optimized to 0
FDCE 		XLXI_12/XLXI_1/XLXI_2/XLXI_18/XLXI_1/XLXI_9/q_tmp
   optimized to 0
INV
		XLXI_12/XLXI_1/XLXI_2/XLXI_18/XLXI_2/XLXI_1/Mmux_q_tmp_q_tmp_MUX_33_o11_INV_0
FDC 		XLXI_12/XLXI_1/XLXI_2/XLXI_18/XLXI_2/XLXI_1/q_tmp
   optimized to 0
AND2B1 		XLXI_12/XLXI_1/XLXI_2/XLXI_18/XLXI_2/XLXI_37
AND2 		XLXI_12/XLXI_1/XLXI_2/XLXI_18/XLXI_2/XLXI_38
LUT3 		XLXI_12/XLXI_1/XLXI_2/XLXI_18/XLXI_2/XLXI_4/Mmux_q_tmp_q_tmp_MUX_33_o11
   optimized to 0
LUT2 		XLXI_12/XLXI_1/XLXI_2/XLXI_18/XLXI_2/XLXI_4/_n0009_inv1
   optimized to 0
FDCE 		XLXI_12/XLXI_1/XLXI_2/XLXI_18/XLXI_2/XLXI_4/q_tmp
   optimized to 0
AND3 		XLXI_12/XLXI_1/XLXI_2/XLXI_18/XLXI_2/XLXI_40
LUT3 		XLXI_12/XLXI_1/XLXI_2/XLXI_18/XLXI_2/XLXI_5/Mmux_q_tmp_q_tmp_MUX_33_o11
   optimized to 0
LUT2 		XLXI_12/XLXI_1/XLXI_2/XLXI_18/XLXI_2/XLXI_5/_n0009_inv1
   optimized to 0
FDCE 		XLXI_12/XLXI_1/XLXI_2/XLXI_18/XLXI_2/XLXI_5/q_tmp
   optimized to 0
OR2 		XLXI_12/XLXI_1/XLXI_2/XLXI_18/XLXI_2/XLXI_53
OR2 		XLXI_12/XLXI_1/XLXI_2/XLXI_18/XLXI_2/XLXI_54
OR2 		XLXI_12/XLXI_1/XLXI_2/XLXI_18/XLXI_2/XLXI_55
INV 		XLXI_12/XLXI_1/XLXI_2/XLXI_18/XLXI_2/XLXI_56
LUT3 		XLXI_12/XLXI_1/XLXI_2/XLXI_18/XLXI_2/XLXI_9/Mmux_q_tmp_q_tmp_MUX_33_o11
   optimized to 0
LUT2 		XLXI_12/XLXI_1/XLXI_2/XLXI_18/XLXI_2/XLXI_9/_n0009_inv1
   optimized to 0
FDCE 		XLXI_12/XLXI_1/XLXI_2/XLXI_18/XLXI_2/XLXI_9/q_tmp
   optimized to 0
FDCE 		XLXI_12/XLXI_1/XLXI_2/XLXI_18/XLXI_3/q_tmp
   optimized to 0
INV 		XLXI_12/XLXI_1/XLXI_2/XLXI_4/XLXI_1/Mmux_q_tmp_q_tmp_MUX_33_o11_INV_0
FDC 		XLXI_12/XLXI_1/XLXI_2/XLXI_4/XLXI_1/q_tmp
   optimized to 0
AND2 		XLXI_12/XLXI_1/XLXI_2/XLXI_4/XLXI_10
NOR3 		XLXI_12/XLXI_1/XLXI_2/XLXI_4/XLXI_14
LUT3 		XLXI_12/XLXI_1/XLXI_2/XLXI_4/XLXI_2/Mmux_q_tmp_q_tmp_MUX_33_o11
   optimized to 0
LUT2 		XLXI_12/XLXI_1/XLXI_2/XLXI_4/XLXI_2/_n0009_inv1
   optimized to 0
FDCE 		XLXI_12/XLXI_1/XLXI_2/XLXI_4/XLXI_2/q_tmp
   optimized to 0
LUT3 		XLXI_12/XLXI_1/XLXI_2/XLXI_4/XLXI_3/Mmux_q_tmp_q_tmp_MUX_33_o11
   optimized to 0
LUT2 		XLXI_12/XLXI_1/XLXI_2/XLXI_4/XLXI_3/_n0009_inv1
   optimized to 0
FDCE 		XLXI_12/XLXI_1/XLXI_2/XLXI_4/XLXI_3/q_tmp
   optimized to 0
AND2B1 		XLXI_12/XLXI_1/XLXI_2/XLXI_4/XLXI_9
FDCE 		XLXI_12/XLXI_1/XLXI_2/XLXI_5/q_tmp
   optimized to 0
AND2 		XLXI_12/XLXI_1/XLXI_2/XLXI_6
AND2 		XLXI_12/XLXI_1/XLXI_2/XLXI_7
INV 		XLXI_12/XLXI_1/XLXI_2/XLXI_8
AND2 		XLXI_12/XLXI_1/XLXI_7/XLXI_1/XLXI_24
AND2 		XLXI_12/XLXI_1/XLXI_7/XLXI_1/XLXI_25
AND2 		XLXI_12/XLXI_1/XLXI_7/XLXI_1/XLXI_26
AND2 		XLXI_12/XLXI_1/XLXI_7/XLXI_1/XLXI_28
AND2 		XLXI_12/XLXI_1/XLXI_7/XLXI_1/XLXI_33
AND2 		XLXI_12/XLXI_1/XLXI_7/XLXI_1/XLXI_34
AND2 		XLXI_12/XLXI_1/XLXI_7/XLXI_1/XLXI_35
AND2 		XLXI_12/XLXI_1/XLXI_7/XLXI_1/XLXI_36
AND2 		XLXI_12/XLXI_1/XLXI_7/XLXI_1/XLXI_41
AND2 		XLXI_12/XLXI_1/XLXI_7/XLXI_1/XLXI_42
AND2 		XLXI_12/XLXI_1/XLXI_7/XLXI_1/XLXI_43
AND2 		XLXI_12/XLXI_1/XLXI_7/XLXI_1/XLXI_44
AND2 		XLXI_12/XLXI_1/XLXI_7/XLXI_1/XLXI_69
AND2 		XLXI_12/XLXI_1/XLXI_7/XLXI_1/XLXI_70
AND2 		XLXI_12/XLXI_1/XLXI_7/XLXI_1/XLXI_71
AND2 		XLXI_12/XLXI_1/XLXI_7/XLXI_1/XLXI_72
OR4 		XLXI_12/XLXI_1/XLXI_7/XLXI_1/XLXI_89
OR4 		XLXI_12/XLXI_1/XLXI_7/XLXI_1/XLXI_90
OR4 		XLXI_12/XLXI_1/XLXI_7/XLXI_1/XLXI_91
OR4 		XLXI_12/XLXI_1/XLXI_7/XLXI_1/XLXI_92
AND2 		XLXI_12/XLXI_1/XLXI_7/XLXI_11/XLXI_10
OR3 		XLXI_12/XLXI_1/XLXI_7/XLXI_11/XLXI_11
OR5 		XLXI_12/XLXI_1/XLXI_7/XLXI_11/XLXI_12
AND2 		XLXI_12/XLXI_1/XLXI_7/XLXI_11/XLXI_13
AND2 		XLXI_12/XLXI_1/XLXI_7/XLXI_11/XLXI_15
AND3 		XLXI_12/XLXI_1/XLXI_7/XLXI_11/XLXI_16
AND2 		XLXI_12/XLXI_1/XLXI_7/XLXI_11/XLXI_17
AND2 		XLXI_12/XLXI_1/XLXI_7/XLXI_11/XLXI_18
AND2 		XLXI_12/XLXI_1/XLXI_7/XLXI_11/XLXI_19
NAND2 		XLXI_12/XLXI_1/XLXI_7/XLXI_11/XLXI_2
OR2 		XLXI_12/XLXI_1/XLXI_7/XLXI_11/XLXI_20
AND2 		XLXI_12/XLXI_1/XLXI_7/XLXI_11/XLXI_21
AND2 		XLXI_12/XLXI_1/XLXI_7/XLXI_11/XLXI_22
AND2 		XLXI_12/XLXI_1/XLXI_7/XLXI_11/XLXI_23
OR4 		XLXI_12/XLXI_1/XLXI_7/XLXI_11/XLXI_24
AND2 		XLXI_12/XLXI_1/XLXI_7/XLXI_11/XLXI_25
AND2 		XLXI_12/XLXI_1/XLXI_7/XLXI_11/XLXI_26
AND2 		XLXI_12/XLXI_1/XLXI_7/XLXI_11/XLXI_27
OR4 		XLXI_12/XLXI_1/XLXI_7/XLXI_11/XLXI_28
NAND2 		XLXI_12/XLXI_1/XLXI_7/XLXI_11/XLXI_3
NAND2 		XLXI_12/XLXI_1/XLXI_7/XLXI_11/XLXI_4
AND2 		XLXI_12/XLXI_1/XLXI_7/XLXI_11/XLXI_5
AND2 		XLXI_12/XLXI_1/XLXI_7/XLXI_11/XLXI_6
OR4 		XLXI_12/XLXI_1/XLXI_7/XLXI_11/XLXI_7
OR3 		XLXI_12/XLXI_1/XLXI_7/XLXI_11/XLXI_8
AND2 		XLXI_12/XLXI_1/XLXI_7/XLXI_11/XLXI_9
AND2 		XLXI_12/XLXI_1/XLXI_8
AND2 		XLXI_12/XLXI_1/XLXI_9
AND2 		XLXI_12/XLXI_2
AND2 		XLXI_13/XLXI_1/XLXI_146/XLXI_2/XLXI_72
AND2 		XLXI_13/XLXI_1/XLXI_148/XLXI_2/XLXI_41
AND2 		XLXI_13/XLXI_1/XLXI_148/XLXI_2/XLXI_42
AND2 		XLXI_13/XLXI_1/XLXI_148/XLXI_2/XLXI_43
AND2 		XLXI_13/XLXI_1/XLXI_148/XLXI_2/XLXI_69
AND2 		XLXI_13/XLXI_1/XLXI_148/XLXI_2/XLXI_70
AND2 		XLXI_13/XLXI_1/XLXI_148/XLXI_2/XLXI_71
AND2 		XLXI_13/XLXI_1/XLXI_148/XLXI_2/XLXI_72
VCC 		XLXI_13/XLXI_1/XLXI_84/XST_VCC
INV 		XLXI_5/XLXI_1/XLXI_179
INV 		XLXI_5/XLXI_1/XLXI_518
BUF 		XLXI_5/XLXI_1/XLXI_561
INV 		XLXI_5/XLXI_1/XLXI_562
INV 		XLXI_5/XLXI_1/XLXI_563
INV 		XLXI_5/XLXI_1/XLXI_564
OR2 		XLXI_1/XLXI_120
OR2 		XLXI_1/XLXI_121
OR2 		XLXI_3/XLXI_120
OR2 		XLXI_3/XLXI_121

To enable printing of redundant blocks removed and signals merged, set the
detailed map report option and rerun map.

Section 6 - IOB Properties
--------------------------

+---------------------------------------------------------------------------------------------------------------------------------------------------------+
| IOB Name                           | Type             | Direction | IO Standard          | Diff  | Drive    | Slew | Reg (s)      | Resistor | IOB      |
|                                    |                  |           |                      | Term  | Strength | Rate |              |          | Delay    |
+---------------------------------------------------------------------------------------------------------------------------------------------------------+
| Buzzer                             | IOB              | OUTPUT    | LVCMOS25             |       | 12       | SLOW |              |          |          |
| DIP1                               | IOB              | INPUT     | LVCMOS25             |       |          |      |              |          |          |
| DIP2                               | IOB              | INPUT     | LVCMOS25             |       |          |      |              |          |          |
| DIP3                               | IOB              | INPUT     | LVCMOS25             |       |          |      |              |          |          |
| DIP4                               | IOB              | INPUT     | LVCMOS25             |       |          |      |              |          |          |
| DIP5                               | IOB              | INPUT     | LVCMOS25             |       |          |      |              |          |          |
| DIP6                               | IOB              | INPUT     | LVCMOS25             |       |          |      |              |          |          |
| DIP7                               | IOB              | INPUT     | LVCMOS25             |       |          |      |              |          |          |
| DIP8                               | IOB              | INPUT     | LVCMOS25             |       |          |      |              |          |          |
| Digit<0>                           | IOB              | OUTPUT    | LVCMOS25             |       | 12       | SLOW |              |          |          |
| Digit<1>                           | IOB              | OUTPUT    | LVCMOS25             |       | 12       | SLOW |              |          |          |
| Digit<2>                           | IOB              | OUTPUT    | LVCMOS25             |       | 12       | SLOW |              |          |          |
| Digit<3>                           | IOB              | OUTPUT    | LVCMOS25             |       | 12       | SLOW |              |          |          |
| Mode_Bin<0>                        | IOB              | INPUT     | LVCMOS25             |       |          |      |              |          |          |
| Mode_Bin<1>                        | IOB              | INPUT     | LVCMOS25             |       |          |      |              |          |          |
| Mode_Bin<2>                        | IOB              | INPUT     | LVCMOS25             |       |          |      |              |          |          |
| Mode_Bin<3>                        | IOB              | INPUT     | LVCMOS25             |       |          |      |              |          |          |
| OSC                                | IOB              | INPUT     | LVCMOS25             |       |          |      |              |          |          |
| PB1                                | IOB              | INPUT     | LVCMOS25             |       |          |      |              |          |          |
| PB2                                | IOB              | INPUT     | LVCMOS25             |       |          |      |              |          |          |
| PB3                                | IOB              | INPUT     | LVCMOS25             |       |          |      |              |          |          |
| PB4                                | IOB              | INPUT     | LVCMOS25             |       |          |      |              |          |          |
| SW0                                | IOB              | INPUT     | LVCMOS25             |       |          |      |              |          |          |
| SW1                                | IOB              | INPUT     | LVCMOS25             |       |          |      |              |          |          |
| SW2                                | IOB              | INPUT     | LVCMOS25             |       |          |      |              |          |          |
| SW3                                | IOB              | INPUT     | LVCMOS25             |       |          |      |              |          |          |
| SW4                                | IOB              | INPUT     | LVCMOS25             |       |          |      |              |          |          |
| SW5                                | IOB              | INPUT     | LVCMOS25             |       |          |      |              |          |          |
| SW6                                | IOB              | INPUT     | LVCMOS25             |       |          |      |              |          |          |
| SW7                                | IOB              | INPUT     | LVCMOS25             |       |          |      |              |          |          |
| Segment<0>                         | IOB              | OUTPUT    | LVCMOS25             |       | 12       | SLOW |              |          |          |
| Segment<1>                         | IOB              | OUTPUT    | LVCMOS25             |       | 12       | SLOW |              |          |          |
| Segment<2>                         | IOB              | OUTPUT    | LVCMOS25             |       | 12       | SLOW |              |          |          |
| Segment<3>                         | IOB              | OUTPUT    | LVCMOS25             |       | 12       | SLOW |              |          |          |
| Segment<4>                         | IOB              | OUTPUT    | LVCMOS25             |       | 12       | SLOW |              |          |          |
| Segment<5>                         | IOB              | OUTPUT    | LVCMOS25             |       | 12       | SLOW |              |          |          |
| Segment<6>                         | IOB              | OUTPUT    | LVCMOS25             |       | 12       | SLOW |              |          |          |
| SegmentDp                          | IOB              | OUTPUT    | LVCMOS25             |       | 12       | SLOW |              |          |          |
+---------------------------------------------------------------------------------------------------------------------------------------------------------+

Section 7 - RPMs
----------------

Section 8 - Guide Report
------------------------
Guide not run on this design.

Section 9 - Area Group and Partition Summary
--------------------------------------------

Partition Implementation Status
-------------------------------

  No Partitions were found in this design.

-------------------------------

Area Group Information
----------------------

  No area groups were found in this design.

----------------------

Section 10 - Timing Report
--------------------------
A logic-level (pre-route) timing report can be generated by using Xilinx static
timing analysis tools, Timing Analyzer (GUI) or TRCE (command line), with the
mapped NCD and PCF files. Please note that this timing report will be generated
using estimated delay information. For accurate numbers, please generate a
timing report with the post Place and Route NCD file.

For more information about the Timing Analyzer, consult the Xilinx Timing
Analyzer Reference Manual; for more information about TRCE, consult the Xilinx
Command Line Tools User Guide "TRACE" chapter.

Section 11 - Configuration String Details
-----------------------------------------
Use the "-detail" map option to print out Configuration Strings

Section 12 - Control Set Information
------------------------------------
Use the "-detail" map option to print out Control Set Information.

Section 13 - Utilization by Hierarchy
-------------------------------------
Use the "-detail" map option to print out the Utilization by Hierarchy section.
