Release 14.7 - xst P.20131013 (nt64)
Copyright (c) 1995-2013 Xilinx, Inc.  All rights reserved.
--> Parameter TMPDIR set to xst/projnav.tmp


Total REAL time to Xst completion: 2.00 secs
Total CPU time to Xst completion: 1.28 secs
 
--> Parameter xsthdpdir set to xst


Total REAL time to Xst completion: 2.00 secs
Total CPU time to Xst completion: 1.28 secs
 
--> Reading design: Lab8.prj

TABLE OF CONTENTS
  1) Synthesis Options Summary
  2) HDL Parsing
  3) HDL Elaboration
  4) HDL Synthesis
       4.1) HDL Synthesis Report
  5) Advanced HDL Synthesis
       5.1) Advanced HDL Synthesis Report
  6) Low Level Synthesis
  7) Partition Report
  8) Design Summary
       8.1) Primitive and Black Box Usage
       8.2) Device utilization summary
       8.3) Partition Resource Summary
       8.4) Timing Report
            8.4.1) Clock Information
            8.4.2) Asynchronous Control Signals Information
            8.4.3) Timing Summary
            8.4.4) Timing Details
            8.4.5) Cross Clock Domains Report


=========================================================================
*                      Synthesis Options Summary                        *
=========================================================================
---- Source Parameters
Input File Name                    : "Lab8.prj"
Ignore Synthesis Constraint File   : NO

---- Target Parameters
Output File Name                   : "Lab8"
Output Format                      : NGC
Target Device                      : xc6slx9-3-tqg144

---- Source Options
Top Module Name                    : Lab8
Automatic FSM Extraction           : YES
FSM Encoding Algorithm             : Auto
Safe Implementation                : No
FSM Style                          : LUT
RAM Extraction                     : Yes
RAM Style                          : Auto
ROM Extraction                     : Yes
Shift Register Extraction          : YES
ROM Style                          : Auto
Resource Sharing                   : YES
Asynchronous To Synchronous        : NO
Shift Register Minimum Size        : 2
Use DSP Block                      : Auto
Automatic Register Balancing       : No

---- Target Options
LUT Combining                      : Auto
Reduce Control Sets                : Auto
Add IO Buffers                     : YES
Global Maximum Fanout              : 100000
Add Generic Clock Buffer(BUFG)     : 16
Register Duplication               : YES
Optimize Instantiated Primitives   : NO
Use Clock Enable                   : Auto
Use Synchronous Set                : Auto
Use Synchronous Reset              : Auto
Pack IO Registers into IOBs        : Auto
Equivalent register Removal        : YES

---- General Options
Optimization Goal                  : Speed
Optimization Effort                : 1
Power Reduction                    : NO
Keep Hierarchy                     : No
Netlist Hierarchy                  : As_Optimized
RTL Output                         : Yes
Global Optimization                : AllClockNets
Read Cores                         : YES
Write Timing Constraints           : NO
Cross Clock Analysis               : NO
Hierarchy Separator                : /
Bus Delimiter                      : <>
Case Specifier                     : Maintain
Slice Utilization Ratio            : 100
BRAM Utilization Ratio             : 100
DSP48 Utilization Ratio            : 100
Auto BRAM Packing                  : NO
Slice Utilization Ratio Delta      : 5

=========================================================================


=========================================================================
*                          HDL Parsing                                  *
=========================================================================
Analyzing Verilog file "C:\Users\Peqch\Desktop\Digital system Fundamental\ISE\DSF\LAB08\COUNTER0_9.vf" into library work
Parsing module <FJKC_HXILINX_COUNTER0_9>.
Parsing module <COUNTER0_9>.
Analyzing Verilog file "C:\Users\Peqch\Desktop\Digital system Fundamental\ISE\DSF\LAB08\Div100k.vf" into library work
Parsing module <FJKC_HXILINX_Div100k>.
Parsing module <COUNTER0_9_MUSER_Div100k>.
Parsing module <Div100k>.
Analyzing Verilog file "C:\Users\Peqch\Desktop\Digital system Fundamental\ISE\DSF\LAB08\MUX4_1_4.vf" into library work
Parsing module <MUX4_1_4>.
Analyzing Verilog file "C:\Users\Peqch\Desktop\Digital system Fundamental\ISE\DSF\LAB08\HEX_decoder.vf" into library work
Parsing module <OR6_HXILINX_HEX_decoder>.
Parsing module <HEX_decoder>.
Analyzing Verilog file "C:\Users\Peqch\Desktop\Digital system Fundamental\ISE\DSF\LAB08\DIsplay.vf" into library work
Parsing module <D2_4E_HXILINX_DIsplay>.
Parsing module <CB2CE_HXILINX_DIsplay>.
Parsing module <DIsplay>.
Analyzing Verilog file "C:\Users\Peqch\Desktop\Digital system Fundamental\ISE\DSF\LAB08\Lab8.vf" into library work
Parsing module <ADD8_HXILINX_Lab8>.
Parsing module <D2_4E_HXILINX_Lab8>.
Parsing module <CB2CE_HXILINX_Lab8>.
Parsing module <DIsplay_MUSER_Lab8>.
Parsing module <Lab8>.

=========================================================================
*                            HDL Elaboration                            *
=========================================================================

Elaborating module <Lab8>.

Elaborating module <GND>.

Elaborating module <ADD8_HXILINX_Lab8>.

Elaborating module <DIsplay_MUSER_Lab8>.

Elaborating module <MUX4_1_4>.

Elaborating module <AND2>.

Elaborating module <INV>.

Elaborating module <OR4>.

Elaborating module <CB2CE_HXILINX_Lab8>.
WARNING:HDLCompiler:413 - "C:\Users\Peqch\Desktop\Digital system Fundamental\ISE\DSF\LAB08\Lab8.vf" Line 96: Result of 3-bit expression is truncated to fit in 2-bit target.

Elaborating module <VCC>.

Elaborating module <Div100k>.

Elaborating module <COUNTER0_9_MUSER_Div100k>.

Elaborating module <FJKC_HXILINX_Div100k>.

Elaborating module <AND2B1>.

Elaborating module <AND3>.

Elaborating module <OR2>.

Elaborating module <HEX_decoder>.

Elaborating module <OR6_HXILINX_HEX_decoder>.

Elaborating module <OR5>.

Elaborating module <D2_4E_HXILINX_Lab8>.

Elaborating module <AND4B4>.

Elaborating module <AND3B1>.

=========================================================================
*                           HDL Synthesis                               *
=========================================================================

Synthesizing Unit <Lab8>.
    Related source file is "C:\Users\Peqch\Desktop\Digital system Fundamental\ISE\DSF\LAB08\Lab8.vf".
    Set property "HU_SET = XLXI_6_2" for instance <XLXI_6>.
    Summary:
	no macro.
Unit <Lab8> synthesized.

Synthesizing Unit <ADD8_HXILINX_Lab8>.
    Related source file is "C:\Users\Peqch\Desktop\Digital system Fundamental\ISE\DSF\LAB08\Lab8.vf".
    Found 9-bit adder for signal <n0019> created at line 34.
    Found 9-bit adder for signal <n0010> created at line 34.
    Summary:
	inferred   2 Adder/Subtractor(s).
Unit <ADD8_HXILINX_Lab8> synthesized.

Synthesizing Unit <DIsplay_MUSER_Lab8>.
    Related source file is "C:\Users\Peqch\Desktop\Digital system Fundamental\ISE\DSF\LAB08\Lab8.vf".
    Set property "HU_SET = XLXI_3_0" for instance <XLXI_3>.
    Set property "HU_SET = XLXI_9_1" for instance <XLXI_9>.
INFO:Xst:3210 - "C:\Users\Peqch\Desktop\Digital system Fundamental\ISE\DSF\LAB08\Lab8.vf" line 147: Output port <CEO> of the instance <XLXI_3> is unconnected or connected to loadless signal.
INFO:Xst:3210 - "C:\Users\Peqch\Desktop\Digital system Fundamental\ISE\DSF\LAB08\Lab8.vf" line 147: Output port <TC> of the instance <XLXI_3> is unconnected or connected to loadless signal.
    Summary:
	no macro.
Unit <DIsplay_MUSER_Lab8> synthesized.

Synthesizing Unit <MUX4_1_4>.
    Related source file is "C:\Users\Peqch\Desktop\Digital system Fundamental\ISE\DSF\LAB08\MUX4_1_4.vf".
    Summary:
	no macro.
Unit <MUX4_1_4> synthesized.

Synthesizing Unit <CB2CE_HXILINX_Lab8>.
    Related source file is "C:\Users\Peqch\Desktop\Digital system Fundamental\ISE\DSF\LAB08\Lab8.vf".
    Found 1-bit register for signal <Q1>.
    Found 1-bit register for signal <Q0>.
    Found 2-bit adder for signal <Q1_GND_9_o_add_0_OUT> created at line 96.
    Summary:
	inferred   1 Adder/Subtractor(s).
	inferred   2 D-type flip-flop(s).
Unit <CB2CE_HXILINX_Lab8> synthesized.

Synthesizing Unit <Div100k>.
    Related source file is "C:\Users\Peqch\Desktop\Digital system Fundamental\ISE\DSF\LAB08\Div100k.vf".
INFO:Xst:3210 - "C:\Users\Peqch\Desktop\Digital system Fundamental\ISE\DSF\LAB08\Div100k.vf" line 142: Output port <bit> of the instance <XLXI_1> is unconnected or connected to loadless signal.
INFO:Xst:3210 - "C:\Users\Peqch\Desktop\Digital system Fundamental\ISE\DSF\LAB08\Div100k.vf" line 146: Output port <bit> of the instance <XLXI_2> is unconnected or connected to loadless signal.
INFO:Xst:3210 - "C:\Users\Peqch\Desktop\Digital system Fundamental\ISE\DSF\LAB08\Div100k.vf" line 150: Output port <bit> of the instance <XLXI_3> is unconnected or connected to loadless signal.
INFO:Xst:3210 - "C:\Users\Peqch\Desktop\Digital system Fundamental\ISE\DSF\LAB08\Div100k.vf" line 154: Output port <bit> of the instance <XLXI_4> is unconnected or connected to loadless signal.
INFO:Xst:3210 - "C:\Users\Peqch\Desktop\Digital system Fundamental\ISE\DSF\LAB08\Div100k.vf" line 158: Output port <bit> of the instance <XLXI_5> is unconnected or connected to loadless signal.
    Summary:
	no macro.
Unit <Div100k> synthesized.

Synthesizing Unit <COUNTER0_9_MUSER_Div100k>.
    Related source file is "C:\Users\Peqch\Desktop\Digital system Fundamental\ISE\DSF\LAB08\Div100k.vf".
    Set property "HU_SET = XLXI_1_5" for instance <XLXI_1>.
    Set property "HU_SET = XLXI_4_6" for instance <XLXI_4>.
    Set property "HU_SET = XLXI_5_7" for instance <XLXI_5>.
    Set property "HU_SET = XLXI_9_8" for instance <XLXI_9>.
    Summary:
	no macro.
Unit <COUNTER0_9_MUSER_Div100k> synthesized.

Synthesizing Unit <FJKC_HXILINX_Div100k>.
    Related source file is "C:\Users\Peqch\Desktop\Digital system Fundamental\ISE\DSF\LAB08\Div100k.vf".
        INIT = 1'b0
    Found 1-bit register for signal <Q>.
    Summary:
	inferred   1 D-type flip-flop(s).
	inferred   2 Multiplexer(s).
Unit <FJKC_HXILINX_Div100k> synthesized.

Synthesizing Unit <HEX_decoder>.
    Related source file is "C:\Users\Peqch\Desktop\Digital system Fundamental\ISE\DSF\LAB08\HEX_decoder.vf".
    Set property "HU_SET = XLXI_23_0" for instance <XLXI_23>.
    Summary:
	no macro.
Unit <HEX_decoder> synthesized.

Synthesizing Unit <OR6_HXILINX_HEX_decoder>.
    Related source file is "C:\Users\Peqch\Desktop\Digital system Fundamental\ISE\DSF\LAB08\HEX_decoder.vf".
    Summary:
	no macro.
Unit <OR6_HXILINX_HEX_decoder> synthesized.

Synthesizing Unit <D2_4E_HXILINX_Lab8>.
    Related source file is "C:\Users\Peqch\Desktop\Digital system Fundamental\ISE\DSF\LAB08\Lab8.vf".
    Summary:
	inferred   4 Multiplexer(s).
Unit <D2_4E_HXILINX_Lab8> synthesized.

=========================================================================
HDL Synthesis Report

Macro Statistics
# Adders/Subtractors                                   : 3
 2-bit adder                                           : 1
 9-bit adder                                           : 2
# Registers                                            : 22
 1-bit register                                        : 22
# Multiplexers                                         : 44
 1-bit 2-to-1 multiplexer                              : 44

=========================================================================

=========================================================================
*                       Advanced HDL Synthesis                          *
=========================================================================


=========================================================================
Advanced HDL Synthesis Report

Macro Statistics
# Adders/Subtractors                                   : 2
 2-bit adder                                           : 1
 9-bit adder carry in                                  : 1
# Registers                                            : 22
 Flip-Flops                                            : 22
# Multiplexers                                         : 44
 1-bit 2-to-1 multiplexer                              : 44

=========================================================================

=========================================================================
*                         Low Level Synthesis                           *
=========================================================================

Optimizing unit <Lab8> ...

Optimizing unit <DIsplay_MUSER_Lab8> ...

Optimizing unit <MUX4_1_4> ...

Optimizing unit <COUNTER0_9_MUSER_Div100k> ...

Optimizing unit <HEX_decoder> ...

Optimizing unit <ADD8_HXILINX_Lab8> ...

Optimizing unit <FJKC_HXILINX_Div100k> ...

Optimizing unit <OR6_HXILINX_HEX_decoder> ...

Optimizing unit <CB2CE_HXILINX_Lab8> ...

Optimizing unit <D2_4E_HXILINX_Lab8> ...

Mapping all equations...
Building and optimizing final netlist ...
Found area constraint ratio of 100 (+ 5) on block Lab8, actual ratio is 0.

Final Macro Processing ...

=========================================================================
Final Register Report

Macro Statistics
# Registers                                            : 22
 Flip-Flops                                            : 22

=========================================================================

=========================================================================
*                           Partition Report                            *
=========================================================================

Partition Implementation Status
-------------------------------

  No Partitions were found in this design.

-------------------------------

=========================================================================
*                            Design Summary                             *
=========================================================================

Top Level Output File Name         : Lab8.ngc

Primitive and Black Box Usage:
------------------------------
# BELS                             : 169
#      AND2                        : 49
#      AND2B1                      : 5
#      AND3                        : 16
#      AND3B1                      : 1
#      AND4B4                      : 2
#      GND                         : 1
#      INV                         : 23
#      LUT2                        : 13
#      LUT3                        : 16
#      LUT6                        : 1
#      MUXCY                       : 8
#      OR2                         : 15
#      OR4                         : 5
#      OR5                         : 5
#      VCC                         : 1
#      XORCY                       : 8
# FlipFlops/Latches                : 22
#      FDC                         : 20
#      FDCE                        : 2
# Clock Buffers                    : 1
#      BUFGP                       : 1
# IO Buffers                       : 29
#      IBUF                        : 16
#      OBUF                        : 13

Device utilization summary:
---------------------------

Selected Device : 6slx9tqg144-3 


Slice Logic Utilization: 
 Number of Slice Registers:              22  out of  11440     0%  
 Number of Slice LUTs:                   53  out of   5720     0%  
    Number used as Logic:                53  out of   5720     0%  

Slice Logic Distribution: 
 Number of LUT Flip Flop pairs used:     75
   Number with an unused Flip Flop:      53  out of     75    70%  
   Number with an unused LUT:            22  out of     75    29%  
   Number of fully used LUT-FF pairs:     0  out of     75     0%  
   Number of unique control sets:        21

IO Utilization: 
 Number of IOs:                          30
 Number of bonded IOBs:                  30  out of    102    29%  

Specific Feature Utilization:
 Number of BUFG/BUFGCTRLs:                1  out of     16     6%  

---------------------------
Partition Resource Summary:
---------------------------

  No Partitions were found in this design.

---------------------------


=========================================================================
Timing Report

NOTE: THESE TIMING NUMBERS ARE ONLY A SYNTHESIS ESTIMATE.
      FOR ACCURATE TIMING INFORMATION PLEASE REFER TO THE TRACE REPORT
      GENERATED AFTER PLACE-and-ROUTE.

Clock Information:
------------------
--------------------------------------------------------------+----------------------------------------+-------+
Clock Signal                                                  | Clock buffer(FF name)                  | Load  |
--------------------------------------------------------------+----------------------------------------+-------+
XLXI_19/XLXI_6/XLXI_4/XLXN_93(XLXI_19/XLXI_6/XLXI_4/XLXI_55:O)| NONE(*)(XLXI_19/XLXI_6/XLXI_5/XLXI_9/Q)| 4     |
XLXI_19/XLXI_6/XLXI_3/XLXN_93(XLXI_19/XLXI_6/XLXI_3/XLXI_55:O)| NONE(*)(XLXI_19/XLXI_6/XLXI_4/XLXI_9/Q)| 4     |
XLXI_19/XLXI_6/XLXI_2/XLXN_93(XLXI_19/XLXI_6/XLXI_2/XLXI_55:O)| NONE(*)(XLXI_19/XLXI_6/XLXI_3/XLXI_9/Q)| 4     |
XLXI_19/XLXI_6/XLXI_1/XLXN_93(XLXI_19/XLXI_6/XLXI_1/XLXI_55:O)| NONE(*)(XLXI_19/XLXI_6/XLXI_2/XLXI_9/Q)| 4     |
OSC                                                           | BUFGP                                  | 4     |
XLXI_19/XLXI_6/XLXI_5/XLXN_93(XLXI_19/XLXI_6/XLXI_5/XLXI_55:O)| NONE(*)(XLXI_19/XLXI_3/Q0)             | 2     |
--------------------------------------------------------------+----------------------------------------+-------+
(*) These 5 clock signal(s) are generated by combinatorial logic,
and XST is not able to identify which are the primary clock signals.
Please use the CLOCK_SIGNAL constraint to specify the clock signal(s) generated by combinatorial logic.
INFO:Xst:2169 - HDL ADVISOR - Some clock signals were not automatically buffered by XST with BUFG/BUFR resources. Please use the buffer_type constraint in order to insert these buffers to the clock signals to help prevent skew problems.

Asynchronous Control Signals Information:
----------------------------------------
No asynchronous control signals found in this design

Timing Summary:
---------------
Speed Grade: -3

   Minimum period: 2.814ns (Maximum Frequency: 355.379MHz)
   Minimum input arrival time before clock: No path found
   Maximum output required time after clock: 12.612ns
   Maximum combinational path delay: 12.136ns

Timing Details:
---------------
All values displayed in nanoseconds (ns)

=========================================================================
Timing constraint: Default period analysis for Clock 'XLXI_19/XLXI_6/XLXI_4/XLXN_93'
  Clock period: 2.814ns (frequency: 355.379MHz)
  Total number of paths / destination ports: 15 / 4
-------------------------------------------------------------------------
Delay:               2.814ns (Levels of Logic = 3)
  Source:            XLXI_19/XLXI_6/XLXI_5/XLXI_1/Q (FF)
  Destination:       XLXI_19/XLXI_6/XLXI_5/XLXI_5/Q (FF)
  Source Clock:      XLXI_19/XLXI_6/XLXI_4/XLXN_93 falling
  Destination Clock: XLXI_19/XLXI_6/XLXI_4/XLXN_93 falling

  Data Path: XLXI_19/XLXI_6/XLXI_5/XLXI_1/Q to XLXI_19/XLXI_6/XLXI_5/XLXI_5/Q
                                Gate     Net
    Cell:in->out      fanout   Delay   Delay  Logical Name (Net Name)
    ----------------------------------------  ------------
     FDC:C->Q              7   0.447   1.118  Q (Q)
     end scope: 'XLXI_19/XLXI_6/XLXI_5/XLXI_1:Q'
     AND2:I1->O            2   0.223   0.721  XLXI_19/XLXI_6/XLXI_5/XLXI_38 (XLXI_19/XLXI_6/XLXI_5/XLXN_63)
     begin scope: 'XLXI_19/XLXI_6/XLXI_5/XLXI_5:K'
     LUT3:I1->O            1   0.203   0.000  Q_rstpot (Q_rstpot)
     FDC:D                     0.102          Q
    ----------------------------------------
    Total                      2.814ns (0.975ns logic, 1.839ns route)
                                       (34.6% logic, 65.4% route)

=========================================================================
Timing constraint: Default period analysis for Clock 'XLXI_19/XLXI_6/XLXI_3/XLXN_93'
  Clock period: 2.814ns (frequency: 355.379MHz)
  Total number of paths / destination ports: 15 / 4
-------------------------------------------------------------------------
Delay:               2.814ns (Levels of Logic = 3)
  Source:            XLXI_19/XLXI_6/XLXI_4/XLXI_1/Q (FF)
  Destination:       XLXI_19/XLXI_6/XLXI_4/XLXI_5/Q (FF)
  Source Clock:      XLXI_19/XLXI_6/XLXI_3/XLXN_93 falling
  Destination Clock: XLXI_19/XLXI_6/XLXI_3/XLXN_93 falling

  Data Path: XLXI_19/XLXI_6/XLXI_4/XLXI_1/Q to XLXI_19/XLXI_6/XLXI_4/XLXI_5/Q
                                Gate     Net
    Cell:in->out      fanout   Delay   Delay  Logical Name (Net Name)
    ----------------------------------------  ------------
     FDC:C->Q              7   0.447   1.118  Q (Q)
     end scope: 'XLXI_19/XLXI_6/XLXI_4/XLXI_1:Q'
     AND2:I1->O            2   0.223   0.721  XLXI_19/XLXI_6/XLXI_4/XLXI_38 (XLXI_19/XLXI_6/XLXI_4/XLXN_63)
     begin scope: 'XLXI_19/XLXI_6/XLXI_4/XLXI_5:K'
     LUT3:I1->O            1   0.203   0.000  Q_rstpot (Q_rstpot)
     FDC:D                     0.102          Q
    ----------------------------------------
    Total                      2.814ns (0.975ns logic, 1.839ns route)
                                       (34.6% logic, 65.4% route)

=========================================================================
Timing constraint: Default period analysis for Clock 'XLXI_19/XLXI_6/XLXI_2/XLXN_93'
  Clock period: 2.814ns (frequency: 355.379MHz)
  Total number of paths / destination ports: 15 / 4
-------------------------------------------------------------------------
Delay:               2.814ns (Levels of Logic = 3)
  Source:            XLXI_19/XLXI_6/XLXI_3/XLXI_1/Q (FF)
  Destination:       XLXI_19/XLXI_6/XLXI_3/XLXI_5/Q (FF)
  Source Clock:      XLXI_19/XLXI_6/XLXI_2/XLXN_93 falling
  Destination Clock: XLXI_19/XLXI_6/XLXI_2/XLXN_93 falling

  Data Path: XLXI_19/XLXI_6/XLXI_3/XLXI_1/Q to XLXI_19/XLXI_6/XLXI_3/XLXI_5/Q
                                Gate     Net
    Cell:in->out      fanout   Delay   Delay  Logical Name (Net Name)
    ----------------------------------------  ------------
     FDC:C->Q              7   0.447   1.118  Q (Q)
     end scope: 'XLXI_19/XLXI_6/XLXI_3/XLXI_1:Q'
     AND2:I1->O            2   0.223   0.721  XLXI_19/XLXI_6/XLXI_3/XLXI_38 (XLXI_19/XLXI_6/XLXI_3/XLXN_63)
     begin scope: 'XLXI_19/XLXI_6/XLXI_3/XLXI_5:K'
     LUT3:I1->O            1   0.203   0.000  Q_rstpot (Q_rstpot)
     FDC:D                     0.102          Q
    ----------------------------------------
    Total                      2.814ns (0.975ns logic, 1.839ns route)
                                       (34.6% logic, 65.4% route)

=========================================================================
Timing constraint: Default period analysis for Clock 'XLXI_19/XLXI_6/XLXI_1/XLXN_93'
  Clock period: 2.814ns (frequency: 355.379MHz)
  Total number of paths / destination ports: 15 / 4
-------------------------------------------------------------------------
Delay:               2.814ns (Levels of Logic = 3)
  Source:            XLXI_19/XLXI_6/XLXI_2/XLXI_1/Q (FF)
  Destination:       XLXI_19/XLXI_6/XLXI_2/XLXI_5/Q (FF)
  Source Clock:      XLXI_19/XLXI_6/XLXI_1/XLXN_93 falling
  Destination Clock: XLXI_19/XLXI_6/XLXI_1/XLXN_93 falling

  Data Path: XLXI_19/XLXI_6/XLXI_2/XLXI_1/Q to XLXI_19/XLXI_6/XLXI_2/XLXI_5/Q
                                Gate     Net
    Cell:in->out      fanout   Delay   Delay  Logical Name (Net Name)
    ----------------------------------------  ------------
     FDC:C->Q              7   0.447   1.118  Q (Q)
     end scope: 'XLXI_19/XLXI_6/XLXI_2/XLXI_1:Q'
     AND2:I1->O            2   0.223   0.721  XLXI_19/XLXI_6/XLXI_2/XLXI_38 (XLXI_19/XLXI_6/XLXI_2/XLXN_63)
     begin scope: 'XLXI_19/XLXI_6/XLXI_2/XLXI_5:K'
     LUT3:I1->O            1   0.203   0.000  Q_rstpot (Q_rstpot)
     FDC:D                     0.102          Q
    ----------------------------------------
    Total                      2.814ns (0.975ns logic, 1.839ns route)
                                       (34.6% logic, 65.4% route)

=========================================================================
Timing constraint: Default period analysis for Clock 'OSC'
  Clock period: 2.814ns (frequency: 355.379MHz)
  Total number of paths / destination ports: 15 / 4
-------------------------------------------------------------------------
Delay:               2.814ns (Levels of Logic = 3)
  Source:            XLXI_19/XLXI_6/XLXI_1/XLXI_1/Q (FF)
  Destination:       XLXI_19/XLXI_6/XLXI_1/XLXI_5/Q (FF)
  Source Clock:      OSC rising
  Destination Clock: OSC rising

  Data Path: XLXI_19/XLXI_6/XLXI_1/XLXI_1/Q to XLXI_19/XLXI_6/XLXI_1/XLXI_5/Q
                                Gate     Net
    Cell:in->out      fanout   Delay   Delay  Logical Name (Net Name)
    ----------------------------------------  ------------
     FDC:C->Q              7   0.447   1.118  Q (Q)
     end scope: 'XLXI_19/XLXI_6/XLXI_1/XLXI_1:Q'
     AND2:I1->O            2   0.223   0.721  XLXI_19/XLXI_6/XLXI_1/XLXI_38 (XLXI_19/XLXI_6/XLXI_1/XLXN_63)
     begin scope: 'XLXI_19/XLXI_6/XLXI_1/XLXI_5:K'
     LUT3:I1->O            1   0.203   0.000  Q_rstpot (Q_rstpot)
     FDC:D                     0.102          Q
    ----------------------------------------
    Total                      2.814ns (0.975ns logic, 1.839ns route)
                                       (34.6% logic, 65.4% route)

=========================================================================
Timing constraint: Default period analysis for Clock 'XLXI_19/XLXI_6/XLXI_5/XLXN_93'
  Clock period: 2.190ns (frequency: 456.663MHz)
  Total number of paths / destination ports: 3 / 2
-------------------------------------------------------------------------
Delay:               2.190ns (Levels of Logic = 1)
  Source:            XLXI_19/XLXI_3/Q0 (FF)
  Destination:       XLXI_19/XLXI_3/Q0 (FF)
  Source Clock:      XLXI_19/XLXI_6/XLXI_5/XLXN_93 falling
  Destination Clock: XLXI_19/XLXI_6/XLXI_5/XLXN_93 falling

  Data Path: XLXI_19/XLXI_3/Q0 to XLXI_19/XLXI_3/Q0
                                Gate     Net
    Cell:in->out      fanout   Delay   Delay  Logical Name (Net Name)
    ----------------------------------------  ------------
     FDCE:C->Q            10   0.447   0.856  Q0 (Q0)
     INV:I->O              1   0.206   0.579  Madd_Q1_GND_9_o_add_0_OUT_xor<0>11_INV_0 (Q1_GND_9_o_add_0_OUT<0>)
     FDCE:D                    0.102          Q0
    ----------------------------------------
    Total                      2.190ns (0.755ns logic, 1.435ns route)
                                       (34.5% logic, 65.5% route)

=========================================================================
Timing constraint: Default OFFSET OUT AFTER for Clock 'XLXI_19/XLXI_6/XLXI_5/XLXN_93'
  Total number of paths / destination ports: 656 / 11
-------------------------------------------------------------------------
Offset:              12.612ns (Levels of Logic = 9)
  Source:            XLXI_19/XLXI_3/Q0 (FF)
  Destination:       Data<6> (PAD)
  Source Clock:      XLXI_19/XLXI_6/XLXI_5/XLXN_93 falling

  Data Path: XLXI_19/XLXI_3/Q0 to Data<6>
                                Gate     Net
    Cell:in->out      fanout   Delay   Delay  Logical Name (Net Name)
    ----------------------------------------  ------------
     FDCE:C->Q            10   0.447   0.856  Q0 (Q0)
     end scope: 'XLXI_19/XLXI_3:Q0'
     INV:I->O              1   0.568   0.944  XLXI_19/XLXI_2/XLXI_8 (XLXI_19/XLXI_2/XLXN_80)
     AND2:I0->O            4   0.203   1.048  XLXI_19/XLXI_2/XLXI_4 (XLXI_19/XLXI_2/XLXN_121)
     AND2:I0->O            1   0.203   0.808  XLXI_19/XLXI_2/XLXI_26 (XLXI_19/XLXI_2/XLXN_173)
     OR4:I3->O            11   0.339   0.882  XLXI_19/XLXI_2/XLXI_91 (XLXI_19/XLXN_2<1>)
     INV:I->O             11   0.568   1.130  XLXI_19/XLXI_7/XLXI_3 (XLXI_19/XLXI_7/XLXN_100)
     AND3:I2->O            1   0.320   0.944  XLXI_19/XLXI_7/XLXI_66 (XLXI_19/XLXI_7/XLXN_86)
     OR5:I0->O             1   0.203   0.579  XLXI_19/XLXI_7/XLXI_75 (Data_5_OBUF)
     OBUF:I->O                 2.571          Data_5_OBUF (Data<5>)
    ----------------------------------------
    Total                     12.612ns (5.422ns logic, 7.191ns route)
                                       (43.0% logic, 57.0% route)

=========================================================================
Timing constraint: Default path analysis
  Total number of paths / destination ports: 2645 / 9
-------------------------------------------------------------------------
Delay:               12.136ns (Levels of Logic = 17)
  Source:            A<0> (PAD)
  Destination:       Data<6> (PAD)

  Data Path: A<0> to Data<6>
                                Gate     Net
    Cell:in->out      fanout   Delay   Delay  Logical Name (Net Name)
    ----------------------------------------  ------------
     IBUF:I->O             1   1.222   0.684  A_0_IBUF (A_0_IBUF)
     begin scope: 'XLXI_6:A<0>'
     LUT2:I0->O            1   0.203   0.000  Madd_n0010_Madd_lut<0> (Madd_n0010_Madd_lut<0>)
     MUXCY:S->O            1   0.172   0.000  Madd_n0010_Madd_cy<0> (Madd_n0010_Madd_cy<0>)
     MUXCY:CI->O           1   0.019   0.000  Madd_n0010_Madd_cy<1> (Madd_n0010_Madd_cy<1>)
     MUXCY:CI->O           1   0.019   0.000  Madd_n0010_Madd_cy<2> (Madd_n0010_Madd_cy<2>)
     MUXCY:CI->O           1   0.019   0.000  Madd_n0010_Madd_cy<3> (Madd_n0010_Madd_cy<3>)
     MUXCY:CI->O           1   0.019   0.000  Madd_n0010_Madd_cy<4> (Madd_n0010_Madd_cy<4>)
     MUXCY:CI->O           1   0.019   0.000  Madd_n0010_Madd_cy<5> (Madd_n0010_Madd_cy<5>)
     MUXCY:CI->O           1   0.019   0.000  Madd_n0010_Madd_cy<6> (Madd_n0010_Madd_cy<6>)
     XORCY:CI->O           3   0.180   1.015  Madd_n0010_Madd_xor<7> (S<7>)
     end scope: 'XLXI_6:S<7>'
     AND2:I0->O            1   0.203   0.827  XLXI_19/XLXI_2/XLXI_33 (XLXI_19/XLXI_2/XLXN_159)
     OR4:I2->O            12   0.320   0.908  XLXI_19/XLXI_2/XLXI_89 (XLXI_19/XLXN_2<3>)
     INV:I->O             10   0.568   1.221  XLXI_19/XLXI_7/XLXI_1 (XLXI_19/XLXI_7/XLXN_11)
     AND3:I0->O            1   0.203   0.944  XLXI_19/XLXI_7/XLXI_66 (XLXI_19/XLXI_7/XLXN_86)
     OR5:I0->O             1   0.203   0.579  XLXI_19/XLXI_7/XLXI_75 (Data_5_OBUF)
     OBUF:I->O                 2.571          Data_5_OBUF (Data<5>)
    ----------------------------------------
    Total                     12.136ns (5.959ns logic, 6.177ns route)
                                       (49.1% logic, 50.9% route)

=========================================================================

Cross Clock Domains Report:
--------------------------

Clock to Setup on destination clock OSC
---------------+---------+---------+---------+---------+
               | Src:Rise| Src:Fall| Src:Rise| Src:Fall|
Source Clock   |Dest:Rise|Dest:Rise|Dest:Fall|Dest:Fall|
---------------+---------+---------+---------+---------+
OSC            |    2.814|         |         |         |
---------------+---------+---------+---------+---------+

Clock to Setup on destination clock XLXI_19/XLXI_6/XLXI_1/XLXN_93
-----------------------------+---------+---------+---------+---------+
                             | Src:Rise| Src:Fall| Src:Rise| Src:Fall|
Source Clock                 |Dest:Rise|Dest:Rise|Dest:Fall|Dest:Fall|
-----------------------------+---------+---------+---------+---------+
XLXI_19/XLXI_6/XLXI_1/XLXN_93|         |         |    2.814|         |
-----------------------------+---------+---------+---------+---------+

Clock to Setup on destination clock XLXI_19/XLXI_6/XLXI_2/XLXN_93
-----------------------------+---------+---------+---------+---------+
                             | Src:Rise| Src:Fall| Src:Rise| Src:Fall|
Source Clock                 |Dest:Rise|Dest:Rise|Dest:Fall|Dest:Fall|
-----------------------------+---------+---------+---------+---------+
XLXI_19/XLXI_6/XLXI_2/XLXN_93|         |         |    2.814|         |
-----------------------------+---------+---------+---------+---------+

Clock to Setup on destination clock XLXI_19/XLXI_6/XLXI_3/XLXN_93
-----------------------------+---------+---------+---------+---------+
                             | Src:Rise| Src:Fall| Src:Rise| Src:Fall|
Source Clock                 |Dest:Rise|Dest:Rise|Dest:Fall|Dest:Fall|
-----------------------------+---------+---------+---------+---------+
XLXI_19/XLXI_6/XLXI_3/XLXN_93|         |         |    2.814|         |
-----------------------------+---------+---------+---------+---------+

Clock to Setup on destination clock XLXI_19/XLXI_6/XLXI_4/XLXN_93
-----------------------------+---------+---------+---------+---------+
                             | Src:Rise| Src:Fall| Src:Rise| Src:Fall|
Source Clock                 |Dest:Rise|Dest:Rise|Dest:Fall|Dest:Fall|
-----------------------------+---------+---------+---------+---------+
XLXI_19/XLXI_6/XLXI_4/XLXN_93|         |         |    2.814|         |
-----------------------------+---------+---------+---------+---------+

Clock to Setup on destination clock XLXI_19/XLXI_6/XLXI_5/XLXN_93
-----------------------------+---------+---------+---------+---------+
                             | Src:Rise| Src:Fall| Src:Rise| Src:Fall|
Source Clock                 |Dest:Rise|Dest:Rise|Dest:Fall|Dest:Fall|
-----------------------------+---------+---------+---------+---------+
XLXI_19/XLXI_6/XLXI_5/XLXN_93|         |         |    2.190|         |
-----------------------------+---------+---------+---------+---------+

=========================================================================


Total REAL time to Xst completion: 20.00 secs
Total CPU time to Xst completion: 19.97 secs
 
--> 

Total memory usage is 4485860 kilobytes

Number of errors   :    0 (   0 filtered)
Number of warnings :    1 (   0 filtered)
Number of infos    :    8 (   0 filtered)

