Release 14.7 Map P.20131013 (nt64)
Xilinx Mapping Report File for Design 'LAB6'

Design Information
------------------
Command Line   : map -intstyle ise -p xc6slx9-tqg144-3 -w -logic_opt off -ol
high -t 1 -xt 0 -register_duplication off -r 4 -global_opt off -mt off -ir off
-pr off -lc off -power off -o LAB6_map.ncd LAB6.ngd LAB6.pcf 
Target Device  : xc6slx9
Target Package : tqg144
Target Speed   : -3
Mapper Version : spartan6 -- $Revision: 1.55 $
Mapped Date    : Wed Oct 12 16:51:53 2022

Design Summary
--------------
Number of errors:      0
Number of warnings:   22
Slice Logic Utilization:
  Number of Slice Registers:                    96 out of  11,440    1%
    Number used as Flip Flops:                  96
    Number used as Latches:                      0
    Number used as Latch-thrus:                  0
    Number used as AND/OR logics:                0
  Number of Slice LUTs:                        124 out of   5,720    2%
    Number used as logic:                      124 out of   5,720    2%
      Number using O6 output only:             101
      Number using O5 output only:               0
      Number using O5 and O6:                   23
      Number used as ROM:                        0
    Number used as Memory:                       0 out of   1,440    0%

Slice Logic Distribution:
  Number of occupied Slices:                    44 out of   1,430    3%
  Number of MUXCYs used:                         0 out of   2,860    0%
  Number of LUT Flip Flop pairs used:          124
    Number with an unused Flip Flop:            51 out of     124   41%
    Number with an unused LUT:                   0 out of     124    0%
    Number of fully used LUT-FF pairs:          73 out of     124   58%
    Number of unique control sets:              26
    Number of slice register sites lost
      to control set restrictions:             112 out of  11,440    1%

  A LUT Flip Flop pair for this architecture represents one LUT paired with
  one Flip Flop within a slice.  A control set is a unique combination of
  clock, reset, set, and enable signals for a registered element.
  The Slice Logic Distribution report is not meaningful if the design is
  over-mapped for a non-slice resource or if Placement fails.

IO Utilization:
  Number of bonded IOBs:                        14 out of     102   13%
    Number of LOCed IOBs:                       14 out of      14  100%

Specific Feature Utilization:
  Number of RAMB16BWERs:                         0 out of      32    0%
  Number of RAMB8BWERs:                          0 out of      64    0%
  Number of BUFIO2/BUFIO2_2CLKs:                 0 out of      32    0%
  Number of BUFIO2FB/BUFIO2FB_2CLKs:             0 out of      32    0%
  Number of BUFG/BUFGMUXs:                       1 out of      16    6%
    Number used as BUFGs:                        1
    Number used as BUFGMUX:                      0
  Number of DCM/DCM_CLKGENs:                     0 out of       4    0%
  Number of ILOGIC2/ISERDES2s:                   0 out of     200    0%
  Number of IODELAY2/IODRP2/IODRP2_MCBs:         0 out of     200    0%
  Number of OLOGIC2/OSERDES2s:                   0 out of     200    0%
  Number of BSCANs:                              0 out of       4    0%
  Number of BUFHs:                               0 out of     128    0%
  Number of BUFPLLs:                             0 out of       8    0%
  Number of BUFPLL_MCBs:                         0 out of       4    0%
  Number of DSP48A1s:                            0 out of      16    0%
  Number of ICAPs:                               0 out of       1    0%
  Number of MCBs:                                0 out of       2    0%
  Number of PCILOGICSEs:                         0 out of       2    0%
  Number of PLL_ADVs:                            0 out of       2    0%
  Number of PMVs:                                0 out of       1    0%
  Number of STARTUPs:                            0 out of       1    0%
  Number of SUSPEND_SYNCs:                       0 out of       1    0%

Average Fanout of Non-Clock Nets:                2.93

Peak Memory Usage:  4509 MB
Total REAL time to MAP completion:  10 secs 
Total CPU time to MAP completion:   10 secs 

Table of Contents
-----------------
Section 1 - Errors
Section 2 - Warnings
Section 3 - Informational
Section 4 - Removed Logic Summary
Section 5 - Removed Logic
Section 6 - IOB Properties
Section 7 - RPMs
Section 8 - Guide Report
Section 9 - Area Group and Partition Summary
Section 10 - Timing Report
Section 11 - Configuration String Information
Section 12 - Control Set Information
Section 13 - Utilization by Hierarchy

Section 1 - Errors
------------------

Section 2 - Warnings
--------------------
WARNING:PhysDesignRules:372 - Gated clock. Clock net XLXI_55/XLXN_1 is sourced
   by a combinatorial pin. This is not good design practice. Use the CE pin to
   control the loading of data into the flip-flop.
WARNING:PhysDesignRules:372 - Gated clock. Clock net XLXI_55/XLXN_23 is sourced
   by a combinatorial pin. This is not good design practice. Use the CE pin to
   control the loading of data into the flip-flop.
WARNING:PhysDesignRules:372 - Gated clock. Clock net
   XLXI_53/XLXI_9/XLXI_1/XLXN_1 is sourced by a combinatorial pin. This is not
   good design practice. Use the CE pin to control the loading of data into the
   flip-flop.
WARNING:PhysDesignRules:372 - Gated clock. Clock net
   XLXI_53/XLXI_8/XLXI_1/XLXN_1 is sourced by a combinatorial pin. This is not
   good design practice. Use the CE pin to control the loading of data into the
   flip-flop.
WARNING:PhysDesignRules:372 - Gated clock. Clock net
   XLXI_53/XLXI_8/XLXI_1/XLXN_2 is sourced by a combinatorial pin. This is not
   good design practice. Use the CE pin to control the loading of data into the
   flip-flop.
WARNING:PhysDesignRules:372 - Gated clock. Clock net
   XLXI_53/XLXI_9/XLXI_1/XLXN_2 is sourced by a combinatorial pin. This is not
   good design practice. Use the CE pin to control the loading of data into the
   flip-flop.
WARNING:PhysDesignRules:372 - Gated clock. Clock net XLXI_55/XLXI_1/XLXN_1 is
   sourced by a combinatorial pin. This is not good design practice. Use the CE
   pin to control the loading of data into the flip-flop.
WARNING:PhysDesignRules:372 - Gated clock. Clock net XLXI_53/XLXI_8/XLXN_1 is
   sourced by a combinatorial pin. This is not good design practice. Use the CE
   pin to control the loading of data into the flip-flop.
WARNING:PhysDesignRules:372 - Gated clock. Clock net XLXI_53/XLXI_9/XLXN_1 is
   sourced by a combinatorial pin. This is not good design practice. Use the CE
   pin to control the loading of data into the flip-flop.
WARNING:PhysDesignRules:372 - Gated clock. Clock net XLXI_55/XLXI_1/XLXN_2 is
   sourced by a combinatorial pin. This is not good design practice. Use the CE
   pin to control the loading of data into the flip-flop.
WARNING:PhysDesignRules:372 - Gated clock. Clock net XLXI_53/XLXI_8/XLXN_2 is
   sourced by a combinatorial pin. This is not good design practice. Use the CE
   pin to control the loading of data into the flip-flop.
WARNING:PhysDesignRules:372 - Gated clock. Clock net
   XLXI_53/XLXI_9/XLXI_2/XLXN_1 is sourced by a combinatorial pin. This is not
   good design practice. Use the CE pin to control the loading of data into the
   flip-flop.
WARNING:PhysDesignRules:372 - Gated clock. Clock net
   XLXI_53/XLXI_7/XLXI_1/XLXN_2 is sourced by a combinatorial pin. This is not
   good design practice. Use the CE pin to control the loading of data into the
   flip-flop.
WARNING:PhysDesignRules:372 - Gated clock. Clock net XLXI_53/XLXI_7/XLXN_1 is
   sourced by a combinatorial pin. This is not good design practice. Use the CE
   pin to control the loading of data into the flip-flop.
WARNING:PhysDesignRules:372 - Gated clock. Clock net
   XLXI_53/XLXI_9/XLXI_2/XLXN_2 is sourced by a combinatorial pin. This is not
   good design practice. Use the CE pin to control the loading of data into the
   flip-flop.
WARNING:PhysDesignRules:372 - Gated clock. Clock net XLXI_55/XLXN_2 is sourced
   by a combinatorial pin. This is not good design practice. Use the CE pin to
   control the loading of data into the flip-flop.
WARNING:PhysDesignRules:372 - Gated clock. Clock net
   XLXI_53/XLXI_7/XLXI_1/XLXN_1 is sourced by a combinatorial pin. This is not
   good design practice. Use the CE pin to control the loading of data into the
   flip-flop.
WARNING:PhysDesignRules:372 - Gated clock. Clock net XLXI_53/XLXI_9/XLXN_12 is
   sourced by a combinatorial pin. This is not good design practice. Use the CE
   pin to control the loading of data into the flip-flop.
WARNING:PhysDesignRules:372 - Gated clock. Clock net XLXI_53/XLXN_1 is sourced
   by a combinatorial pin. This is not good design practice. Use the CE pin to
   control the loading of data into the flip-flop.
WARNING:PhysDesignRules:372 - Gated clock. Clock net XLXI_53/XLXN_15 is sourced
   by a combinatorial pin. This is not good design practice. Use the CE pin to
   control the loading of data into the flip-flop.
WARNING:PhysDesignRules:372 - Gated clock. Clock net XLXI_53/XLXN_14 is sourced
   by a combinatorial pin. This is not good design practice. Use the CE pin to
   control the loading of data into the flip-flop.
WARNING:PhysDesignRules:372 - Gated clock. Clock net XLXI_53/XLXN_13 is sourced
   by a combinatorial pin. This is not good design practice. Use the CE pin to
   control the loading of data into the flip-flop.

Section 3 - Informational
-------------------------
INFO:MapLib:562 - No environment variables are currently set.
INFO:LIT:244 - All of the single ended outputs in this design are using slew
   rate limited output drivers. The delay on speed critical single ended outputs
   can be dramatically reduced by designating them as fast outputs.
INFO:Pack:1716 - Initializing temperature to 85.000 Celsius. (default - Range:
   0.000 to 85.000 Celsius)
INFO:Pack:1720 - Initializing voltage to 1.140 Volts. (default - Range: 1.140 to
   1.260 Volts)
INFO:Map:215 - The Interim Design Summary has been generated in the MAP Report
   (.mrp).
INFO:Pack:1650 - Map created a placed design.

Section 4 - Removed Logic Summary
---------------------------------
  72 block(s) removed
   2 block(s) optimized away
   1 signal(s) removed

Section 5 - Removed Logic
-------------------------

The trimmed logic report below shows the logic removed from your design due to
sourceless or loadless signals, and VCC or ground connections.  If the removal
of a signal or symbol results in the subsequent removal of an additional signal
or symbol, the message explaining that second removal will be indented.  This
indentation will be repeated as a chain of related logic is removed.

To quickly locate the original cause for the removal of a chain of logic, look
above the place where that logic is listed in the trimming report, then locate
the lines that are least indented (begin at the leftmost edge).

Loadless block "XLXI_53/XLXI_7/XLXI_1/XLXI_1/XLXI_27" (BUF) removed.
Loadless block "XLXI_53/XLXI_7/XLXI_1/XLXI_1/XLXI_28" (BUF) removed.
Loadless block "XLXI_53/XLXI_7/XLXI_1/XLXI_1/XLXI_29" (BUF) removed.
Loadless block "XLXI_53/XLXI_7/XLXI_1/XLXI_1/XLXI_30" (BUF) removed.
Loadless block "XLXI_53/XLXI_7/XLXI_1/XLXI_2/XLXI_27" (BUF) removed.
Loadless block "XLXI_53/XLXI_7/XLXI_1/XLXI_2/XLXI_28" (BUF) removed.
Loadless block "XLXI_53/XLXI_7/XLXI_1/XLXI_2/XLXI_29" (BUF) removed.
Loadless block "XLXI_53/XLXI_7/XLXI_1/XLXI_2/XLXI_30" (BUF) removed.
Loadless block "XLXI_53/XLXI_7/XLXI_1/XLXI_3/XLXI_27" (BUF) removed.
Loadless block "XLXI_53/XLXI_7/XLXI_1/XLXI_3/XLXI_28" (BUF) removed.
Loadless block "XLXI_53/XLXI_7/XLXI_1/XLXI_3/XLXI_29" (BUF) removed.
Loadless block "XLXI_53/XLXI_7/XLXI_1/XLXI_3/XLXI_30" (BUF) removed.
Loadless block "XLXI_53/XLXI_8/XLXI_1/XLXI_1/XLXI_27" (BUF) removed.
Loadless block "XLXI_53/XLXI_8/XLXI_1/XLXI_1/XLXI_28" (BUF) removed.
Loadless block "XLXI_53/XLXI_8/XLXI_1/XLXI_1/XLXI_29" (BUF) removed.
Loadless block "XLXI_53/XLXI_8/XLXI_1/XLXI_1/XLXI_30" (BUF) removed.
Loadless block "XLXI_53/XLXI_8/XLXI_1/XLXI_2/XLXI_27" (BUF) removed.
Loadless block "XLXI_53/XLXI_8/XLXI_1/XLXI_2/XLXI_28" (BUF) removed.
Loadless block "XLXI_53/XLXI_8/XLXI_1/XLXI_2/XLXI_29" (BUF) removed.
Loadless block "XLXI_53/XLXI_8/XLXI_1/XLXI_2/XLXI_30" (BUF) removed.
Loadless block "XLXI_53/XLXI_8/XLXI_1/XLXI_3/XLXI_27" (BUF) removed.
Loadless block "XLXI_53/XLXI_8/XLXI_1/XLXI_3/XLXI_28" (BUF) removed.
Loadless block "XLXI_53/XLXI_8/XLXI_1/XLXI_3/XLXI_29" (BUF) removed.
Loadless block "XLXI_53/XLXI_8/XLXI_1/XLXI_3/XLXI_30" (BUF) removed.
Loadless block "XLXI_53/XLXI_8/XLXI_2/XLXI_27" (BUF) removed.
Loadless block "XLXI_53/XLXI_8/XLXI_2/XLXI_28" (BUF) removed.
Loadless block "XLXI_53/XLXI_8/XLXI_2/XLXI_29" (BUF) removed.
Loadless block "XLXI_53/XLXI_8/XLXI_2/XLXI_30" (BUF) removed.
Loadless block "XLXI_53/XLXI_9/XLXI_1/XLXI_1/XLXI_27" (BUF) removed.
Loadless block "XLXI_53/XLXI_9/XLXI_1/XLXI_1/XLXI_28" (BUF) removed.
Loadless block "XLXI_53/XLXI_9/XLXI_1/XLXI_1/XLXI_29" (BUF) removed.
Loadless block "XLXI_53/XLXI_9/XLXI_1/XLXI_1/XLXI_30" (BUF) removed.
Loadless block "XLXI_53/XLXI_9/XLXI_1/XLXI_2/XLXI_27" (BUF) removed.
Loadless block "XLXI_53/XLXI_9/XLXI_1/XLXI_2/XLXI_28" (BUF) removed.
Loadless block "XLXI_53/XLXI_9/XLXI_1/XLXI_2/XLXI_29" (BUF) removed.
Loadless block "XLXI_53/XLXI_9/XLXI_1/XLXI_2/XLXI_30" (BUF) removed.
Loadless block "XLXI_53/XLXI_9/XLXI_1/XLXI_3/XLXI_27" (BUF) removed.
Loadless block "XLXI_53/XLXI_9/XLXI_1/XLXI_3/XLXI_28" (BUF) removed.
Loadless block "XLXI_53/XLXI_9/XLXI_1/XLXI_3/XLXI_29" (BUF) removed.
Loadless block "XLXI_53/XLXI_9/XLXI_1/XLXI_3/XLXI_30" (BUF) removed.
Loadless block "XLXI_53/XLXI_9/XLXI_2/XLXI_1/XLXI_27" (BUF) removed.
Loadless block "XLXI_53/XLXI_9/XLXI_2/XLXI_1/XLXI_28" (BUF) removed.
Loadless block "XLXI_53/XLXI_9/XLXI_2/XLXI_1/XLXI_29" (BUF) removed.
Loadless block "XLXI_53/XLXI_9/XLXI_2/XLXI_1/XLXI_30" (BUF) removed.
Loadless block "XLXI_53/XLXI_9/XLXI_2/XLXI_2/XLXI_27" (BUF) removed.
Loadless block "XLXI_53/XLXI_9/XLXI_2/XLXI_2/XLXI_28" (BUF) removed.
Loadless block "XLXI_53/XLXI_9/XLXI_2/XLXI_2/XLXI_29" (BUF) removed.
Loadless block "XLXI_53/XLXI_9/XLXI_2/XLXI_2/XLXI_30" (BUF) removed.
Loadless block "XLXI_53/XLXI_9/XLXI_2/XLXI_3/XLXI_27" (BUF) removed.
Loadless block "XLXI_53/XLXI_9/XLXI_2/XLXI_3/XLXI_28" (BUF) removed.
Loadless block "XLXI_53/XLXI_9/XLXI_2/XLXI_3/XLXI_29" (BUF) removed.
Loadless block "XLXI_53/XLXI_9/XLXI_2/XLXI_3/XLXI_30" (BUF) removed.
Loadless block "XLXI_55/XLXI_1/XLXI_1/XLXI_27" (BUF) removed.
Loadless block "XLXI_55/XLXI_1/XLXI_1/XLXI_28" (BUF) removed.
Loadless block "XLXI_55/XLXI_1/XLXI_1/XLXI_29" (BUF) removed.
Loadless block "XLXI_55/XLXI_1/XLXI_1/XLXI_30" (BUF) removed.
Loadless block "XLXI_55/XLXI_1/XLXI_2/XLXI_27" (BUF) removed.
Loadless block "XLXI_55/XLXI_1/XLXI_2/XLXI_28" (BUF) removed.
Loadless block "XLXI_55/XLXI_1/XLXI_2/XLXI_29" (BUF) removed.
Loadless block "XLXI_55/XLXI_1/XLXI_2/XLXI_30" (BUF) removed.
Loadless block "XLXI_55/XLXI_1/XLXI_3/XLXI_27" (BUF) removed.
Loadless block "XLXI_55/XLXI_1/XLXI_3/XLXI_28" (BUF) removed.
Loadless block "XLXI_55/XLXI_1/XLXI_3/XLXI_29" (BUF) removed.
Loadless block "XLXI_55/XLXI_1/XLXI_3/XLXI_30" (BUF) removed.
Loadless block "XLXI_55/XLXI_5/XLXI_27" (BUF) removed.
Loadless block "XLXI_55/XLXI_5/XLXI_28" (BUF) removed.
Loadless block "XLXI_55/XLXI_5/XLXI_29" (BUF) removed.
Loadless block "XLXI_55/XLXI_5/XLXI_30" (BUF) removed.
Loadless block "XLXI_55/XLXI_6/XLXI_27" (BUF) removed.
Loadless block "XLXI_55/XLXI_6/XLXI_28" (BUF) removed.
Loadless block "XLXI_55/XLXI_6/XLXI_29" (BUF) removed.
Loadless block "XLXI_55/XLXI_6/XLXI_30" (BUF) removed.

The trimmed logic reported below is either:
   1. part of a cycle
   2. part of disabled logic
   3. a side-effect of other trimmed logic

The signal "N0" is unused and has been removed.

Optimized Block(s):
TYPE 		BLOCK
VCC 		XLXI_55/XLXI_5/XLXI_11
GND 		XST_GND

To enable printing of redundant blocks removed and signals merged, set the
detailed map report option and rerun map.

Section 6 - IOB Properties
--------------------------

+---------------------------------------------------------------------------------------------------------------------------------------------------------+
| IOB Name                           | Type             | Direction | IO Standard          | Diff  | Drive    | Slew | Reg (s)      | Resistor | IOB      |
|                                    |                  |           |                      | Term  | Strength | Rate |              |          | Delay    |
+---------------------------------------------------------------------------------------------------------------------------------------------------------+
| OSC                                | IOB              | INPUT     | LVCMOS25             |       |          |      |              |          |          |
| a_P41                              | IOB              | OUTPUT    | LVCMOS25             |       | 12       | SLOW |              |          |          |
| b_P40                              | IOB              | OUTPUT    | LVCMOS25             |       | 12       | SLOW |              |          |          |
| button                             | IOB              | INPUT     | LVCMOS25             |       |          |      |              |          |          |
| buzzer                             | IOB              | OUTPUT    | LVCMOS25             |       | 12       | SLOW |              |          |          |
| c_P35                              | IOB              | OUTPUT    | LVCMOS25             |       | 12       | SLOW |              |          |          |
| common0                            | IOB              | OUTPUT    | LVCMOS25             |       | 12       | SLOW |              |          |          |
| common1                            | IOB              | OUTPUT    | LVCMOS25             |       | 12       | SLOW |              |          |          |
| common2                            | IOB              | OUTPUT    | LVCMOS25             |       | 12       | SLOW |              |          |          |
| common3                            | IOB              | OUTPUT    | LVCMOS25             |       | 12       | SLOW |              |          |          |
| d_P34                              | IOB              | OUTPUT    | LVCMOS25             |       | 12       | SLOW |              |          |          |
| e_P32                              | IOB              | OUTPUT    | LVCMOS25             |       | 12       | SLOW |              |          |          |
| f_P29                              | IOB              | OUTPUT    | LVCMOS25             |       | 12       | SLOW |              |          |          |
| g_P27                              | IOB              | OUTPUT    | LVCMOS25             |       | 12       | SLOW |              |          |          |
+---------------------------------------------------------------------------------------------------------------------------------------------------------+

Section 7 - RPMs
----------------

Section 8 - Guide Report
------------------------
Guide not run on this design.

Section 9 - Area Group and Partition Summary
--------------------------------------------

Partition Implementation Status
-------------------------------

  No Partitions were found in this design.

-------------------------------

Area Group Information
----------------------

  No area groups were found in this design.

----------------------

Section 10 - Timing Report
--------------------------
A logic-level (pre-route) timing report can be generated by using Xilinx static
timing analysis tools, Timing Analyzer (GUI) or TRCE (command line), with the
mapped NCD and PCF files. Please note that this timing report will be generated
using estimated delay information. For accurate numbers, please generate a
timing report with the post Place and Route NCD file.

For more information about the Timing Analyzer, consult the Xilinx Timing
Analyzer Reference Manual; for more information about TRCE, consult the Xilinx
Command Line Tools User Guide "TRACE" chapter.

Section 11 - Configuration String Details
-----------------------------------------
Use the "-detail" map option to print out Configuration Strings

Section 12 - Control Set Information
------------------------------------
Use the "-detail" map option to print out Control Set Information.

Section 13 - Utilization by Hierarchy
-------------------------------------
Use the "-detail" map option to print out the Utilization by Hierarchy section.
