Release 14.7 - xst P.20131013 (nt64)
Copyright (c) 1995-2013 Xilinx, Inc.  All rights reserved.
--> Parameter TMPDIR set to xst/projnav.tmp


Total REAL time to Xst completion: 0.00 secs
Total CPU time to Xst completion: 0.06 secs
 
--> Parameter xsthdpdir set to xst


Total REAL time to Xst completion: 0.00 secs
Total CPU time to Xst completion: 0.06 secs
 
--> Reading design: Lab6.prj

TABLE OF CONTENTS
  1) Synthesis Options Summary
  2) HDL Parsing
  3) HDL Elaboration
  4) HDL Synthesis
       4.1) HDL Synthesis Report
  5) Advanced HDL Synthesis
       5.1) Advanced HDL Synthesis Report
  6) Low Level Synthesis
  7) Partition Report
  8) Design Summary
       8.1) Primitive and Black Box Usage
       8.2) Device utilization summary
       8.3) Partition Resource Summary
       8.4) Timing Report
            8.4.1) Clock Information
            8.4.2) Asynchronous Control Signals Information
            8.4.3) Timing Summary
            8.4.4) Timing Details
            8.4.5) Cross Clock Domains Report


=========================================================================
*                      Synthesis Options Summary                        *
=========================================================================
---- Source Parameters
Input File Name                    : "Lab6.prj"
Ignore Synthesis Constraint File   : NO

---- Target Parameters
Output File Name                   : "Lab6"
Output Format                      : NGC
Target Device                      : xc6slx9-3-tqg144

---- Source Options
Top Module Name                    : Lab6
Automatic FSM Extraction           : YES
FSM Encoding Algorithm             : Auto
Safe Implementation                : No
FSM Style                          : LUT
RAM Extraction                     : Yes
RAM Style                          : Auto
ROM Extraction                     : Yes
Shift Register Extraction          : YES
ROM Style                          : Auto
Resource Sharing                   : YES
Asynchronous To Synchronous        : NO
Shift Register Minimum Size        : 2
Use DSP Block                      : Auto
Automatic Register Balancing       : No

---- Target Options
LUT Combining                      : Auto
Reduce Control Sets                : Auto
Add IO Buffers                     : YES
Global Maximum Fanout              : 100000
Add Generic Clock Buffer(BUFG)     : 16
Register Duplication               : YES
Optimize Instantiated Primitives   : NO
Use Clock Enable                   : Auto
Use Synchronous Set                : Auto
Use Synchronous Reset              : Auto
Pack IO Registers into IOBs        : Auto
Equivalent register Removal        : YES

---- General Options
Optimization Goal                  : Speed
Optimization Effort                : 1
Power Reduction                    : NO
Keep Hierarchy                     : No
Netlist Hierarchy                  : As_Optimized
RTL Output                         : Yes
Global Optimization                : AllClockNets
Read Cores                         : YES
Write Timing Constraints           : NO
Cross Clock Analysis               : NO
Hierarchy Separator                : /
Bus Delimiter                      : <>
Case Specifier                     : Maintain
Slice Utilization Ratio            : 100
BRAM Utilization Ratio             : 100
DSP48 Utilization Ratio            : 100
Auto BRAM Packing                  : NO
Slice Utilization Ratio Delta      : 5

=========================================================================


=========================================================================
*                          HDL Parsing                                  *
=========================================================================
Analyzing Verilog file "C:\Users\Chaks\Desktop\Lab6\Lab6\Mux2_1_4.vf" into library work
Parsing module <Mux2_1_4>.
Analyzing Verilog file "C:\Users\Chaks\Desktop\Lab6\Lab6\mod10.vf" into library work
Parsing module <FJKC_HXILINX_mod10>.
Parsing module <mod10>.
Analyzing Verilog file "C:\Users\Chaks\Desktop\Lab6\Lab6\decoder.vf" into library work
Parsing module <decoder>.
Analyzing Verilog file "C:\Users\Chaks\Desktop\Lab6\Lab6\counter0_9.vf" into library work
Parsing module <FJKC_HXILINX_counter0_9>.
Parsing module <counter0_9>.
Analyzing Verilog file "C:\Users\Chaks\Desktop\Lab6\Lab6\shuffle.vf" into library work
Parsing module <shuffle>.
Analyzing Verilog file "C:\Users\Chaks\Desktop\Lab6\Lab6\Div100k.vf" into library work
Parsing module <FJKC_HXILINX_Div100k>.
Parsing module <mod10_MUSER_Div100k>.
Parsing module <Div100k>.
Analyzing Verilog file "C:\Users\Chaks\Desktop\Lab6\Lab6\Display.vf" into library work
Parsing module <FJKC_HXILINX_Display>.
Parsing module <decoder_MUSER_Display>.
Parsing module <Mux2_1_4_MUSER_Display>.
Parsing module <Display>.
Analyzing Verilog file "C:\Users\Chaks\Desktop\Lab6\Lab6\Counter00_99.vf" into library work
Parsing module <FJKC_HXILINX_Counter00_99>.
Parsing module <counter0_9_MUSER_Counter00_99>.
Parsing module <Counter00_99>.
Analyzing Verilog file "C:\Users\Chaks\Desktop\Lab6\Lab6\Lab6.vf" into library work
Parsing module <COMP4_HXILINX_Lab6>.
Parsing module <FJKC_HXILINX_Lab6>.
Parsing module <shuffle_MUSER_Lab6>.
Parsing module <decoder_MUSER_Lab6>.
Parsing module <Mux2_1_4_MUSER_Lab6>.
Parsing module <Display_MUSER_Lab6>.
Parsing module <counter0_9_MUSER_Lab6>.
Parsing module <Counter00_99_MUSER_Lab6>.
Parsing module <mod10_MUSER_Lab6>.
Parsing module <Div100k_MUSER_Lab6>.
Parsing module <Lab6>.

=========================================================================
*                            HDL Elaboration                            *
=========================================================================

Elaborating module <Lab6>.

Elaborating module <Div100k_MUSER_Lab6>.

Elaborating module <mod10_MUSER_Lab6>.

Elaborating module <FJKC_HXILINX_Lab6>.

Elaborating module <VCC>.

Elaborating module <GND>.

Elaborating module <AND2B1>.

Elaborating module <AND2>.

Elaborating module <AND3>.

Elaborating module <NOR4>.

Elaborating module <Counter00_99_MUSER_Lab6>.

Elaborating module <counter0_9_MUSER_Lab6>.

Elaborating module <OR2>.

Elaborating module <INV>.

Elaborating module <COMP4_HXILINX_Lab6>.

Elaborating module <Display_MUSER_Lab6>.

Elaborating module <Mux2_1_4_MUSER_Lab6>.

Elaborating module <decoder_MUSER_Lab6>.

Elaborating module <NAND2>.

Elaborating module <OR4>.

Elaborating module <OR3>.

Elaborating module <OR5>.

Elaborating module <BUF>.

Elaborating module <shuffle_MUSER_Lab6>.

Elaborating module <AND3B2>.

Elaborating module <AND4B2>.

Elaborating module <AND4B3>.

Elaborating module <AND4B1>.

=========================================================================
*                           HDL Synthesis                               *
=========================================================================

Synthesizing Unit <Lab6>.
    Related source file is "C:\Users\Chaks\Desktop\Lab6\Lab6\Lab6.vf".
    Set property "HU_SET = XLXI_2_9" for instance <XLXI_2>.
    Set property "HU_SET = XLXI_7_10" for instance <XLXI_7>.
    Summary:
	no macro.
Unit <Lab6> synthesized.

Synthesizing Unit <Div100k_MUSER_Lab6>.
    Related source file is "C:\Users\Chaks\Desktop\Lab6\Lab6\Lab6.vf".
    Summary:
	no macro.
Unit <Div100k_MUSER_Lab6> synthesized.

Synthesizing Unit <mod10_MUSER_Lab6>.
    Related source file is "C:\Users\Chaks\Desktop\Lab6\Lab6\Lab6.vf".
    Set property "HU_SET = XLXI_1_5" for instance <XLXI_1>.
    Set property "HU_SET = XLXI_3_6" for instance <XLXI_3>.
    Set property "HU_SET = XLXI_4_7" for instance <XLXI_4>.
    Set property "HU_SET = XLXI_5_8" for instance <XLXI_5>.
    Summary:
	no macro.
Unit <mod10_MUSER_Lab6> synthesized.

Synthesizing Unit <FJKC_HXILINX_Lab6>.
    Related source file is "C:\Users\Chaks\Desktop\Lab6\Lab6\Lab6.vf".
        INIT = 1'b0
    Found 1-bit register for signal <Q>.
    Summary:
	inferred   1 D-type flip-flop(s).
	inferred   2 Multiplexer(s).
Unit <FJKC_HXILINX_Lab6> synthesized.

Synthesizing Unit <Counter00_99_MUSER_Lab6>.
    Related source file is "C:\Users\Chaks\Desktop\Lab6\Lab6\Lab6.vf".
INFO:Xst:3210 - "C:\Users\Chaks\Desktop\Lab6\Lab6\Lab6.vf" line 485: Output port <TC> of the instance <XLXI_3> is unconnected or connected to loadless signal.
    Summary:
	no macro.
Unit <Counter00_99_MUSER_Lab6> synthesized.

Synthesizing Unit <counter0_9_MUSER_Lab6>.
    Related source file is "C:\Users\Chaks\Desktop\Lab6\Lab6\Lab6.vf".
    Set property "HU_SET = XLXI_1_1" for instance <XLXI_1>.
    Set property "HU_SET = XLXI_4_2" for instance <XLXI_4>.
    Set property "HU_SET = XLXI_5_3" for instance <XLXI_5>.
    Set property "HU_SET = XLXI_9_4" for instance <XLXI_9>.
    Summary:
	no macro.
Unit <counter0_9_MUSER_Lab6> synthesized.

Synthesizing Unit <COMP4_HXILINX_Lab6>.
    Related source file is "C:\Users\Chaks\Desktop\Lab6\Lab6\Lab6.vf".
    Found 1-bit comparator equal for signal <A0_B0_equal_1_o> created at line 37
    Found 1-bit comparator equal for signal <A1_B1_equal_2_o> created at line 37
    Found 1-bit comparator equal for signal <A2_B2_equal_3_o> created at line 37
    Found 1-bit comparator equal for signal <A3_B3_equal_4_o> created at line 37
    Summary:
	inferred   4 Comparator(s).
Unit <COMP4_HXILINX_Lab6> synthesized.

Synthesizing Unit <Display_MUSER_Lab6>.
    Related source file is "C:\Users\Chaks\Desktop\Lab6\Lab6\Lab6.vf".
    Set property "HU_SET = XLXI_31_0" for instance <XLXI_31>.
    Summary:
	no macro.
Unit <Display_MUSER_Lab6> synthesized.

Synthesizing Unit <Mux2_1_4_MUSER_Lab6>.
    Related source file is "C:\Users\Chaks\Desktop\Lab6\Lab6\Lab6.vf".
    Summary:
	no macro.
Unit <Mux2_1_4_MUSER_Lab6> synthesized.

Synthesizing Unit <decoder_MUSER_Lab6>.
    Related source file is "C:\Users\Chaks\Desktop\Lab6\Lab6\Lab6.vf".
    Summary:
	no macro.
Unit <decoder_MUSER_Lab6> synthesized.

Synthesizing Unit <shuffle_MUSER_Lab6>.
    Related source file is "C:\Users\Chaks\Desktop\Lab6\Lab6\Lab6.vf".
    Summary:
	no macro.
Unit <shuffle_MUSER_Lab6> synthesized.

=========================================================================
HDL Synthesis Report

Macro Statistics
# Registers                                            : 30
 1-bit register                                        : 30
# Comparators                                          : 4
 1-bit comparator equal                                : 4
# Multiplexers                                         : 60
 1-bit 2-to-1 multiplexer                              : 60

=========================================================================

=========================================================================
*                       Advanced HDL Synthesis                          *
=========================================================================


=========================================================================
Advanced HDL Synthesis Report

Macro Statistics
# Registers                                            : 30
 Flip-Flops                                            : 30
# Comparators                                          : 4
 1-bit comparator equal                                : 4
# Multiplexers                                         : 60
 1-bit 2-to-1 multiplexer                              : 60

=========================================================================

=========================================================================
*                         Low Level Synthesis                           *
=========================================================================

Optimizing unit <Lab6> ...

Optimizing unit <mod10_MUSER_Lab6> ...

Optimizing unit <counter0_9_MUSER_Lab6> ...

Optimizing unit <Mux2_1_4_MUSER_Lab6> ...

Optimizing unit <decoder_MUSER_Lab6> ...

Optimizing unit <shuffle_MUSER_Lab6> ...

Optimizing unit <FJKC_HXILINX_Lab6> ...

Optimizing unit <COMP4_HXILINX_Lab6> ...

Mapping all equations...
Building and optimizing final netlist ...
Found area constraint ratio of 100 (+ 5) on block Lab6, actual ratio is 0.

Final Macro Processing ...

=========================================================================
Final Register Report

Macro Statistics
# Registers                                            : 30
 Flip-Flops                                            : 30

=========================================================================

=========================================================================
*                           Partition Report                            *
=========================================================================

Partition Implementation Status
-------------------------------

  No Partitions were found in this design.

-------------------------------

=========================================================================
*                            Design Summary                             *
=========================================================================

Top Level Output File Name         : Lab6.ngc

Primitive and Black Box Usage:
------------------------------
# BELS                             : 133
#      AND2                        : 31
#      AND2B1                      : 8
#      AND3                        : 8
#      AND3B2                      : 12
#      AND4B1                      : 2
#      AND4B2                      : 4
#      AND4B3                      : 4
#      BUF                         : 1
#      GND                         : 1
#      INV                         : 13
#      LUT3                        : 21
#      LUT4                        : 1
#      LUT5                        : 1
#      OR2                         : 13
#      OR3                         : 8
#      OR4                         : 3
#      OR5                         : 1
#      VCC                         : 1
# FlipFlops/Latches                : 30
#      FDC                         : 30
# Clock Buffers                    : 1
#      BUFGP                       : 1
# IO Buffers                       : 13
#      IBUF                        : 1
#      OBUF                        : 12
# Logical                          : 8
#      NAND2                       : 3
#      NOR4                        : 5

Device utilization summary:
---------------------------

Selected Device : 6slx9tqg144-3 


Slice Logic Utilization: 
 Number of Slice Registers:              30  out of  11440     0%  
 Number of Slice LUTs:                   36  out of   5720     0%  
    Number used as Logic:                36  out of   5720     0%  

Slice Logic Distribution: 
 Number of LUT Flip Flop pairs used:     66
   Number with an unused Flip Flop:      36  out of     66    54%  
   Number with an unused LUT:            30  out of     66    45%  
   Number of fully used LUT-FF pairs:     0  out of     66     0%  
   Number of unique control sets:        30

IO Utilization: 
 Number of IOs:                          14
 Number of bonded IOBs:                  14  out of    102    13%  

Specific Feature Utilization:
 Number of BUFG/BUFGCTRLs:                1  out of     16     6%  

---------------------------
Partition Resource Summary:
---------------------------

  No Partitions were found in this design.

---------------------------


=========================================================================
Timing Report

NOTE: THESE TIMING NUMBERS ARE ONLY A SYNTHESIS ESTIMATE.
      FOR ACCURATE TIMING INFORMATION PLEASE REFER TO THE TRACE REPORT
      GENERATED AFTER PLACE-and-ROUTE.

Clock Information:
------------------
----------------------------------------------+--------------------------------+-------+
Clock Signal                                  | Clock buffer(FF name)          | Load  |
----------------------------------------------+--------------------------------+-------+
OSC_P123                                      | BUFGP                          | 4     |
XLXI_1/XLXN_1(XLXI_1/XLXI_1/XLXI_41:O)        | NONE(*)(XLXI_1/XLXI_2/XLXI_5/Q)| 4     |
XLXI_1/XLXN_2(XLXI_1/XLXI_2/XLXI_41:O)        | NONE(*)(XLXI_1/XLXI_3/XLXI_5/Q)| 4     |
XLXI_1/XLXN_3(XLXI_1/XLXI_3/XLXI_41:O)        | NONE(*)(XLXI_1/XLXI_4/XLXI_5/Q)| 4     |
XLXI_1/XLXN_4(XLXI_1/XLXI_4/XLXI_41:O)        | NONE(*)(XLXI_1/XLXI_5/XLXI_5/Q)| 4     |
XLXN_5(XLXI_1/XLXI_5/XLXI_41:O)               | NONE(*)(XLXI_11/XLXI_31/Q)     | 2     |
XLXI_5/XLXI_2/XLXN_93(XLXI_5/XLXI_2/XLXI_55:O)| NONE(*)(XLXI_5/XLXI_3/XLXI_1/Q)| 4     |
XLXI_5/XLXN_3(XLXI_5/XLXI_8:O)                | NONE(*)(XLXI_5/XLXI_2/XLXI_1/Q)| 4     |
----------------------------------------------+--------------------------------+-------+
(*) These 7 clock signal(s) are generated by combinatorial logic,
and XST is not able to identify which are the primary clock signals.
Please use the CLOCK_SIGNAL constraint to specify the clock signal(s) generated by combinatorial logic.
INFO:Xst:2169 - HDL ADVISOR - Some clock signals were not automatically buffered by XST with BUFG/BUFR resources. Please use the buffer_type constraint in order to insert these buffers to the clock signals to help prevent skew problems.

Asynchronous Control Signals Information:
----------------------------------------
No asynchronous control signals found in this design

Timing Summary:
---------------
Speed Grade: -3

   Minimum period: 3.022ns (Maximum Frequency: 330.890MHz)
   Minimum input arrival time before clock: No path found
   Maximum output required time after clock: 12.479ns
   Maximum combinational path delay: 5.556ns

Timing Details:
---------------
All values displayed in nanoseconds (ns)

=========================================================================
Timing constraint: Default period analysis for Clock 'OSC_P123'
  Clock period: 2.814ns (frequency: 355.379MHz)
  Total number of paths / destination ports: 15 / 4
-------------------------------------------------------------------------
Delay:               2.814ns (Levels of Logic = 3)
  Source:            XLXI_1/XLXI_1/XLXI_1/Q (FF)
  Destination:       XLXI_1/XLXI_1/XLXI_4/Q (FF)
  Source Clock:      OSC_P123 rising
  Destination Clock: OSC_P123 rising

  Data Path: XLXI_1/XLXI_1/XLXI_1/Q to XLXI_1/XLXI_1/XLXI_4/Q
                                Gate     Net
    Cell:in->out      fanout   Delay   Delay  Logical Name (Net Name)
    ----------------------------------------  ------------
     FDC:C->Q              7   0.447   1.118  Q (Q)
     end scope: 'XLXI_1/XLXI_1/XLXI_1:Q'
     AND2:I1->O            2   0.223   0.721  XLXI_1/XLXI_1/XLXI_38 (XLXI_1/XLXI_1/XLXN_63)
     begin scope: 'XLXI_1/XLXI_1/XLXI_4:K'
     LUT3:I1->O            1   0.203   0.000  Q_rstpot (Q_rstpot)
     FDC:D                     0.102          Q
    ----------------------------------------
    Total                      2.814ns (0.975ns logic, 1.839ns route)
                                       (34.6% logic, 65.4% route)

=========================================================================
Timing constraint: Default period analysis for Clock 'XLXI_1/XLXN_1'
  Clock period: 2.814ns (frequency: 355.379MHz)
  Total number of paths / destination ports: 15 / 4
-------------------------------------------------------------------------
Delay:               2.814ns (Levels of Logic = 3)
  Source:            XLXI_1/XLXI_2/XLXI_1/Q (FF)
  Destination:       XLXI_1/XLXI_2/XLXI_4/Q (FF)
  Source Clock:      XLXI_1/XLXN_1 rising
  Destination Clock: XLXI_1/XLXN_1 rising

  Data Path: XLXI_1/XLXI_2/XLXI_1/Q to XLXI_1/XLXI_2/XLXI_4/Q
                                Gate     Net
    Cell:in->out      fanout   Delay   Delay  Logical Name (Net Name)
    ----------------------------------------  ------------
     FDC:C->Q              7   0.447   1.118  Q (Q)
     end scope: 'XLXI_1/XLXI_2/XLXI_1:Q'
     AND2:I1->O            2   0.223   0.721  XLXI_1/XLXI_2/XLXI_38 (XLXI_1/XLXI_2/XLXN_63)
     begin scope: 'XLXI_1/XLXI_2/XLXI_4:K'
     LUT3:I1->O            1   0.203   0.000  Q_rstpot (Q_rstpot)
     FDC:D                     0.102          Q
    ----------------------------------------
    Total                      2.814ns (0.975ns logic, 1.839ns route)
                                       (34.6% logic, 65.4% route)

=========================================================================
Timing constraint: Default period analysis for Clock 'XLXI_1/XLXN_2'
  Clock period: 2.814ns (frequency: 355.379MHz)
  Total number of paths / destination ports: 15 / 4
-------------------------------------------------------------------------
Delay:               2.814ns (Levels of Logic = 3)
  Source:            XLXI_1/XLXI_3/XLXI_1/Q (FF)
  Destination:       XLXI_1/XLXI_3/XLXI_4/Q (FF)
  Source Clock:      XLXI_1/XLXN_2 rising
  Destination Clock: XLXI_1/XLXN_2 rising

  Data Path: XLXI_1/XLXI_3/XLXI_1/Q to XLXI_1/XLXI_3/XLXI_4/Q
                                Gate     Net
    Cell:in->out      fanout   Delay   Delay  Logical Name (Net Name)
    ----------------------------------------  ------------
     FDC:C->Q              7   0.447   1.118  Q (Q)
     end scope: 'XLXI_1/XLXI_3/XLXI_1:Q'
     AND2:I1->O            2   0.223   0.721  XLXI_1/XLXI_3/XLXI_38 (XLXI_1/XLXI_3/XLXN_63)
     begin scope: 'XLXI_1/XLXI_3/XLXI_4:K'
     LUT3:I1->O            1   0.203   0.000  Q_rstpot (Q_rstpot)
     FDC:D                     0.102          Q
    ----------------------------------------
    Total                      2.814ns (0.975ns logic, 1.839ns route)
                                       (34.6% logic, 65.4% route)

=========================================================================
Timing constraint: Default period analysis for Clock 'XLXI_1/XLXN_3'
  Clock period: 2.814ns (frequency: 355.379MHz)
  Total number of paths / destination ports: 15 / 4
-------------------------------------------------------------------------
Delay:               2.814ns (Levels of Logic = 3)
  Source:            XLXI_1/XLXI_4/XLXI_1/Q (FF)
  Destination:       XLXI_1/XLXI_4/XLXI_4/Q (FF)
  Source Clock:      XLXI_1/XLXN_3 rising
  Destination Clock: XLXI_1/XLXN_3 rising

  Data Path: XLXI_1/XLXI_4/XLXI_1/Q to XLXI_1/XLXI_4/XLXI_4/Q
                                Gate     Net
    Cell:in->out      fanout   Delay   Delay  Logical Name (Net Name)
    ----------------------------------------  ------------
     FDC:C->Q              7   0.447   1.118  Q (Q)
     end scope: 'XLXI_1/XLXI_4/XLXI_1:Q'
     AND2:I1->O            2   0.223   0.721  XLXI_1/XLXI_4/XLXI_38 (XLXI_1/XLXI_4/XLXN_63)
     begin scope: 'XLXI_1/XLXI_4/XLXI_4:K'
     LUT3:I1->O            1   0.203   0.000  Q_rstpot (Q_rstpot)
     FDC:D                     0.102          Q
    ----------------------------------------
    Total                      2.814ns (0.975ns logic, 1.839ns route)
                                       (34.6% logic, 65.4% route)

=========================================================================
Timing constraint: Default period analysis for Clock 'XLXI_1/XLXN_4'
  Clock period: 2.814ns (frequency: 355.379MHz)
  Total number of paths / destination ports: 15 / 4
-------------------------------------------------------------------------
Delay:               2.814ns (Levels of Logic = 3)
  Source:            XLXI_1/XLXI_5/XLXI_1/Q (FF)
  Destination:       XLXI_1/XLXI_5/XLXI_4/Q (FF)
  Source Clock:      XLXI_1/XLXN_4 rising
  Destination Clock: XLXI_1/XLXN_4 rising

  Data Path: XLXI_1/XLXI_5/XLXI_1/Q to XLXI_1/XLXI_5/XLXI_4/Q
                                Gate     Net
    Cell:in->out      fanout   Delay   Delay  Logical Name (Net Name)
    ----------------------------------------  ------------
     FDC:C->Q              7   0.447   1.118  Q (Q)
     end scope: 'XLXI_1/XLXI_5/XLXI_1:Q'
     AND2:I1->O            2   0.223   0.721  XLXI_1/XLXI_5/XLXI_38 (XLXI_1/XLXI_5/XLXN_63)
     begin scope: 'XLXI_1/XLXI_5/XLXI_4:K'
     LUT3:I1->O            1   0.203   0.000  Q_rstpot (Q_rstpot)
     FDC:D                     0.102          Q
    ----------------------------------------
    Total                      2.814ns (0.975ns logic, 1.839ns route)
                                       (34.6% logic, 65.4% route)

=========================================================================
Timing constraint: Default period analysis for Clock 'XLXN_5'
  Clock period: 2.135ns (frequency: 468.296MHz)
  Total number of paths / destination ports: 2 / 2
-------------------------------------------------------------------------
Delay:               2.135ns (Levels of Logic = 1)
  Source:            XLXI_11/XLXI_31/Q (FF)
  Destination:       XLXI_11/XLXI_31/Q (FF)
  Source Clock:      XLXN_5 rising
  Destination Clock: XLXN_5 rising

  Data Path: XLXI_11/XLXI_31/Q to XLXI_11/XLXI_31/Q
                                Gate     Net
    Cell:in->out      fanout   Delay   Delay  Logical Name (Net Name)
    ----------------------------------------  ------------
     FDC:C->Q              8   0.447   0.802  Q (Q)
     INV:I->O              1   0.206   0.579  Mmux_Q_Q_MUX_3_o11_INV_0 (Q_Q_MUX_3_o)
     FDC:D                     0.102          Q
    ----------------------------------------
    Total                      2.135ns (0.755ns logic, 1.380ns route)
                                       (35.4% logic, 64.6% route)

=========================================================================
Timing constraint: Default period analysis for Clock 'XLXI_5/XLXI_2/XLXN_93'
  Clock period: 3.022ns (frequency: 330.890MHz)
  Total number of paths / destination ports: 15 / 4
-------------------------------------------------------------------------
Delay:               3.022ns (Levels of Logic = 3)
  Source:            XLXI_5/XLXI_3/XLXI_1/Q (FF)
  Destination:       XLXI_5/XLXI_3/XLXI_5/Q (FF)
  Source Clock:      XLXI_5/XLXI_2/XLXN_93 falling
  Destination Clock: XLXI_5/XLXI_2/XLXN_93 falling

  Data Path: XLXI_5/XLXI_3/XLXI_1/Q to XLXI_5/XLXI_3/XLXI_5/Q
                                Gate     Net
    Cell:in->out      fanout   Delay   Delay  Logical Name (Net Name)
    ----------------------------------------  ------------
     FDC:C->Q             15   0.447   1.326  Q (Q)
     end scope: 'XLXI_5/XLXI_3/XLXI_1:Q'
     AND2:I1->O            2   0.223   0.721  XLXI_5/XLXI_3/XLXI_38 (XLXI_5/XLXI_3/XLXN_63)
     begin scope: 'XLXI_5/XLXI_3/XLXI_5:K'
     LUT3:I1->O            1   0.203   0.000  Q_rstpot (Q_rstpot)
     FDC:D                     0.102          Q
    ----------------------------------------
    Total                      3.022ns (0.975ns logic, 2.047ns route)
                                       (32.3% logic, 67.7% route)

=========================================================================
Timing constraint: Default period analysis for Clock 'XLXI_5/XLXN_3'
  Clock period: 3.022ns (frequency: 330.890MHz)
  Total number of paths / destination ports: 15 / 4
-------------------------------------------------------------------------
Delay:               3.022ns (Levels of Logic = 3)
  Source:            XLXI_5/XLXI_2/XLXI_1/Q (FF)
  Destination:       XLXI_5/XLXI_2/XLXI_5/Q (FF)
  Source Clock:      XLXI_5/XLXN_3 rising
  Destination Clock: XLXI_5/XLXN_3 rising

  Data Path: XLXI_5/XLXI_2/XLXI_1/Q to XLXI_5/XLXI_2/XLXI_5/Q
                                Gate     Net
    Cell:in->out      fanout   Delay   Delay  Logical Name (Net Name)
    ----------------------------------------  ------------
     FDC:C->Q             15   0.447   1.326  Q (Q)
     end scope: 'XLXI_5/XLXI_2/XLXI_1:Q'
     AND2:I1->O            2   0.223   0.721  XLXI_5/XLXI_2/XLXI_38 (XLXI_5/XLXI_2/XLXN_63)
     begin scope: 'XLXI_5/XLXI_2/XLXI_5:K'
     LUT3:I1->O            1   0.203   0.000  Q_rstpot (Q_rstpot)
     FDC:D                     0.102          Q
    ----------------------------------------
    Total                      3.022ns (0.975ns logic, 2.047ns route)
                                       (32.3% logic, 67.7% route)

=========================================================================
Timing constraint: Default OFFSET OUT AFTER for Clock 'XLXN_5'
  Total number of paths / destination ports: 128 / 9
-------------------------------------------------------------------------
Offset:              11.219ns (Levels of Logic = 8)
  Source:            XLXI_11/XLXI_31/Q (FF)
  Destination:       Segments<1> (PAD)
  Source Clock:      XLXN_5 rising

  Data Path: XLXI_11/XLXI_31/Q to Segments<1>
                                Gate     Net
    Cell:in->out      fanout   Delay   Delay  Logical Name (Net Name)
    ----------------------------------------  ------------
     FDC:C->Q              8   0.447   0.802  Q (Q)
     end scope: 'XLXI_11/XLXI_31:Q'
     INV:I->O              4   0.568   1.048  XLXI_11/XLXI_21/XLXI_16 (XLXI_11/XLXI_21/XLXN_32)
     AND2:I0->O            1   0.203   0.924  XLXI_11/XLXI_21/XLXI_1 (XLXI_11/XLXI_21/XLXN_33)
     OR2:I1->O             6   0.223   1.109  XLXI_11/XLXI_21/XLXI_17 (XLXI_11/XLXN_58<0>)
     NAND2:I0->O           9   0.203   1.174  XLXI_11/XLXI_27/XLXI_4 (XLXI_11/XLXI_27/XLXN_13)
     AND2:I1->O            1   0.223   0.827  XLXI_11/XLXI_27/XLXI_23 (XLXI_11/XLXI_27/XLXN_46)
     OR4:I2->O             1   0.320   0.579  XLXI_11/XLXI_27/XLXI_24 (Segments_5_OBUF)
     OBUF:I->O                 2.571          Segments_5_OBUF (Segments<5>)
    ----------------------------------------
    Total                     11.219ns (4.758ns logic, 6.461ns route)
                                       (42.4% logic, 57.6% route)

=========================================================================
Timing constraint: Default OFFSET OUT AFTER for Clock 'XLXI_5/XLXI_2/XLXN_93'
  Total number of paths / destination ports: 659 / 8
-------------------------------------------------------------------------
Offset:              12.479ns (Levels of Logic = 9)
  Source:            XLXI_5/XLXI_3/XLXI_1/Q (FF)
  Destination:       Segments<0> (PAD)
  Source Clock:      XLXI_5/XLXI_2/XLXN_93 falling

  Data Path: XLXI_5/XLXI_3/XLXI_1/Q to Segments<0>
                                Gate     Net
    Cell:in->out      fanout   Delay   Delay  Logical Name (Net Name)
    ----------------------------------------  ------------
     FDC:C->Q             15   0.447   1.229  Q (Q)
     end scope: 'XLXI_5/XLXI_3/XLXI_1:Q'
     AND3B2:I2->O          1   0.320   0.924  XLXI_14/XLXI_4 (XLXI_14/XLXN_16)
     OR3:I1->O             2   0.223   0.961  XLXI_14/XLXI_6 (n10<2>)
     AND2:I1->O            1   0.223   0.944  XLXI_11/XLXI_21/XLXI_7 (XLXI_11/XLXI_21/XLXN_39)
     OR2:I0->O             9   0.203   1.194  XLXI_11/XLXI_21/XLXI_19 (XLXI_11/XLXN_58<2>)
     NAND2:I0->O           6   0.203   1.109  XLXI_11/XLXI_27/XLXI_2 (XLXI_11/XLXI_27/XLXN_7)
     AND2:I0->O            1   0.203   0.944  XLXI_11/XLXI_27/XLXI_25 (XLXI_11/XLXI_27/XLXN_50)
     OR4:I0->O             1   0.203   0.579  XLXI_11/XLXI_27/XLXI_28 (Segments_6_OBUF)
     OBUF:I->O                 2.571          Segments_6_OBUF (Segments<6>)
    ----------------------------------------
    Total                     12.479ns (4.596ns logic, 7.883ns route)
                                       (36.8% logic, 63.2% route)

=========================================================================
Timing constraint: Default OFFSET OUT AFTER for Clock 'XLXI_5/XLXN_3'
  Total number of paths / destination ports: 659 / 8
-------------------------------------------------------------------------
Offset:              12.479ns (Levels of Logic = 9)
  Source:            XLXI_5/XLXI_2/XLXI_1/Q (FF)
  Destination:       Segments<0> (PAD)
  Source Clock:      XLXI_5/XLXN_3 rising

  Data Path: XLXI_5/XLXI_2/XLXI_1/Q to Segments<0>
                                Gate     Net
    Cell:in->out      fanout   Delay   Delay  Logical Name (Net Name)
    ----------------------------------------  ------------
     FDC:C->Q             15   0.447   1.229  Q (Q)
     end scope: 'XLXI_5/XLXI_2/XLXI_1:Q'
     AND3B2:I2->O          1   0.320   0.924  XLXI_13/XLXI_4 (XLXI_13/XLXN_16)
     OR3:I1->O             2   0.223   0.961  XLXI_13/XLXI_6 (n1<2>)
     AND2:I1->O            1   0.223   0.924  XLXI_11/XLXI_21/XLXI_3 (XLXI_11/XLXI_21/XLXN_35)
     OR2:I1->O             9   0.223   1.194  XLXI_11/XLXI_21/XLXI_19 (XLXI_11/XLXN_58<2>)
     NAND2:I0->O           6   0.203   1.109  XLXI_11/XLXI_27/XLXI_2 (XLXI_11/XLXI_27/XLXN_7)
     AND2:I0->O            1   0.203   0.944  XLXI_11/XLXI_27/XLXI_25 (XLXI_11/XLXI_27/XLXN_50)
     OR4:I0->O             1   0.203   0.579  XLXI_11/XLXI_27/XLXI_28 (Segments_6_OBUF)
     OBUF:I->O                 2.571          Segments_6_OBUF (Segments<6>)
    ----------------------------------------
    Total                     12.479ns (4.616ns logic, 7.863ns route)
                                       (37.0% logic, 63.0% route)

=========================================================================
Timing constraint: Default path analysis
  Total number of paths / destination ports: 1 / 1
-------------------------------------------------------------------------
Delay:               5.556ns (Levels of Logic = 3)
  Source:            PB3_P47 (PAD)
  Destination:       BZ_P83 (PAD)

  Data Path: PB3_P47 to BZ_P83
                                Gate     Net
    Cell:in->out      fanout   Delay   Delay  Logical Name (Net Name)
    ----------------------------------------  ------------
     IBUF:I->O             2   1.222   0.981  PB3_P47_IBUF (PB3_P47_IBUF)
     AND2B1:I0->O          1   0.203   0.579  XLXI_8 (BZ_P83_OBUF)
     OBUF:I->O                 2.571          BZ_P83_OBUF (BZ_P83)
    ----------------------------------------
    Total                      5.556ns (3.996ns logic, 1.560ns route)
                                       (71.9% logic, 28.1% route)

=========================================================================

Cross Clock Domains Report:
--------------------------

Clock to Setup on destination clock OSC_P123
---------------+---------+---------+---------+---------+
               | Src:Rise| Src:Fall| Src:Rise| Src:Fall|
Source Clock   |Dest:Rise|Dest:Rise|Dest:Fall|Dest:Fall|
---------------+---------+---------+---------+---------+
OSC_P123       |    2.814|         |         |         |
---------------+---------+---------+---------+---------+

Clock to Setup on destination clock XLXI_1/XLXN_1
---------------+---------+---------+---------+---------+
               | Src:Rise| Src:Fall| Src:Rise| Src:Fall|
Source Clock   |Dest:Rise|Dest:Rise|Dest:Fall|Dest:Fall|
---------------+---------+---------+---------+---------+
XLXI_1/XLXN_1  |    2.814|         |         |         |
---------------+---------+---------+---------+---------+

Clock to Setup on destination clock XLXI_1/XLXN_2
---------------+---------+---------+---------+---------+
               | Src:Rise| Src:Fall| Src:Rise| Src:Fall|
Source Clock   |Dest:Rise|Dest:Rise|Dest:Fall|Dest:Fall|
---------------+---------+---------+---------+---------+
XLXI_1/XLXN_2  |    2.814|         |         |         |
---------------+---------+---------+---------+---------+

Clock to Setup on destination clock XLXI_1/XLXN_3
---------------+---------+---------+---------+---------+
               | Src:Rise| Src:Fall| Src:Rise| Src:Fall|
Source Clock   |Dest:Rise|Dest:Rise|Dest:Fall|Dest:Fall|
---------------+---------+---------+---------+---------+
XLXI_1/XLXN_3  |    2.814|         |         |         |
---------------+---------+---------+---------+---------+

Clock to Setup on destination clock XLXI_1/XLXN_4
---------------+---------+---------+---------+---------+
               | Src:Rise| Src:Fall| Src:Rise| Src:Fall|
Source Clock   |Dest:Rise|Dest:Rise|Dest:Fall|Dest:Fall|
---------------+---------+---------+---------+---------+
XLXI_1/XLXN_4  |    2.814|         |         |         |
---------------+---------+---------+---------+---------+

Clock to Setup on destination clock XLXI_5/XLXI_2/XLXN_93
---------------------+---------+---------+---------+---------+
                     | Src:Rise| Src:Fall| Src:Rise| Src:Fall|
Source Clock         |Dest:Rise|Dest:Rise|Dest:Fall|Dest:Fall|
---------------------+---------+---------+---------+---------+
XLXI_5/XLXI_2/XLXN_93|         |         |    3.022|         |
---------------------+---------+---------+---------+---------+

Clock to Setup on destination clock XLXI_5/XLXN_3
---------------+---------+---------+---------+---------+
               | Src:Rise| Src:Fall| Src:Rise| Src:Fall|
Source Clock   |Dest:Rise|Dest:Rise|Dest:Fall|Dest:Fall|
---------------+---------+---------+---------+---------+
XLXI_5/XLXN_3  |    3.022|         |         |         |
---------------+---------+---------+---------+---------+

Clock to Setup on destination clock XLXN_5
---------------+---------+---------+---------+---------+
               | Src:Rise| Src:Fall| Src:Rise| Src:Fall|
Source Clock   |Dest:Rise|Dest:Rise|Dest:Fall|Dest:Fall|
---------------+---------+---------+---------+---------+
XLXN_5         |    2.135|         |         |         |
---------------+---------+---------+---------+---------+

=========================================================================


Total REAL time to Xst completion: 3.00 secs
Total CPU time to Xst completion: 3.03 secs
 
--> 

Total memory usage is 4488500 kilobytes

Number of errors   :    0 (   0 filtered)
Number of warnings :    0 (   0 filtered)
Number of infos    :    2 (   0 filtered)

